Visit Times in Epoch 1
[0. 0. 0. 1. 0. 0. 0. 0. 0. 0. 0. 0. 0. 0. 0. 0. 0. 0. 0. 0. 0. 0. 0. 1.
 0. 0. 0. 0. 0. 0. 0. 0. 1. 0. 1. 0. 0. 0. 0. 0. 0. 0. 0. 0. 0. 0. 0. 0.
 0. 0. 0. 0. 0. 0. 0. 0. 0. 0. 0. 0. 0. 0. 0. 0. 0. 1. 0. 0. 0. 0. 0. 0.]
Visit Times in Epoch 2
[0. 0. 0. 0. 0. 1. 0. 1. 0. 0. 0. 0. 0. 0. 0. 0. 0. 1. 0. 0. 0. 0. 0. 0.
 0. 0. 0. 0. 0. 0. 0. 0. 0. 0. 1. 0. 0. 0. 0. 0. 1. 0. 0. 0. 0. 0. 1. 0.
 0. 2. 0. 0. 0. 0. 0. 2. 0. 0. 0. 0. 0. 0. 0. 0. 1. 0. 0. 0. 0. 0. 0. 0.]
Visit Times in Epoch 3
[0. 0. 0. 0. 0. 0. 0. 0. 0. 0. 0. 0. 0. 0. 0. 0. 0. 0. 0. 0. 0. 0. 0. 1.
 0. 0. 0. 1. 1. 0. 0. 1. 0. 0. 0. 0. 0. 0. 0. 0. 0. 0. 0. 0. 1. 0. 1. 0.
 0. 1. 0. 0. 0. 0. 2. 0. 0. 0. 0. 0. 3. 0. 0. 0. 2. 0. 3. 0. 0. 0. 0. 0.]
Visit Times in Epoch 4
[0. 0. 3. 0. 0. 1. 0. 0. 0. 1. 0. 0. 0. 1. 0. 0. 0. 0. 0. 0. 0. 0. 0. 0.
 4. 0. 0. 3. 0. 0. 0. 3. 0. 0. 0. 0. 0. 0. 1. 0. 0. 0. 0. 1. 0. 0. 0. 1.
 0. 0. 0. 0. 0. 0. 0. 2. 0. 0. 1. 0. 0. 1. 0. 0. 0. 0. 1. 0. 1. 0. 0. 0.]
Visit Times in Epoch 5
[1. 0. 0. 0. 0. 0. 0. 0. 0. 0. 0. 0. 2. 1. 0. 0. 0. 0. 4. 0. 0. 0. 0. 0.
 1. 0. 0. 0. 0. 0. 0. 0. 0. 0. 0. 0. 0. 0. 0. 0. 1. 0. 0. 0. 0. 0. 0. 1.
 0. 0. 0. 4. 0. 0. 0. 0. 3. 0. 0. 4. 0. 0. 0. 0. 2. 1. 4. 2. 1. 0. 1. 0.]
Visit Times in Epoch 6
[1. 0. 0. 1. 0. 0. 0. 0. 0. 0. 0. 0. 0. 1. 0. 0. 1. 0. 0. 0. 0. 0. 0. 3.
 5. 0. 0. 0. 0. 0. 3. 0. 0. 0. 0. 1. 0. 0. 0. 0. 4. 0. 0. 0. 0. 0. 0. 0.
 0. 5. 1. 0. 0. 0. 0. 0. 0. 0. 0. 2. 1. 0. 0. 1. 1. 1. 3. 2. 0. 0. 1. 0.]
Visit Times in Epoch 7
[1. 3. 0. 1. 0. 1. 0. 1. 0. 0. 0. 0. 1. 0. 1. 1. 0. 0. 4. 0. 0. 0. 0. 0.
 0. 0. 0. 0. 0. 0. 0. 0. 3. 0. 1. 1. 0. 1. 0. 1. 2. 1. 1. 0. 0. 0. 0. 0.
 0. 1. 0. 0. 1. 0. 2. 0. 1. 0. 0. 0. 0. 0. 0. 3. 0. 0. 1. 0. 1. 2. 0. 0.]
Visit Times in Epoch 8
[0. 3. 1. 0. 1. 1. 0. 1. 0. 0. 0. 0. 1. 0. 1. 0. 0. 0. 0. 1. 4. 0. 2. 0.
 5. 0. 1. 0. 0. 1. 0. 0. 5. 0. 0. 1. 0. 0. 0. 1. 0. 0. 0. 0. 0. 0. 0. 0.
 1. 5. 0. 1. 0. 0. 1. 3. 0. 0. 0. 2. 0. 0. 5. 0. 0. 0. 5. 1. 1. 0. 0. 0.]
Visit Times in Epoch 9
[0. 1. 1. 0. 0. 1. 5. 0. 1. 1. 1. 1. 1. 0. 0. 0. 0. 0. 0. 0. 2. 0. 0. 0.
 0. 0. 1. 0. 0. 2. 0. 0. 0. 1. 1. 1. 0. 0. 1. 1. 0. 1. 0. 0. 5. 0. 0. 5.
 0. 0. 0. 5. 0. 0. 7. 0. 0. 0. 0. 0. 5. 0. 3. 1. 0. 1. 4. 0. 1. 0. 0. 0.]
Visit Times in Epoch 10
[2. 1. 0. 0. 2. 0. 0. 0. 1. 1. 2. 0. 0. 1. 4. 0. 0. 0. 0. 1. 0. 1. 0. 5.
 5. 2. 0. 0. 0. 0. 0. 0. 1. 0. 0. 0. 0. 1. 0. 0. 1. 0. 0. 1. 1. 2. 0. 4.
 2. 0. 3. 0. 0. 0. 0. 1. 1. 0. 1. 0. 0. 2. 1. 0. 0. 0. 2. 0. 0. 0. 0. 0.]
Visit Times in Epoch 11
[1. 0. 1. 1. 1. 0. 3. 0. 0. 0. 0. 0. 0. 1. 4. 0. 0. 0. 0. 0. 1. 0. 0. 6.
 1. 4. 1. 0. 1. 0. 0. 1. 4. 1. 5. 3. 0. 1. 0. 0. 1. 0. 0. 0. 0. 1. 3. 2.
 1. 1. 0. 0. 0. 0. 0. 0. 0. 1. 2. 1. 0. 3. 0. 0. 4. 0. 1. 0. 1. 1. 1. 0.]
Visit Times in Epoch 12
[4. 0. 1. 1. 0. 1. 0. 0. 0. 0. 0. 0. 0. 1. 3. 2. 1. 0. 1. 4. 0. 1. 1. 1.
 5. 4. 0. 1. 0. 0. 0. 0. 1. 1. 1. 4. 1. 0. 0. 0. 2. 0. 0. 0. 0. 0. 2. 4.
 0. 1. 5. 0. 0. 0. 1. 0. 1. 4. 3. 1. 0. 1. 1. 1. 1. 0. 5. 0. 0. 1. 0. 0.]
Visit Times in Epoch 13
[2. 2. 0. 1. 0. 4. 5. 0. 0. 0. 2. 1. 0. 6. 0. 0. 0. 0. 5. 1. 7. 1. 0. 0.
 2. 2. 0. 2. 0. 1. 0. 0. 3. 0. 0. 0. 1. 0. 0. 0. 2. 0. 1. 0. 1. 1. 0. 1.
 0. 5. 0. 0. 0. 0. 1. 0. 5. 0. 1. 0. 1. 1. 2. 1. 0. 2. 3. 0. 2. 0. 1. 0.]
Visit Times in Epoch 14
[0. 1. 2. 1. 0. 0. 0. 0. 0. 0. 0. 1. 0. 2. 1. 2. 1. 0. 1. 0. 0. 0. 1. 5.
 0. 0. 1. 0. 0. 3. 0. 2. 1. 0. 4. 1. 0. 2. 1. 1. 1. 0. 0. 1. 4. 1. 0. 0.
 2. 3. 1. 1. 1. 2. 1. 1. 4. 3. 0. 0. 1. 0. 2. 1. 0. 0. 5. 0. 2. 0. 0. 1.]
Visit Times in Epoch 15
[ 1.  4.  0.  1.  0.  4.  0.  0.  1.  0.  0.  0.  1.  1.  4.  0.  0.  0.
  0.  0.  0.  0.  4.  1.  0.  1.  0.  0.  0.  2.  1.  1.  0.  0.  0.  1.
  0.  0.  0.  1.  1.  0.  0.  1.  4.  5.  0.  1.  1.  1.  4.  4.  1.  1.
 11.  0.  0.  3.  3.  9.  1.  0.  1.  3.  3.  1.  1.  0.  1.  2.  1.  1.]
Visit Times in Epoch 16
[2. 8. 3. 2. 0. 3. 2. 1. 1. 1. 0. 0. 1. 0. 0. 1. 0. 0. 1. 3. 0. 1. 0. 2.
 1. 0. 0. 0. 0. 0. 2. 3. 2. 1. 1. 3. 1. 0. 0. 0. 1. 1. 0. 2. 7. 2. 0. 0.
 1. 7. 4. 5. 0. 0. 1. 1. 0. 0. 0. 1. 1. 0. 4. 3. 0. 1. 3. 0. 0. 1. 2. 1.]
Visit Times in Epoch 17
[ 1.  3.  2.  1.  0.  1.  2.  0.  0.  3.  4.  0.  0.  1.  3.  1.  0.  0.
  1.  0. 13.  1.  0.  0.  3.  1.  2.  1.  1.  6.  1.  4.  1.  1.  2.  0.
  1.  2.  0.  0.  2.  0.  0.  2.  3.  0.  0.  3.  0.  0.  0.  1.  0.  0.
  1.  0.  2.  0.  0.  0.  3.  1.  1.  2.  1.  2.  3.  2.  2.  4.  0.  1.]
Visit Times in Epoch 18
[2. 0. 1. 0. 2. 1. 1. 0. 0. 3. 2. 2. 0. 0. 1. 0. 1. 1. 6. 1. 1. 4. 1. 3.
 3. 0. 3. 3. 1. 5. 2. 1. 1. 1. 3. 0. 0. 2. 1. 0. 1. 0. 0. 0. 3. 1. 7. 1.
 3. 0. 2. 3. 1. 1. 1. 0. 1. 1. 1. 1. 2. 2. 0. 3. 1. 1. 5. 0. 0. 1. 3. 0.]
Visit Times in Epoch 19
[0. 3. 2. 0. 1. 2. 1. 0. 1. 1. 0. 1. 0. 1. 0. 1. 0. 2. 2. 0. 1. 1. 2. 0.
 0. 1. 0. 1. 0. 1. 2. 1. 2. 3. 1. 1. 2. 0. 2. 1. 0. 1. 1. 1. 9. 6. 1. 1.
 3. 1. 2. 8. 0. 1. 8. 0. 1. 8. 2. 4. 0. 4. 3. 0. 0. 4. 3. 1. 2. 3. 0. 0.]
Visit Times in Epoch 20
[ 0.  2.  3.  1.  0.  1.  3.  1.  0.  1.  8.  0.  0.  1.  1.  6.  0.  0.
  1.  1.  2.  2.  0.  3.  0.  2.  2.  3.  1. 15.  2.  1.  1.  0.  0.  0.
  0.  1.  4.  3.  0.  0.  0.  1.  5.  1.  1.  3.  1.  1.  3.  0.  3.  2.
  0.  1.  1.  0.  0.  2.  2.  1.  1.  1.  0.  3.  1.  1.  3.  8.  6.  0.]
Visit Times in Epoch 21
[ 1.  1.  0.  1.  1.  1.  1.  2.  0.  3.  4.  1.  2.  2.  1.  2.  1.  0.
  0.  1.  3.  3.  2.  2.  2.  0.  1.  3.  0. 14.  0.  1.  2.  0.  2.  1.
  1.  0.  3.  1.  1.  0.  0.  0.  1.  2.  0.  1.  1.  6.  0.  2.  1.  1.
  5.  1.  1.  5.  1.  2.  1.  5.  1.  3.  0.  7.  1.  0.  3.  1.  5.  0.]
Visit Times in Epoch 22
[ 2.  1.  0.  3.  1.  0.  1.  1.  1.  0.  0.  1.  2.  5.  2.  1.  1.  0.
  2.  0. 14.  1.  2.  6.  1.  1.  2.  1.  0.  1.  5.  1.  3.  3.  2.  3.
  0.  1.  1.  1.  2.  0.  1.  1.  9.  1.  2.  2.  2.  1.  4.  1.  0.  0.
  1.  2.  2.  2.  4.  1.  0.  3.  5.  2.  1.  1.  3.  0.  0.  1.  1.  1.]
Visit Times in Epoch 23
[ 3.  1.  0.  1.  0.  2. 13.  0.  2.  3.  2.  1.  2.  2.  1.  5.  0.  1.
  1.  0.  4.  1.  2.  1.  2.  2.  1.  2.  1.  1.  3.  2.  2.  0.  0.  2.
  1.  1.  1.  1.  6.  7.  0.  0.  1.  1.  0.  2.  1.  4.  0.  1. 10.  0.
  1.  3. 14.  1.  2.  2.  1.  2.  2.  2.  4.  2.  1.  2.  1.  1.  0.  1.]
Visit Times in Epoch 24
[ 1.  0.  2.  0.  0. 12.  1.  0.  0.  1.  1.  1.  1.  1.  3.  5.  0.  1.
  1.  0.  1.  1.  0.  3.  1.  1.  1.  0.  1.  9.  1.  4.  1.  1.  2.  2.
  0.  0. 17.  0.  2.  1.  3.  0.  1.  2.  1.  1.  1.  1.  1.  1.  1.  0.
  5.  1.  1.  3.  0.  2.  9.  1.  2.  2.  2.  2.  2.  1.  2.  1.  7.  4.]
Visit Times in Epoch 25
[ 2.  1.  2.  1.  0.  3. 15.  0.  0.  1.  0.  0.  2.  2.  0.  2.  1.  1.
  2.  2.  3.  1.  0.  1.  2.  1.  1.  1.  0.  2.  8.  2.  3.  5.  3.  2.
  3.  0.  2.  0.  1.  2.  0.  1.  6.  2.  2.  2.  1.  1.  8.  1.  1.  0.
  0.  2.  2.  1.  2.  5.  2.  0.  2.  1.  3.  1.  3.  0.  1.  0.  2.  1.]
Visit Times in Epoch 26
[2. 3. 6. 0. 1. 1. 2. 1. 0. 2. 1. 0. 1. 1. 2. 1. 1. 2. 4. 1. 1. 4. 2. 1.
 2. 2. 1. 2. 1. 2. 1. 2. 1. 2. 2. 3. 0. 0. 3. 1. 1. 0. 1. 0. 3. 2. 9. 2.
 3. 4. 2. 2. 0. 0. 1. 3. 1. 1. 1. 1. 2. 2. 1. 2. 8. 0. 6. 0. 2. 8. 1. 0.]
Visit Times in Epoch 27
[ 1.  2.  1.  2.  0.  2. 15.  1.  3.  2. 11.  0.  2.  3.  2.  1.  0.  0.
  1.  2.  7.  1.  0.  1.  2.  1.  4.  2.  1.  2.  1. 13.  1.  1.  1.  2.
  3.  0.  1.  0.  2.  0.  0.  1.  1.  2.  7.  1.  1.  1.  1.  1.  1.  0.
  4.  3.  1.  1.  2.  2.  1.  2.  2.  1.  2.  1.  1.  3.  1.  2.  2.  0.]
Visit Times in Epoch 28
[ 1.  1.  2.  1.  2.  5.  1.  0.  0.  0.  2.  0.  1.  2.  0.  1.  0.  0.
  1.  1.  5.  2.  1.  2.  2.  1.  1.  1.  0.  1.  0.  4.  2.  1.  2.  5.
  3.  0.  1.  1. 18.  1.  1.  3.  1.  2.  1.  1.  2.  3.  2.  1.  3.  2.
  2.  0.  1.  1.  2.  3.  1.  9. 11.  1.  3.  2.  3.  1.  1. 10. 12.  0.]
Visit Times in Epoch 29
[ 1.  1.  4.  0.  1.  2.  1.  1.  0.  1.  1.  1.  1.  1.  1.  2.  2.  1.
  2.  1.  1.  3.  2.  4.  2.  1.  6.  2.  0.  2.  2.  2.  1.  1.  2.  2.
  1.  0.  1.  0.  2.  4.  0.  1. 11.  3.  1.  7.  2.  2.  1. 17.  0.  2.
  3.  2.  5.  2.  2.  2.  5.  1.  4.  2.  1.  4.  3.  2.  1.  1.  1.  0.]
Visit Times in Epoch 30
[ 1.  1.  2.  0.  1.  5.  1.  0.  1.  1.  2.  0.  1.  1.  2.  7.  1.  1.
  4.  1.  3.  1.  1.  2.  1.  0.  2.  2.  2. 10.  3.  7.  2.  2.  0.  1.
  0.  2.  3.  2.  2.  0.  2.  1.  6.  2.  3.  1.  1.  1.  5.  3.  2.  2.
  2.  2.  1.  0.  4. 20.  2.  1.  1.  3.  1.  0.  2.  2.  2.  7. 17.  0.]
Visit Times in Epoch 31
[ 2.  1.  3.  1.  1.  2.  2.  1.  0.  1.  2.  0.  1.  1.  1.  1.  1.  1.
  6.  2.  1. 15.  1.  2.  1.  1.  1.  1.  3.  1.  1.  1.  2.  1.  1.  2.
  1.  4.  2.  1.  2.  1.  1.  2.  1.  1. 10.  1. 10.  4.  2.  1.  1.  0.
 10.  1.  1.  1.  1.  2.  2.  2.  3.  1.  2.  3.  5.  2.  2. 10.  1.  1.]
Visit Times in Epoch 32
[ 2.  1.  5.  1.  2.  1.  1.  3.  2.  1.  3.  0.  1.  2.  2.  2.  1.  0.
  1.  2. 15.  3.  9.  1.  2.  1.  2.  1.  0.  1.  3.  1.  1.  1.  1.  2.
  1.  0.  1.  0.  2.  1.  2.  2.  2.  2.  2.  1.  1.  1.  2.  2.  5.  2.
 15.  1.  2.  1.  1.  1.  2.  2. 10.  4.  3.  4.  4.  1.  1.  9.  2.  1.]
Visit Times in Epoch 33
[ 2.  1.  4.  1.  1.  4.  4.  1.  0.  4.  1.  2.  0.  1.  2.  1.  1.  2.
  1.  1.  9.  1. 15.  1.  1.  1.  1.  1.  0. 15.  1.  1.  1.  1.  1.  1.
  0.  1.  1.  1.  4.  4.  1.  0.  1.  1.  1.  2.  1.  1.  1.  3.  1.  1.
 12.  5.  2.  2.  0.  1.  2.  1.  4.  1.  2. 21.  2.  1.  8.  1.  2.  3.]
Visit Times in Epoch 34
[9. 1. 2. 2. 2. 1. 1. 2. 2. 2. 1. 3. 1. 1. 2. 1. 1. 1. 9. 2. 6. 3. 1. 1.
 3. 1. 1. 1. 1. 3. 1. 1. 3. 1. 1. 1. 1. 2. 2. 0. 8. 1. 2. 2. 2. 1. 7. 2.
 5. 2. 1. 3. 1. 1. 1. 3. 2. 2. 1. 1. 1. 2. 2. 1. 2. 1. 5. 1. 1. 9. 2. 1.]
Visit Times in Epoch 35
[ 2. 13.  1.  1.  0.  2.  3.  2.  2.  3.  1.  1.  3.  1.  1.  1.  1.  1.
  3.  1.  7.  1.  2.  1.  2.  1.  1.  1.  0.  4. 19.  1.  1.  4.  2.  2.
  3.  1.  4.  1.  1.  1.  1.  2.  1.  1.  1.  1.  1.  1. 10.  9.  0.  1.
  2.  1.  3.  1.  1.  1.  1.  2.  1.  1.  3.  1.  2.  6.  3.  2.  3.  3.]
Visit Times in Epoch 36
[ 1.  1.  5.  1.  1.  1.  1.  2.  1.  1.  1.  0.  3.  1.  2.  4.  0.  0.
  1.  4. 10.  2.  3.  1.  1.  1.  1.  1.  0. 23.  1.  1.  1.  1.  3.  1.
  1.  0.  3.  1.  1.  3.  2.  0.  1.  2.  4.  2.  4.  2.  1.  1.  5.  1.
  4.  1.  2.  3.  1.  1.  1.  4. 11.  1.  2. 10.  2.  1.  5.  3.  3.  2.]
Visit Times in Epoch 37
[ 2.  1. 11.  0.  0.  1.  1.  0.  2.  7.  3.  3.  2.  1.  5.  1.  0.  4.
  1.  1.  2.  1.  1.  5.  1.  1.  1.  4.  0.  2.  2.  1.  2.  0.  1.  1.
  0.  1.  2.  3.  1.  3.  1.  0.  5.  5.  2.  9.  1.  2.  1. 11.  1.  1.
  3.  1.  3.  4.  1.  3.  5.  2.  3.  1.  1. 12.  1.  1.  2.  1.  3.  2.]
Visit Times in Epoch 38
[ 1.  1.  2.  1.  0.  2. 20.  2.  2.  2.  9.  4.  1.  3.  2.  9.  1.  1.
  1.  5.  3.  2.  1.  7.  1.  3.  3.  1.  2.  1.  2.  2.  1.  2.  1.  1.
  0.  1.  5.  2.  2.  1.  1.  1.  9.  1.  4.  1.  1.  2.  2.  1.  3.  1.
  1.  6.  2.  1.  3.  4.  4.  1.  3.  1.  1.  5.  1.  3.  3.  5.  1.  0.]
Visit Times in Epoch 39
[ 2.  2.  4.  2.  2.  8.  3.  1.  0.  1.  2.  1.  2.  2.  2. 15.  0.  0.
  1.  2.  2.  5.  1.  4.  2.  1.  4.  3.  0.  3.  1.  9.  2.  2.  2.  1.
  0.  1.  3.  0.  3.  0.  0.  0.  4.  2.  2.  4.  1.  1.  1.  1.  1.  0.
  1.  1. 11.  1.  8.  9.  9.  2.  1.  1.  1.  3.  1.  1.  4.  9.  3.  0.]
Visit Times in Epoch 40
[ 1.  1.  1.  2.  1.  4.  1.  1.  0.  4.  1.  0.  1.  1.  3.  3.  4.  1.
  1.  2.  3.  1.  1.  3.  3.  1.  1.  1.  3.  1.  1.  2.  3.  2.  3.  1.
  2.  1.  1.  2.  5.  2.  0.  0. 21.  1.  5.  3.  1.  3.  1.  1.  1.  3.
  2.  1. 15.  1.  2. 13.  1.  4.  7.  1.  1.  3.  3.  1.  4. 16. 18.  0.]
Visit Times in Epoch 41
[ 3.  1.  6.  0.  1.  6.  1.  1.  2.  2.  1.  2.  1.  3.  1.  1.  1.  2.
  7.  1. 14.  7.  2.  3.  1.  1.  1.  1.  2.  2.  1.  2.  7.  4.  2.  2.
  2.  1.  3.  2.  5.  0.  2.  1.  2.  2.  7.  3.  9.  4.  1.  4.  2.  2.
  9.  3.  1.  1.  1.  2.  1.  3. 16.  1.  7.  2.  4.  2.  1.  5.  2.  0.]
Visit Times in Epoch 42
[ 6.  1.  9.  3.  2.  2.  1.  1.  2.  2.  1.  3.  5.  3.  2.  1.  3.  3.
  3.  2.  2.  7.  1.  1.  1.  1.  1.  2.  1.  1.  3.  1.  1.  2.  2.  2.
  1.  0.  1.  1.  1.  2.  1.  0.  8. 13.  2. 10.  1.  3.  2. 20.  1.  1.
  3.  2.  3.  8.  4.  5.  4.  4.  2.  3.  3.  7.  1.  0.  3.  3.  3.  1.]
Visit Times in Epoch 43
[ 5.  2. 14.  0.  1.  2.  2.  1.  2.  1.  2.  1.  5.  1.  5.  1.  1.  0.
  6.  1.  1. 20.  1.  6.  3.  1.  2.  1.  2.  1.  2.  2.  9.  2.  3.  1.
  2.  2.  6.  1.  2.  0.  3.  1.  5. 12.  8.  1.  8.  1.  1. 10.  1.  1.
  4.  2.  1.  6.  1.  4.  1.  2.  1.  1. 23.  1.  4.  1.  1.  6.  3.  2.]
Visit Times in Epoch 44
[ 2.  3.  3.  1.  0.  1.  3.  1.  1.  1. 22.  0.  1.  8.  2.  4.  1.  0.
  1.  6.  1.  1.  3.  2.  1.  1.  2.  1.  4.  4.  2.  4.  5.  0.  2.  2.
  2.  6.  1.  1.  4.  2.  2.  3.  3.  2.  5.  2.  3. 25.  4.  1.  3.  0.
  1.  8.  2.  0.  1.  1.  4.  4. 10.  1.  1.  4.  1.  3.  1. 13.  1.  1.]
Visit Times in Epoch 45
[ 1.  1.  1.  1.  0.  1. 16.  1.  3.  1.  2.  0.  1.  1.  2.  2.  4.  2.
  1. 13.  1.  3.  2.  1.  1.  1. 17.  2.  3.  7.  2.  3.  3.  0.  2.  3.
  1.  2. 22.  1.  1.  9.  2.  1.  1.  9.  7.  2.  1.  1.  2. 13.  1.  3.
  1.  2.  3.  2.  2.  1.  3.  1.  1.  2.  2.  1.  1.  3.  3.  3.  1.  1.]
Visit Times in Epoch 46
[ 2.  2.  3.  4.  1.  2. 12.  1.  1.  3.  3.  1.  1.  1.  2.  1.  1. 10.
  2.  2.  1.  5.  1.  5.  2.  1.  2.  2.  2.  1. 13.  9.  1.  2.  2.  3.
  3.  1.  4.  0.  2.  3.  3.  9.  3.  2.  4.  1.  8.  3.  6.  6.  1.  2.
  1.  2.  1.  1.  1.  6.  1.  3.  3.  5. 17.  2.  1.  3.  1.  2.  1.  1.]
Visit Times in Epoch 47
[ 2.  8.  3.  8.  0.  1. 23.  1.  0.  1.  1.  1.  1.  9.  1.  1.  2.  0.
  1.  1.  2.  1.  3.  3.  2.  5.  3.  1.  2.  7.  4.  2.  1.  8.  1.  1.
  1.  2. 18.  2.  1.  2.  2.  8. 18.  1.  2.  1.  1.  2.  5.  3.  4.  1.
  1.  1.  1.  2.  2.  3.  4.  3.  2.  2.  4.  1.  2.  1.  1.  1.  1.  0.]
Visit Times in Epoch 48
[ 1.  1.  2.  0.  4.  3.  4.  2.  1.  2.  3.  4.  3.  1.  2.  7.  0.  0.
  2.  5. 16.  6.  1.  3.  1.  4.  1.  1.  1. 41.  1.  1.  2.  2.  3.  6.
  0.  3.  8.  1.  4.  2.  0.  1.  1.  4.  2.  1.  1.  2.  4.  2.  3.  0.
  2.  1. 11.  2.  1.  2.  1.  3.  8.  3.  4. 21.  2.  1.  6.  1.  2.  1.]
Visit Times in Epoch 49
[ 1.  4.  1.  1.  4.  1.  6.  1.  2.  1.  1.  1.  2.  3.  4.  2.  1.  4.
  2.  2.  1.  6.  1.  3.  2.  1.  2.  2.  1.  3. 20.  3.  4.  1.  3.  3.
  1.  0.  9.  1.  4.  3.  1.  2.  9. 11.  1.  1.  4.  2.  2. 27.  4.  0.
  3.  3. 30.  1.  2.  2.  2.  1.  3.  1.  1.  1.  2.  3.  1.  2.  3.  1.]
Visit Times in Epoch 50
[10.  2.  3.  0.  2.  3.  1.  4.  2. 11.  4.  1.  1.  1.  1.  5.  2.  1.
  5.  3.  8. 16.  2.  3.  1.  1.  1.  1.  2. 10.  2.  2. 10.  1.  4.  4.
  3.  1.  3.  2.  4.  0.  1.  2.  1.  1.  7.  3. 15.  2.  2.  2.  1.  3.
 15.  3.  1.  5.  3.  1.  2.  2.  1.  3.  6.  1.  4.  1.  1. 10.  6.  0.]
Visit Times in Epoch 51
[ 1.  3.  1.  1.  0.  3.  3.  3.  1.  3.  1.  1.  1.  1.  2.  8.  2.  3.
  2.  5.  5.  1.  4.  2.  2.  1.  2.  2.  1.  4.  1.  8.  1. 16.  2.  6.
  2.  2.  2.  1.  2.  3.  1.  3.  9.  2.  4.  3.  1.  1. 11.  1.  3.  3.
  1.  2.  1.  1. 10. 19.  3.  5.  7.  1.  2.  1.  4.  3.  5. 23.  2.  0.]
Visit Times in Epoch 52
[ 5.  5.  5.  2.  4.  1.  1.  1.  3.  3.  1.  4.  7.  3.  4.  2.  0.  3.
  6.  1.  1. 13.  1.  2.  1.  1.  3.  5.  4.  2.  1.  1.  3.  1.  3.  1.
  4.  2.  4.  2.  5.  1.  3.  3.  8. 11.  8.  8.  5.  1.  2. 10.  2.  1.
 32.  3.  1.  3.  3.  2.  3.  3.  3.  1.  7.  1.  3.  0.  2.  7.  2.  2.]
Visit Times in Epoch 53
[11.  1. 11.  1.  1.  1.  1.  3.  1.  1.  5.  2.  7.  2.  4.  3.  2.  1.
  7.  2.  2. 15.  2.  4.  2.  2.  3.  3.  2.  2.  1.  1.  8.  2.  1.  2.
  1.  3.  2.  2.  4.  1.  2.  1.  1.  7. 13. 11.  7.  1.  2.  3.  0.  2.
 10.  4.  1.  7.  1.  3.  7.  1.  2.  1. 27.  1.  6.  2.  3. 12.  4.  3.]
Visit Times in Epoch 54
[ 5.  4.  1.  3.  0.  2. 27.  2.  3.  3.  1.  2.  2.  8.  1.  4.  0.  0.
  3.  2.  4.  2.  0. 12.  4.  2.  8.  1.  1.  5. 14.  1.  2.  2.  1.  1.
  3.  1.  4.  1.  1.  4.  0.  2. 22.  3.  1.  3.  1.  2.  6. 22.  5.  1.
 11.  1.  2.  3.  2.  8.  3.  1.  3.  3.  6.  5.  1.  1.  4.  2.  1.  1.]
Visit Times in Epoch 55
[ 3.  1.  2.  1.  1.  3.  1.  3.  2.  3.  1.  1.  1.  1.  2.  7.  2.  2.
  2.  1.  1.  4.  5.  3.  3.  2.  7.  4.  2.  2.  2.  5.  2.  1.  2.  2.
  3.  1. 22.  2. 25.  6.  1.  0. 22.  4.  2.  5.  2.  3.  1.  1.  0.  2.
  1.  3.  2.  1.  1.  1.  2.  8.  9.  5.  1.  8.  2.  1.  8.  9. 12.  1.]
Visit Times in Epoch 56
[ 1.  4.  7.  1.  1.  3.  3.  2.  1.  2.  2.  3.  3.  2.  5.  2.  0.  3.
  3. 13.  1.  1.  9.  5.  3.  2. 18.  8.  1.  2.  3.  4.  2.  4.  6.  2.
  0.  2.  3.  0.  4. 12.  2.  2. 10. 13.  3. 14.  2.  7.  4. 36.  9.  2.
  1.  5.  3.  4.  1.  7.  7.  3.  3.  1.  2.  4.  2.  2.  2.  3.  3.  2.]
Visit Times in Epoch 57
[ 3.  4.  0.  3.  2.  2. 29.  2.  1.  3.  1.  2.  4.  8.  4. 13.  1.  4.
  2.  1.  2.  1.  2.  3.  4.  5.  2.  2.  1.  2.  3.  0.  2.  2.  1.  1.
  2.  2.  5.  0.  2.  1.  2.  2. 30.  2.  3.  1.  2. 23. 18.  6.  3.  1.
  3.  4.  2.  2.  9. 11.  4.  2.  8.  4.  8.  2.  3.  8.  2.  2.  3.  1.]
Visit Times in Epoch 58
[ 3.  4.  0.  2.  3.  1. 28.  0.  3.  8.  0.  0.  1.  1.  6.  4.  5.  1.
  3.  0. 11.  2.  1.  0.  6.  9.  2.  5.  1. 11.  1.  2.  1.  4.  4.  3.
  2.  2.  6.  0.  2.  3.  2.  0.  1.  6.  5.  0.  3.  3.  6. 10.  2.  4.
  3.  3. 30.  3.  3.  0.  8.  1.  1.  3.  4.  0.  1.  5.  0.  1.  6.  5.]
Visit Times in Epoch 59
[ 4.  5.  3.  1.  2. 11.  2.  9.  1.  5.  5.  2.  1.  1.  1.  2.  3.  2.
  4.  3. 25.  8.  3.  1.  1.  2.  0.  1.  2. 34.  1.  1.  1.  3.  3.  6.
  5.  3.  1.  0.  4.  1.  2.  2.  2.  0.  1.  2. 20.  2.  1.  2.  6.  2.
 30.  1.  3.  2.  8.  1.  0.  6.  1.  1.  2.  4.  7.  1.  8.  8.  2.  1.]
Visit Times in Epoch 60
[ 0.  1.  1.  2.  0.  3.  3.  1.  2.  3.  3.  6.  2. 15.  1.  4.  3.  1.
  2. 18. 12.  2.  1.  2.  3.  1. 10.  2.  5.  3.  2.  5.  1.  3.  1.  1.
  1.  5.  1.  2. 22.  3.  2.  4.  6.  1.  2.  6.  2. 24.  3.  1.  3.  0.
  3.  2.  2.  1.  1. 11.  2.  8.  4.  7.  3.  8.  4.  2.  3.  7.  5.  2.]
Visit Times in Epoch 61
[ 0.  3.  2.  1.  0.  4. 14.  4.  2.  9.  2.  2.  1.  1.  5.  6.  3.  2.
  2.  3.  6.  3. 11.  2.  1.  2. 12.  1.  2. 16.  1. 12.  1.  5.  7.  2.
  2.  2.  1.  1.  8.  3.  2.  6.  4.  5.  4.  2.  1.  1.  2.  2.  5.  1.
  2.  5.  1.  3.  2. 11.  2.  7.  7.  3.  2.  5.  4.  2.  4.  4. 36.  2.]
Visit Times in Epoch 62
[ 1.  2.  3.  3.  1.  2.  5.  4.  5.  2.  6.  1.  1.  2.  1.  7.  2.  1.
  2.  1. 14.  2.  3.  1.  3.  1.  1.  0.  2. 50.  2.  1.  5.  2.  2.  2.
  2.  1.  4.  1.  1.  1.  0.  3.  3.  1.  1.  1. 10.  1.  1.  1.  5.  1.
  2.  4.  1.  3.  2.  1.  2. 11. 25.  5.  2. 34.  1.  1.  7. 23.  4.  2.]
Visit Times in Epoch 63
[ 6.  1.  2.  2.  0.  1.  2.  6.  3.  5. 11.  1.  1.  2.  2.  7.  2.  3.
  1.  1. 31.  3.  1.  2.  3.  1.  1.  1.  4. 21.  2.  2.  1.  2.  3.  5.
  3.  2.  1.  2.  1.  4.  2.  1.  1.  5.  4.  3.  4.  1.  1.  3.  3.  0.
  4.  2.  2.  5.  3.  1.  4.  4. 22.  2.  2. 27.  1.  2. 18. 18.  1.  2.]
Visit Times in Epoch 64
[ 2.  4.  4.  2.  4.  1.  8.  1.  1.  0.  1.  2.  1.  4.  2.  2.  4.  4.
  5.  1. 12.  4.  0. 10.  1.  1.  2.  2.  4.  1. 14.  1.  0.  6.  2.  1.
  4.  3.  8.  3. 20.  7.  5.  4. 21.  1.  3.  2.  5.  2.  6. 10.  0.  3.
  5.  4.  0.  2.  6. 25.  0.  4.  4.  7.  7.  2.  2.  2.  1.  3. 14.  1.]
Visit Times in Epoch 65
[ 7.  8.  3.  4.  4.  5.  2.  4.  5.  3.  2.  2.  3.  5.  0.  1.  5.  5.
  3.  2.  2.  5.  0. 12.  2.  4.  4.  4.  3.  9.  2.  2.  6.  4.  2.  1.
  2.  2. 16.  1.  4.  2.  1.  5.  1.  2. 20.  5. 14.  5.  6.  4.  1.  1.
  9.  5.  3.  2.  3.  5.  1.  2.  3. 11. 27.  0.  3. 10.  2.  7.  1.  0.]
Visit Times in Epoch 66
[ 6.  5.  3.  6.  1.  2. 10.  2.  4.  2.  1.  1.  1.  5.  4.  1.  3.  3.
  0.  4.  7.  6.  2. 12.  1.  3.  2.  1.  1. 19. 16.  2.  1.  3.  1.  1.
  2.  3. 20.  2.  2.  6.  4.  5. 10.  3.  2.  0.  4.  3. 21.  5.  1.  0.
 12.  3.  2.  3.  2. 31.  3.  2.  3.  4. 27.  1.  3.  2.  1.  1.  4.  4.]
Visit Times in Epoch 67
[ 2.  4.  2.  3.  1.  6.  4.  2.  1.  9.  3.  1.  4.  1.  2. 10.  3.  1.
  4.  2.  3.  4.  1.  3.  1.  2.  9.  1.  3. 13.  3. 11.  3.  0.  2.  3.
  3.  4. 51.  1. 13. 10.  0.  2. 32.  1.  4.  3.  1.  2.  1.  2.  2.  5.
  2.  3.  3.  3.  2. 10.  6.  3.  1.  2.  1.  6.  2.  5. 17.  4. 25.  1.]
Visit Times in Epoch 68
[ 1.  2. 10.  3.  3.  8.  8.  2.  5. 16.  8.  3.  1.  1.  1.  3.  0.  0.
  3.  0. 33.  1.  8.  4.  2.  2.  2.  3.  2. 32.  9.  2.  3.  1.  4.  2.
  2.  4.  3.  1.  3.  4.  1.  1.  6.  0.  1.  1.  3.  4.  0.  5.  3.  1.
  2.  3.  3.  4.  4. 25.  1.  6.  4.  2.  2. 17.  1.  2. 17.  3.  3.  1.]
Visit Times in Epoch 69
[ 2.  4.  6.  5.  0.  5. 18.  1.  4.  6.  6.  1.  4.  4.  2.  5.  3.  2.
  4.  3. 34.  1.  3. 18.  3.  3.  3.  2.  3.  1.  1.  6.  2.  4.  4.  4.
  1.  1.  2.  1. 19.  3.  1.  2.  4.  3.  3.  2.  1.  2.  2.  3.  0.  5.
  2. 15.  2. 11.  3.  7.  4.  9.  8.  5.  1.  3.  1. 12.  2.  6.  6.  4.]
Visit Times in Epoch 70
[ 8.  1.  8.  2.  5. 13.  3.  5.  1.  4.  1.  4.  2.  1.  1.  1.  0.  5.
  4.  3. 26.  9.  8.  2.  1.  2.  2.  4.  3. 11.  4.  2. 11.  3.  2.  4.
  1.  2. 12.  2.  3.  4.  0.  2.  2.  4.  6.  6. 19.  2.  2.  3.  2.  1.
 20.  4.  2.  4. 10.  1.  3.  3.  3.  2.  9.  8.  6.  1.  5.  9.  1.  2.]
Visit Times in Epoch 71
[ 5.  1.  2.  5.  1. 16. 11.  3.  3. 25.  2.  1.  1.  6.  4.  7.  4.  3.
  1.  5.  6.  3.  3.  1.  4. 11.  2.  8.  4.  4.  8.  2.  5.  1.  7.  3.
  4.  2. 26.  6.  4.  8.  0.  1.  2. 11.  3.  3. 10.  3.  2. 25.  9.  2.
  7.  1. 22.  1.  2.  0.  5.  0. 10.  9.  2.  4.  0.  1.  4.  1.  1.  3.]
Visit Times in Epoch 72
[11.  1. 11.  2.  3.  9.  0.  2.  3.  3.  5.  3.  2.  3.  8.  1.  3.  2.
  6.  1.  2. 14.  3.  6.  2.  2.  4.  3.  3.  5.  5.  3.  5.  3.  5.  7.
  3.  2. 12.  4.  6.  1.  0.  2. 10. 12.  6.  9.  3.  2.  4. 14.  2.  1.
  6.  3.  8.  7.  5.  5.  5.  6.  2.  3. 11. 10.  5.  2.  3.  4.  8.  3.]
Visit Times in Epoch 73
[ 1.  1.  4.  1.  4.  5.  4.  4.  1. 29. 15.  1.  3.  4.  1. 13.  2.  0.
  1.  2. 35.  2.  7.  0.  3.  6.  3.  1.  1. 15.  2.  1.  3.  1.  3.  7.
  1.  2.  2.  0.  1.  3.  0.  3.  1.  2.  3.  4. 11.  0.  1.  2. 20.  2.
 15.  3.  1.  2.  2.  2.  3.  6. 12.  4.  4.  6.  1.  3. 16.  4.  7.  2.]
Visit Times in Epoch 74
[ 3.  2.  4.  1.  3.  1.  5.  3.  2.  6.  4.  1.  2.  3.  4.  5.  3.  1.
  2.  4. 19.  6.  3.  2.  1.  2.  1.  2.  3. 48.  3.  2.  2.  2.  6.  3.
  2.  3.  5.  9.  0.  4.  1.  0.  0.  8.  2.  1. 22.  1.  5.  3. 10.  1.
 30.  1. 11.  4.  6.  2.  2.  3. 16.  2.  4. 10.  4.  3.  3.  6.  2.  1.]
Visit Times in Epoch 75
[ 2.  2.  3.  5.  2.  3. 10.  3.  3.  4. 14.  7.  3.  3.  6.  0.  2.  2.
  2. 17. 40.  1.  1.  4.  2.  6.  6.  3.  2.  0.  4.  3.  1.  2.  1.  2.
  2.  3.  1.  0.  5.  3.  3.  1.  7.  3.  6.  1.  2. 40.  1.  2.  2.  1.
  3.  5.  1.  2.  1.  8. 13.  7. 28.  5.  4.  5.  8. 13.  2.  3.  2.  1.]
Visit Times in Epoch 76
[ 2.  3.  4.  1.  2.  2. 42.  1.  1.  6. 10.  2.  3. 12.  8.  8.  2.  1.
  3.  7.  0.  4.  5.  2.  2.  2.  6.  3.  5.  2.  6. 13.  2.  0.  2.  2.
  7.  2.  1.  4.  2.  3.  2.  0. 11.  2.  3.  5.  0. 16.  2.  4.  2.  4.
  5. 26.  1.  6.  2.  4. 13.  5. 23.  3.  5. 29.  4.  2.  1.  6.  2.  5.]
Visit Times in Epoch 77
[ 3.  7.  1.  1.  1.  5. 35. 11.  1.  2.  5.  1.  2.  4.  4. 16.  1.  0.
  3.  1. 10.  1.  3.  3.  2.  2.  3.  3.  0. 27. 24.  6.  1.  1.  2.  3.
  4.  2. 23.  3.  7.  3.  2.  1. 10.  2.  2.  4.  2.  1.  5.  5. 10.  3.
  3.  2.  7.  4.  6. 13.  6. 10.  9.  1.  1.  7.  2.  4.  8. 13.  3.  4.]
Visit Times in Epoch 78
[ 1.  6.  3.  2.  4.  4. 31.  4.  4.  1.  3.  6.  2.  2.  1.  2.  4.  1.
  4.  4.  4.  1.  1.  6.  1.  4.  5.  3.  0.  2.  2.  3.  3.  1.  5.  2.
  2.  6.  1.  3.  9.  2.  1.  0. 13.  1.  9.  2.  3. 19.  7.  1.  2.  9.
  2.  4.  3.  2.  4.  8.  9. 15.  3.  4.  4.  2.  7. 18. 11. 14.  6.  1.]
Visit Times in Epoch 79
[ 4.  1.  9.  1.  2.  1.  8.  3.  1.  2.  8.  3.  4.  8.  3.  6.  4.  4.
  9.  5. 19. 12.  3.  2.  2.  1.  4.  2.  1. 62.  3.  1.  8.  3.  2.  3.
  6.  3.  0.  3.  1.  2.  4.  3.  5.  5.  0.  4.  4.  1.  0.  2.  7.  1.
 24.  1.  0.  2.  2.  2.  5.  7. 34.  2.  4. 11.  8.  2.  9. 15.  1.  2.]
Visit Times in Epoch 80
[ 1. 10.  2.  1.  2.  1.  9.  3.  4.  3.  4.  3.  1.  4.  3.  1.  4.  3.
  2.  2.  5.  6.  2.  4.  3.  2.  6.  4.  4. 12. 19.  4.  2.  5.  6.  1.
  2.  2. 14.  0.  1.  4.  0.  7. 15.  3.  3.  0.  5.  1. 26. 24.  1.  2.
  7.  9.  3.  1.  3. 35.  3.  3.  2.  7. 23.  0.  3.  5.  4.  4.  2.  2.]
Visit Times in Epoch 81
[ 2.  0.  7.  1.  1.  2.  3.  1.  3.  2.  2.  3.  4.  2.  2.  3.  0.  3.
  1.  7. 29.  4.  1.  3.  5.  1.  3.  3.  5.  1.  7.  7.  1.  3.  6.  5.
  0.  2. 18.  0. 11.  4.  1.  5. 23. 26.  3. 15. 13.  5.  6.  9.  3.  3.
  3.  3.  7.  4.  4. 20.  2.  6.  9.  5.  5. 16.  2.  4.  7.  2.  2.  3.]
Visit Times in Epoch 82
[ 5.  1.  2.  1.  3. 11. 12.  2.  3.  4.  6.  2.  2.  2.  6.  5.  0.  3.
  3. 13. 21. 13.  3.  5.  4.  5.  2.  3.  3. 42.  7.  3.  7.  3.  6.  2.
  3.  3. 20.  6.  4.  7.  1.  3.  4. 11.  7.  1.  6.  1.  0.  2. 13.  2.
  9.  2. 10.  3.  5.  1.  7.  2. 17.  2.  3.  3.  5.  5.  2.  1.  1.  1.]
Visit Times in Epoch 83
[ 2.  1.  9.  1.  2.  1.  0.  5.  2.  2.  5.  3.  4.  2.  4.  3.  1.  4.
  3.  5.  4.  5.  0.  5.  4.  2.  8.  4.  1.  2. 11.  4.  2. 13.  2.  4.
  2.  4. 15.  2. 23.  3.  2.  0. 36. 14.  3. 21. 17. 13.  2. 34.  1.  1.
  2.  1. 11.  7.  3. 14.  5.  6.  2.  2.  2. 20.  1.  1.  4.  2.  8.  2.]
Visit Times in Epoch 84
[ 3.  1. 16.  2.  3.  2.  3.  3.  0.  4.  3.  5.  4.  5.  9.  3.  0.  3.
  3.  7.  3.  5.  5.  4.  4.  5. 11. 12.  2.  2.  5.  1.  4.  2.  8.  2.
  1.  7.  2.  8.  3.  7.  3.  2. 18. 22.  5. 17.  2. 12.  3. 45.  5.  1.
  1.  3. 24. 10.  2.  9. 18.  1.  0.  1.  3. 22.  1.  1.  5.  1.  6.  3.]
Visit Times in Epoch 85
[ 3.  1.  7.  3.  3. 12.  6.  3.  2. 19. 21.  0. 19.  2.  4. 11.  4.  2.
  2. 12.  1.  1.  6.  4.  4.  5.  5.  4.  2. 47.  2.  3.  8.  0.  4.  3.
  2.  3.  7.  6.  3.  9.  1.  6.  1.  5.  8.  3.  6. 15.  4. 17. 12.  2.
  3.  3. 17.  1.  2.  3.  9.  3. 16.  2.  7. 19.  4.  1.  1.  3.  4.  1.]
Visit Times in Epoch 86
[12.  4.  2.  2.  6.  6.  6.  2.  6.  3.  1.  1.  2.  3.  5.  8.  4.  5.
  2.  9.  2. 15.  3.  0.  5.  7. 10.  0.  4.  7.  2.  3. 29.  1.  6.  2.
  3.  3. 10.  8.  6.  7.  3.  1.  2. 16.  9.  0. 12. 24.  5. 10.  8.  3.
  1.  3. 21.  3. 11.  2.  7.  0.  9.  3. 17.  4.  6.  1.  2.  4.  5.  0.]
Visit Times in Epoch 87
[ 3.  7.  5.  4.  2.  7. 15.  5.  2.  4.  3.  4.  1.  4.  3.  2.  2.  4.
  1. 23. 12.  2.  5.  5. 13.  3. 15.  2.  3.  1. 13. 11.  1.  7.  3.  4.
  3.  1.  8.  0.  9.  7.  2.  2. 28.  6.  5.  5.  2.  9.  6. 40.  8.  1.
  3.  1. 23.  3.  3.  7. 13.  0.  2.  5.  4.  4.  3.  0.  3.  2.  2.  1.]
Visit Times in Epoch 88
[ 1.  2. 16.  3.  2.  5.  4.  5.  0.  6. 12.  2.  8.  5.  8.  7.  3.  2.
  2.  0. 30.  1. 13.  2.  2.  2.  4.  6.  4. 51.  1.  1.  1.  6.  3.  7.
  4.  2.  1.  1.  1.  9.  3.  1.  4.  4.  3. 10.  5. 15.  4. 23.  7.  2.
  8.  4.  1.  4.  4.  1.  6.  3.  3.  2.  3. 16.  2.  3. 16.  4.  4.  2.]
Visit Times in Epoch 89
[ 5.  4.  3.  4.  4.  1.  1.  3.  4. 24.  2.  4.  3.  3.  4.  5.  2.  2.
  3.  6. 61.  4. 11.  3.  2.  4.  1.  2.  1. 12.  3.  2.  6.  6.  3.  4.
  2.  2.  2.  1. 13.  3.  2.  5.  5.  1. 13.  6. 10.  2. 15.  3.  2.  4.
 19.  2.  1.  2.  6.  8.  1.  2. 29.  5.  6.  3.  7.  0.  7. 12. 26.  2.]
Visit Times in Epoch 90
[ 2.  2.  2.  2.  4.  5. 11.  3.  0.  3.  9.  8.  6.  2.  2.  4.  2.  5.
  3.  2. 44.  2. 10.  2.  3.  2.  7.  1.  2.  3.  5. 10.  4. 11.  4.  3.
  3.  5.  9.  4. 25.  6.  1.  1. 26.  3.  5. 18.  2.  4.  8.  1.  2.  4.
  3. 12.  2.  1. 10. 12.  7. 10.  3.  3.  1. 12.  4.  4. 12. 12.  4.  3.]
Visit Times in Epoch 91
[ 2.  4.  4.  4.  2.  2.  9.  4.  2.  1.  8.  3.  2.  2.  2. 12.  2.  2.
  1.  0. 46.  2.  2.  2.  2.  4.  0.  2.  3. 13. 30.  3.  3.  3.  2. 10.
  5.  7. 20.  1.  2. 10.  2.  2.  5.  0.  2.  3. 11.  4.  1.  5.  8.  1.
 26.  1.  2.  3.  4.  4.  3.  6. 16.  2.  4. 34.  1.  1. 15.  5.  0.  2.]
Visit Times in Epoch 92
[ 9.  4.  4.  4.  3.  0.  6.  1.  7.  9.  4.  1. 14.  3. 12.  9.  2.  3.
  1.  4.  2.  3.  2.  0.  8.  3. 26.  5.  5. 12.  4. 15. 11.  1.  1.  3.
  4.  4. 15.  3.  8.  4.  1.  1.  4. 46.  4.  4. 15.  3.  2.  7.  4.  3.
  3. 10. 29.  0.  1.  1.  5.  6.  8.  1.  6.  1.  3.  2.  0.  4. 23.  4.]
Visit Times in Epoch 93
[12.  0. 24.  0.  2.  2.  2.  3.  4.  4.  1.  5. 18.  2. 12.  4.  4.  4.
  5.  5.  1. 13.  1.  6.  5.  2.  4.  7.  4.  1.  4.  3.  6.  4.  4.  3.
  3.  1.  3.  4.  7.  1.  4.  2. 26. 18.  6. 33.  5.  2.  1. 38.  3.  3.
  9.  6.  8. 21.  3.  5.  6.  2.  5.  5. 18.  4.  4.  4.  3.  8. 13.  4.]
Visit Times in Epoch 94
[ 3.  4. 25.  1.  5.  3.  3.  2.  2. 17. 11.  6.  5.  2.  8.  6.  6.  7.
  3.  2.  2.  3.  4.  3.  2.  3.  3.  3.  5.  1.  7.  1.  5.  1.  5.  6.
  3.  4.  1.  3.  3.  7.  5.  1. 22. 26.  1. 26.  2.  3.  1. 38. 10.  3.
  0.  6. 10. 16.  2.  9.  5.  4.  1.  2.  7. 38.  2.  2. 12.  3.  2.  3.]
Visit Times in Epoch 95
[ 3.  4.  6.  3.  5.  4. 55.  1.  6. 10.  4.  4.  4.  6.  2.  4.  3. 10.
  4. 13.  2.  1.  2.  8.  5.  9. 13.  3.  3.  2. 19. 13.  4.  4.  1.  6.
  4.  2.  9.  7.  2.  2.  3.  3. 32.  9.  5.  5.  1.  4.  3. 37.  9.  1.
  2.  9. 16.  4.  2. 12.  1.  6.  4.  8.  5. 15.  3.  5.  4.  1.  4.  1.]
Visit Times in Epoch 96
[ 2.  2.  2.  3.  4.  3. 12.  5.  7.  7.  1.  5.  0. 21.  6.  9.  4.  1.
  4.  0.  2.  2.  5.  3. 12.  4.  3.  6.  3. 15.  4. 17. 21.  3.  3.  2.
  4.  4.  8.  4. 25.  8.  2.  3.  2. 17. 14.  2.  7. 15.  2.  5. 20.  1.
  6. 11. 23.  2.  4.  2.  3.  1. 26.  3.  4.  1.  2.  6.  1.  3.  3.  1.]
Visit Times in Epoch 97
[ 5.  5.  5.  2.  3.  2.  7.  2.  3.  2.  7.  3. 11. 11.  7.  4.  1.  5.
  4. 18.  3.  5. 10.  6.  1.  8.  7.  4.  2. 61. 30.  5.  5.  3.  6.  1.
  2.  6.  6.  5.  1.  5.  1.  1. 10.  8.  3.  3.  6. 12.  4. 28. 15.  4.
 18.  2. 12.  3.  1.  3.  6.  3. 15.  5.  5.  5.  4.  3.  2.  4.  4.  2.]
Visit Times in Epoch 98
[14.  1.  3.  4.  3.  4. 12.  7.  3.  6.  4.  3.  4. 11.  8.  7.  3.  4.
  3.  3. 12.  6.  3.  3.  6.  9.  4.  2.  3.  1.  4.  5. 15.  4.  7.  2.
  5.  1.  8.  6. 27.  4.  0.  3.  3. 12.  6.  3.  7.  3. 31.  3.  5.  3.
  4. 11.  2.  3.  7.  8. 23.  5.  7.  6.  4.  1.  6.  3.  2. 22. 20.  1.]
Visit Times in Epoch 99
[ 5.  6.  6.  7.  0.  4.  8.  5.  4. 42.  9.  9.  3.  6.  1. 12.  0.  2.
  6.  4.  7.  2.  1.  9.  3.  1.  1.  1.  2. 11. 42. 10.  6.  1.  3.  2.
  2.  1.  5.  5.  0.  3.  4.  2. 19.  1.  2.  7.  2.  4. 25.  4.  7.  1.
  6.  5.  3.  5.  3. 28.  6. 11.  6.  6.  8. 19.  1.  3.  9. 14.  1.  1.]
Visit Times in Epoch 100
[ 5.  2.  3.  6.  2.  3.  9.  3.  3.  5. 28.  4.  3. 35.  2.  5.  2.  4.
  9. 16.  0.  3.  2. 11.  2.  4. 13.  5.  3.  2. 15.  8. 11.  1.  4.  2.
  3.  6.  2.  4.  4.  3.  1.  1. 21.  4. 22.  3.  4.  9.  6.  4.  3.  2.
  2. 16.  2.  3.  7.  0. 33.  3. 36.  3.  4.  8.  2. 12.  4.  9.  4.  9.]
r_sum_mean_array
[35.68960932184366, 76.72530048353958, 135.26364822226566, 193.12980266894792, 259.47015742133743, 289.44513838263214, 262.7360357131458, 412.50123750499745, 449.63643845749687, 400.1962575599887, 498.64370516656146, 553.8452978813995, 596.7351371540558, 534.1725886860833, 707.6616456317008, 744.1264613193135, 745.6176150338642, 793.9242905571205, 837.2909500745466, 927.1574217700406, 903.6506882113104, 994.324172443486, 1142.9522933690948, 1098.3833379442142, 1059.063089321024, 1028.3791790191547, 1142.877755931849, 1264.9226434250184, 1108.0798432276265, 1363.8745776119374, 1241.304946330667, 1272.8538500723666, 1383.4167679720886, 1205.0639210244522, 1362.2239932801936, 1326.4440750287347, 1264.4627638936909, 1427.186009112314, 1538.802450653796, 1675.5781949716759, 1573.9132459627256, 1463.427289413734, 1700.1039235827907, 1787.3051002401428, 1712.543937706708, 1763.4657133704598, 1742.1809223475957, 1896.6040400584864, 1942.3389788948293, 1915.3569968885015, 2007.3506707596207, 1848.5567122160992, 2007.1785856341971, 2162.3288880723794, 2115.787395287709, 2171.9962886453422, 2335.1028831050703, 2049.6885298669654, 2288.5185308664704, 2287.0398515308934, 2460.50663497465, 2317.3286332686625, 2303.322754951533, 2300.6461121910716, 2317.7005008093815, 2551.8776020522355, 2780.2781110208766, 2450.2343716582973, 2576.5098587780303, 2542.0086348921664, 2728.869579037256, 2281.3791995681163, 2547.86266116523, 2746.6594737452583, 2831.7746855391774, 2837.2463260407985, 3068.965686446176, 2651.4067720772528, 2896.847169960123, 2870.9084412165716, 2759.929785372156, 3030.0523840767887, 2805.0003660166717, 2735.2940125614964, 3258.21736478109, 3141.057930928509, 3062.3696597309204, 3112.854463244699, 3178.0842315687896, 3297.9556071223174, 3226.174196743793, 3356.8627032333916, 2796.870260811714, 2756.493580325467, 3382.9770223410696, 3358.6697841860637, 3577.9068169209863, 3622.785290570683, 3448.288867454296, 3578.5469737304784]s_r_sum_mean_array
[50.472729538748546, 108.50596052097266, 191.2916858119915, 273.1267862328657, 366.94621565633736, 409.33724026367554, 371.56486502967266, 583.7968952993276, 637.8389858675152, 565.9629750522921, 705.1886906385222, 811.8751667766072, 866.494093426677, 752.2485661017848, 983.8480508518995, 1027.3204935345816, 1099.918652500676, 1127.5735308968779, 1250.7141885762069, 1350.9648669280227, 1357.494057539653, 1443.944980025217, 1534.4644906449244, 1501.2629810449473, 1493.7348909067528, 1524.9142324330783, 1581.8569097244633, 1735.1359528526946, 1750.1360913885803, 1886.7839889407871, 1782.7616338008359, 1897.8630864340716, 1990.2187096631724, 1748.1760057318736, 1907.5371794599155, 2005.9441395950914, 1955.1763366726418, 2079.608867545091, 2147.2423411234518, 2240.392784961716, 2375.489117353631, 2363.4460547881476, 2590.163658975026, 2523.2924559498783, 2408.611896150568, 2509.372455702072, 2556.492911562242, 2782.3095686192364, 2837.7395017365125, 2790.6176313997294, 2795.181495275879, 2886.590543707041, 3099.150788162836, 3209.6700869701176, 2986.657040502525, 3469.5070851117607, 3419.9262687943515, 2958.732106910958, 3369.1883599823263, 3181.614305959576, 3397.686351791076, 3568.203768363507, 3469.2139470647808, 3450.3146036842777, 3642.402060048318, 3830.0147241287877, 4038.8560755351937, 3813.4160139069263, 3894.399193863189, 3805.976418941938, 4088.5803019758887, 3912.4954099092397, 3976.9652551632735, 3974.954917705893, 4217.906832199125, 4325.059972867202, 4468.767657845564, 3830.943639889745, 4455.935215764896, 4368.529091861075, 4358.814886858593, 4429.56289093899, 4778.475576720701, 4838.459222217107, 4972.894979578351, 4556.461623530646, 4691.269206355823, 4667.2149174124725, 4847.225668090811, 4934.54169826947, 4838.281356107961, 4888.248312086817, 5203.2822551295885, 5070.64625056748, 5444.309647389781, 4978.40067579503, 5528.654482745788, 5343.945817138847, 5353.123151893053, 5568.606771070693]Visit Times in Epoch 101
[ 3.  2.  4.  2.  5. 11.  5.  1.  3.  4. 15.  1.  5.  3.  1.  5.  5.  3.
  9.  4.  1.  3.  5.  4.  1.  2.  2.  2.  1. 68.  4.  7.  4.  4.  2.  9.
  7.  1. 33.  2.  7.  7.  2.  4.  4.  4.  2.  4.  2.  4.  8.  1.  4.  5.
 31.  4.  2.  3.  8.  7.  2. 11. 19.  9.  1. 50.  4.  7. 24.  2. 15.  1.]
Visit Times in Epoch 102
[13.  2.  4.  2.  3.  1. 28.  0.  5. 11. 11.  3.  9. 16.  4.  6.  5.  0.
  6. 22.  4.  6.  3.  2.  4.  7.  2.  4.  3. 45.  7.  6.  8.  1.  3.  3.
  5.  8.  4.  5.  4.  3.  3.  0.  4.  2.  8.  4.  2. 16.  2.  2. 17.  1.
 16. 11.  5.  2.  8.  4.  7.  5. 26.  6.  6.  4.  8.  4.  7. 17.  6.  4.]
Visit Times in Epoch 103
[ 7.  2. 19.  3.  5.  0. 14.  4.  3. 48. 28.  3.  5.  3.  4. 14.  4.  1.
  8.  3.  8. 10.  3.  6.  3.  4.  1.  4.  4. 18.  4.  2.  7.  4.  1.  5.
  6.  8.  2.  3.  3.  6.  2.  1.  8.  2.  1. 20.  1. 23.  3. 10. 14.  5.
 12.  3.  5. 15.  1.  4.  1. 10.  8.  1.  8. 40.  6.  7.  9. 12.  2.  3.]
Visit Times in Epoch 104
[ 5.  1.  4.  4.  2.  2. 23.  2.  3.  1.  7.  4.  5.  3.  4. 42.  4.  3.
  2.  1. 24.  5.  7.  6.  1.  3. 11.  1.  4.  3. 10.  8.  3. 10.  3.  4.
  1.  1. 10.  2. 22.  2.  4.  2. 37.  4.  3.  6.  6.  5.  5.  5.  3.  3.
  2. 12.  2.  2.  3. 37.  9.  7.  3.  7.  0. 10. 11.  1.  5. 15.  7.  5.]
Visit Times in Epoch 105
[ 5.  2.  6.  4.  4.  7.  5.  7.  4.  6. 15.  3. 10.  9.  2. 10.  5.  3.
  6.  5. 19.  2.  6.  5.  2.  3.  2.  3.  2. 43. 29.  3.  4.  3.  8.  4.
  2.  3. 19.  4.  6.  2.  4.  0.  3.  5.  3.  1. 12.  3.  3. 16.  6.  1.
 59.  4.  6.  0.  4.  7.  4.  3.  7.  4.  5. 29.  1.  6.  2.  3.  7.  0.]
Visit Times in Epoch 106
[ 6.  1.  4.  2.  6.  6. 23.  4.  2.  1. 29.  3. 13. 12.  4. 14.  3.  2.
  4.  3. 27.  5.  4.  2.  2.  2.  2.  2.  5.  7.  4.  2.  9.  5.  3.  6.
  4.  7.  4.  6.  2.  9.  4.  5.  3.  1.  2.  4.  6. 34.  3.  3.  7.  1.
 32.  4.  4.  2.  6.  9.  3.  2. 42.  1. 17. 18.  8.  3. 10. 14.  4.  4.]
Visit Times in Epoch 107
[ 4. 10.  2.  6.  3.  3. 23.  3.  2.  4.  3.  3.  2.  7.  1. 10.  3.  4.
  2. 30.  3.  5.  3. 12. 10.  6. 13.  2.  4.  3. 11. 13.  2. 14.  4.  3.
  6.  1.  3.  2.  9.  7.  3.  5. 51.  6.  3.  4.  2.  6.  4. 37.  6.  3.
  5. 10. 26. 12.  2. 27. 10.  3.  1.  5.  4.  5.  1.  3.  8.  2.  2.  5.]
Visit Times in Epoch 108
[ 5.  4.  5.  5.  4.  2.  2.  3.  2. 10.  4.  4. 11. 19.  9.  2.  1.  2.
  7. 10. 17.  1.  2.  1.  6.  5. 19.  2.  2.  4.  3. 12.  3.  1.  1.  4.
  5.  5.  0.  3. 22.  5.  1.  5. 15.  2.  6. 11.  0.  2.  4.  5.  9.  8.
  1. 24.  4.  4.  3.  6. 27. 12. 33.  5.  2. 44.  9.  3.  4. 17.  3.  6.]
Visit Times in Epoch 109
[ 3.  3.  9.  4.  7.  2.  5.  3.  5.  1.  0.  4.  2. 10.  4.  2.  1.  4.
  1.  6.  9. 16.  3. 22.  8.  4.  3.  6.  3. 42. 11. 11.  2.  6.  6.  1.
  4.  3.  5.  5.  5.  5.  3.  6. 14. 13.  8.  2.  6.  4.  6. 12.  6.  3.
 23.  2. 45.  3.  1. 12. 13.  2.  4.  3. 49.  4.  4.  8.  4.  3.  4.  6.]
Visit Times in Epoch 110
[ 3.  3.  7.  3.  5.  1. 22.  7.  1. 28.  9.  5.  5.  4.  3.  3.  3.  5.
 12.  2. 70.  2.  6.  3.  4.  3.  3.  5.  1. 16.  5.  2.  2. 12.  2. 10.
  7.  5.  4.  2.  4.  4.  3.  4. 15.  0.  2. 14.  5. 14. 13.  1.  5.  4.
  4.  5.  2.  5.  1. 35.  5.  5. 24.  4.  5. 43.  7.  6. 12. 13.  6.  4.]
Visit Times in Epoch 111
[37.  2. 10.  1.  3.  5.  3.  3.  4.  5.  4.  3.  3.  3. 11.  3.  4.  4.
  4.  5. 11. 43.  1.  3.  1.  0.  6.  4.  2. 47.  4.  2.  7.  2.  3.  5.
  4.  1.  4.  2.  2.  2.  3.  3.  3.  3. 20.  7. 13.  4.  4.  2.  7.  2.
 46.  4.  1. 11. 10.  1.  2.  4.  2.  4. 43.  3. 11.  2.  1. 51.  6.  3.]
Visit Times in Epoch 112
[14.  1.  4.  5.  5.  3.  1.  9.  3.  7.  4.  1.  7. 17. 10.  3.  2.  3.
  5. 10. 29. 19.  4.  3.  6.  1.  3.  5.  2.  3.  8.  4. 16.  3.  3.  3.
  4.  4.  8.  2.  6.  3.  2.  7.  4.  5. 11.  3. 11. 30. 12.  6.  0.  4.
 44. 11.  6.  4.  9.  3.  5.  4.  5. 10. 19.  1.  7. 14.  6. 38.  3.  6.]
Visit Times in Epoch 113
[ 2.  2.  4.  1.  5.  8.  4.  5.  8. 21.  6.  7.  1.  7. 10.  6.  3.  6.
  7.  3. 30.  1. 10.  2.  8.  4.  2.  6.  2.  7.  3.  9.  1.  7.  3.  9.
  2.  2.  6.  2.  5.  8.  1. 12. 41. 10. 15.  7.  2. 40.  2.  4.  4.  4.
  1. 41. 16.  4.  1. 17. 16.  6. 19.  7.  5.  3. 10.  3.  3.  8.  9.  3.]
Visit Times in Epoch 114
[ 6.  4. 13.  6.  1.  7.  8.  2.  3.  5.  5.  2.  4.  6. 11.  5.  6.  8.
  8. 15.  4. 13.  3.  4.  3. 20. 22.  4.  2.  2.  9.  7. 13.  2.  4.  3.
  2.  3.  6.  8.  6.  3.  4.  2.  9. 21. 14.  8.  7. 15.  1. 41.  4.  0.
  4. 15. 22.  4.  1.  3. 19.  2.  3.  4. 32.  2.  3.  3.  3.  8.  1.  4.]
Visit Times in Epoch 115
[11.  8. 18.  2.  6.  2.  4.  5.  6.  4.  6.  3.  5.  3.  8.  1.  6.  4.
  5.  0. 33. 15.  2.  8.  6.  5.  2.  6.  3. 12.  1.  5. 11.  6.  4.  5.
  1.  5.  3.  2.  1.  5.  2.  0. 18. 14.  3. 29. 11. 32.  5. 33.  3.  2.
  9.  4.  5. 29.  2. 10.  5.  8.  6.  0. 13. 31.  3.  2. 11. 12.  8.  6.]
Visit Times in Epoch 116
[ 0.  9.  9.  3.  2.  4. 29.  6.  5.  5. 15.  4.  4.  5.  3. 19.  3. 14.
  7.  9.  2.  4.  4. 14. 10.  3.  2.  3.  2.  3. 37. 19.  5.  5.  4.  2.
  2.  4.  4.  6.  5.  1.  2.  6. 61.  9.  3. 11.  1. 42.  5. 24.  2.  3.
  6. 16.  5. 10.  2. 27.  8.  1.  2.  3. 10. 13.  2.  9.  3.  2.  3.  6.]
Visit Times in Epoch 117
[11.  7.  4.  6.  7.  3. 19.  1.  3. 14.  5.  3. 14. 17.  9.  8.  4.  2.
  1.  4.  3.  7.  4.  3. 16.  2.  6.  4.  1. 37. 24.  5.  9.  2.  3.  0.
  4.  5. 19.  3.  8. 22.  2.  3.  2. 15.  4.  1.  4. 12.  0. 10.  2.  3.
  3. 27.  2.  2.  2.  1.  4.  2.  2.  3. 12.  3.  7.  5.  2.  4.  3.  0.]
Visit Times in Epoch 118
[ 6.  7.  9.  4.  5.  5. 30.  7.  3. 10. 10.  3.  0. 14.  2.  3.  1.  3.
  3.  2. 13. 14.  5. 27.  1.  9.  2.  8.  3. 28. 25.  7.  4.  4.  6.  5.
  2.  5.  4.  4.  3.  4.  0.  2. 11.  5.  2.  8.  5.  3.  4. 46.  4.  2.
 25.  5.  3.  7.  5. 14.  3.  3.  4.  7. 31. 11.  6.  3.  8.  8. 10.  1.]
Visit Times in Epoch 119
[13.  6. 10.  5.  4.  7.  1.  6.  4. 11.  4.  4.  6.  3. 18.  6.  5.  1.
  3.  9.  9. 15.  3.  3.  6.  4. 10.  3.  6. 27.  4.  2. 23.  7.  3.  3.
  4.  2. 25.  4.  2. 12.  3.  5.  1. 29.  9.  9. 31. 10.  4. 16. 16.  4.
 10.  1. 26.  3.  2.  3.  9.  3. 29.  2. 17.  6.  6.  6.  2.  6.  5.  7.]
Visit Times in Epoch 120
[13.  7. 14.  5.  6. 10. 21.  5.  3. 15.  5.  3.  2.  6.  3.  2.  6.  5.
  2.  1. 20. 19.  8.  8.  6.  9.  5.  2.  3. 67. 25.  3.  7.  5.  5.  4.
  6.  3. 11.  2.  4.  6.  1.  3.  9.  8.  1.  4. 11.  8.  3. 31. 13.  5.
 50.  4. 11.  5.  2.  9.  2.  2.  8.  7. 14. 10.  5.  3.  6.  1.  7.  4.]
Visit Times in Epoch 121
[ 2.  2.  1.  1.  3.  1. 14.  5.  5. 15. 17.  9.  2.  2.  3. 18.  1.  3.
  6.  2. 31.  2.  2.  9.  3.  2.  6.  1.  5.  1.  7.  7.  4.  5.  1.  4.
  4.  4.  3.  2.  9.  7.  3.  5. 37.  5.  3. 20.  3.  5.  6. 15.  2.  7.
  3.  9.  5.  4.  3. 44.  9. 14.  5.  4.  3. 21.  4.  3. 22.  5.  9.  7.]
Visit Times in Epoch 122
[38.  3.  7.  6.  4.  5.  4.  6.  2.  4.  2.  6.  6. 32.  6.  4.  1.  2.
  7.  5.  3. 15.  2. 12.  4.  9.  9.  5.  6.  6. 16. 20.  2.  1.  5.  2.
  4.  1.  3.  3.  4.  1.  5.  4.  3.  7.  2.  2.  0. 16.  5.  4.  4.  6.
 87. 25. 11.  6.  5.  3. 13.  1.  1. 13. 14.  3. 15.  8.  9. 15.  9.  3.]
Visit Times in Epoch 123
[20.  5. 15.  4. 10.  2.  2.  1.  4.  3.  4.  7.  5.  1. 10.  2.  3.  4.
  6. 14.  2. 26.  2.  4. 10.  4. 13. 11.  2.  3.  4.  4.  6.  6.  9.  3.
  2.  1. 28.  6. 27.  6.  5.  3.  2. 39.  7.  7.  6.  7.  4.  7.  1.  3.
 63. 11. 24.  6. 10.  4.  6.  5.  4.  3. 21.  3.  8.  8.  1. 24. 13.  4.]
Visit Times in Epoch 124
[ 1.  0.  4.  5.  3.  6. 28.  6.  7.  3.  5.  8.  8.  2. 16.  7.  2.  4.
  5.  4. 17.  4. 10.  5. 15.  4.  5.  4.  4.  6.  3.  7.  3.  5.  3.  1.
  1.  2. 35.  3. 16. 30.  2.  4. 42. 38. 14. 20. 12. 14.  4.  8. 14.  4.
  1.  3. 14.  4.  6. 16.  5.  6.  5.  3.  7. 13.  5.  7.  4.  2.  3.  5.]
Visit Times in Epoch 125
[ 6.  8.  1.  7.  4.  3.  7.  1.  7.  2.  5.  3.  3.  3.  3. 10.  3.  6.
  1. 11. 28.  0.  4. 15.  4. 13.  7.  2.  6.  4. 23. 15.  4.  5.  4.  4.
  2.  5.  4.  6. 36.  2.  1.  6. 74.  4.  7. 12.  5.  8.  8. 21.  3. 10.
  3. 17.  3.  6.  2. 21. 11. 11.  2.  5.  2. 29.  5.  5.  6.  9.  1.  4.]
Visit Times in Epoch 126
[ 3.  0.  9.  2.  2.  7. 24.  6.  2.  0. 15.  4.  5.  2.  4. 22.  3.  7.
  1.  3. 38.  5.  6.  5.  2.  2.  2.  8.  1. 97.  5.  1.  4.  9.  2. 16.
  8.  6. 13.  2.  1.  9.  5.  7.  4.  3.  1.  5.  6.  5.  0.  5.  1.  4.
  3.  4.  3.  6.  3. 13.  4. 15. 36.  5.  2. 14.  5.  3. 16. 19.  7.  2.]
Visit Times in Epoch 127
[ 4.  6. 11.  7.  2.  2.  5.  2.  5. 10. 10.  3.  2. 25.  4. 10.  6.  3.
  2.  5. 35. 10.  3. 29.  4. 11.  3.  6.  1. 48. 28. 17.  6.  7.  0.  6.
  7.  6.  8.  2.  1.  2.  4.  6. 23.  4.  4.  3.  4.  4.  5. 57.  5.  3.
 30.  4.  4.  4.  6. 13.  3.  3.  6.  3. 29.  2.  2.  7.  8.  5.  3.  2.]
Visit Times in Epoch 128
[ 5.  4.  5.  2.  6.  8.  3.  6.  2.  4. 11.  9.  4.  4.  9.  3.  3.  6.
  7.  6. 64.  4. 11.  2.  3.  4.  3.  7.  7. 36.  4.  2.  4. 14.  5.  8.
  9.  2. 14.  6. 10. 12.  3.  7.  6.  6.  7. 14.  3.  1.  3.  2. 10.  4.
  3.  6.  7.  0.  8.  9.  4. 15. 11.  6.  3. 51. 10.  3. 26. 28.  7.  6.]
Visit Times in Epoch 129
[23.  3. 15.  7.  9.  3.  9.  2.  4.  5. 26.  5. 16. 10. 13.  5.  2.  4.
  4. 16.  2. 19.  3.  4.  7.  9. 16.  1.  6.  4.  6.  9. 21.  3.  2.  3.
  4.  3.  5.  8. 16.  3.  4.  1. 16. 10. 14. 15.  3.  3.  7. 13.  4.  7.
  8. 35. 10. 14.  1.  4. 32.  1.  4.  1. 26. 12.  5.  3.  2. 15.  2.  7.]
Visit Times in Epoch 130
[37.  2.  7.  6.  4. 10.  6. 11.  4.  3.  3.  3.  5.  6. 23.  4.  6.  2.
  4. 21.  7. 23.  3.  3.  7. 17. 17.  9.  4.  5.  3.  1.  5.  5.  9.  6.
  1.  4. 10.  9.  9.  5.  2.  4.  6. 14.  5.  4.  9.  4.  4.  6.  3.  5.
 11. 33. 30.  5.  6.  3.  8.  6.  4.  5. 14.  5.  9.  8.  1. 31. 34.  3.]
Visit Times in Epoch 131
[12.  3. 10.  3.  3. 11. 17.  4.  9. 14.  8.  5.  7.  8.  2. 10.  3.  1.
  4.  4. 23. 11.  4.  2.  7.  6.  2.  4.  4. 24. 15.  6. 14.  6.  6.  5.
  2.  0. 43.  3. 10.  5.  6.  7. 15. 14. 14.  4.  9. 18.  8.  9.  2.  2.
 21.  5. 12.  5.  8. 17.  5.  8.  3.  8. 17. 10.  5.  8. 15. 12. 15.  1.]
Visit Times in Epoch 132
[ 8.  5.  6.  5.  2.  9. 18.  4.  4.  7.  5.  2.  3.  4.  3.  1.  4.  3.
  3.  5.  5.  9.  3.  4.  9.  5.  4.  7.  3. 62. 40. 12.  6.  1.  1.  6.
  3.  6. 10. 10.  7.  7.  2.  2.  6. 16.  5.  1.  5.  5.  9. 37.  5.  1.
 23.  4. 23.  2.  7. 20.  5.  3.  6.  7. 14.  4.  2.  3.  8.  2.  9.  3.]
Visit Times in Epoch 133
[ 5.  6.  7.  4.  5. 18.  7.  2.  3.  4.  2.  9.  2.  5.  6.  3.  3.  5.
  7. 12. 39. 10.  3. 25.  5.  9. 11.  5.  8. 24. 34.  6.  5.  8.  5.  7.
  3.  3.  6.  3.  8.  6.  3.  8. 31. 16.  3.  6.  9.  2.  5. 20.  3.  4.
 11.  6. 22.  6. 12. 12.  4. 13.  3.  6. 11.  3.  4.  7. 11.  6. 43.  4.]
Visit Times in Epoch 134
[ 9.  3.  7.  2.  2.  5. 16.  4.  4.  6. 27.  9.  6. 12.  9. 21.  5.  4.
  7. 19.  9.  9.  3.  5.  9.  4. 18.  3.  2.  2.  6. 17. 13.  2.  5.  5.
  4.  2.  2.  0. 21.  5.  0. 13. 12. 24.  3. 11.  3. 13.  6.  6.  3. 10.
  8. 44. 11.  9.  8.  4. 21.  8. 18.  7.  1.  5. 20. 10.  5. 10.  4.  6.]
Visit Times in Epoch 135
[ 3.  5.  2.  4.  1.  1.  3.  4.  5. 29. 60.  6. 20. 16. 16.  3.  3.  2.
  6. 13. 19.  4.  6.  3.  7.  2. 15.  4.  4.  4.  3. 12.  7.  4.  4.  3.
  5.  6.  7. 10. 21.  4.  6.  7. 11.  6. 12.  7.  3. 12.  5.  5. 12.  5.
  2. 17.  8.  3.  7.  6.  2.  7. 39.  5.  3. 27.  7.  9.  4. 25.  6.  6.]
Visit Times in Epoch 136
[12.  8.  3.  7.  6. 19.  6.  9. 14.  4.  7.  5. 11.  5. 15.  3.  3.  3.
  9.  6. 37. 25.  1.  8.  2.  3. 13.  5.  2.  5.  5.  6. 21. 17.  2.  4.
  5.  6.  7.  2. 11.  5.  5.  8.  4.  3. 17. 15. 10. 21.  4.  5.  1.  4.
 26. 36.  5. 11.  6.  6.  5.  7. 10.  3. 33.  4. 23. 14.  8.  4. 18.  4.]
Visit Times in Epoch 137
[32. 10. 11.  9.  4. 14.  1.  2.  6.  3.  5.  5. 12.  4. 12.  1.  4. 10.
  2.  7.  3. 33.  8.  6. 16.  8.  7.  3.  2.  3.  2.  1. 20.  5.  4.  3.
  3.  5. 22.  3. 25.  5.  5.  5.  1. 18. 11.  6. 17.  7.  2. 44.  6.  2.
 27. 14. 37.  7.  5.  2.  8.  5.  2.  5. 25.  4.  5.  7.  5.  4. 17.  2.]
Visit Times in Epoch 138
[18. 10.  6. 11.  6.  3. 28.  5. 11.  5.  6.  1.  7. 21.  3. 16.  0. 13.
 11.  5.  7. 20.  1. 22.  3. 10.  8.  1.  4. 30. 28.  9. 16.  1.  7.  3.
  7.  3.  2.  2.  4.  4.  2.  4. 12.  5. 22.  3.  7. 19.  1. 17.  4.  6.
 24. 33.  8.  5.  2.  3. 12.  5.  6. 11. 35.  3.  6.  5.  6.  5.  3.  2.]
Visit Times in Epoch 139
[13.  2.  6.  3.  3.  5.  3.  7.  5. 10. 13.  3.  7.  7.  5.  8.  2.  3.
  3.  6. 66.  6.  7.  1.  5.  8.  7.  8.  5. 70.  1.  0. 11.  3. 10.  9.
  5.  3. 15.  7.  8.  5.  5.  4.  3. 10.  7.  9. 17.  4.  3.  4. 10.  2.
  4.  5. 12.  6. 17.  3.  5. 16. 39.  4.  6. 40.  4.  5.  8. 22. 14.  7.]
Visit Times in Epoch 140
[ 6.  1.  4.  4.  3.  6.  9. 12.  2.  6.  7. 15.  5.  5. 16.  8.  5.  3.
 18. 11. 11.  2. 15.  4.  3.  3.  5.  0.  4. 52.  2.  3. 14.  7.  4. 15.
  4.  3. 17.  2. 12.  9.  8.  6.  5.  4.  7.  4.  8. 20.  7.  7. 15.  6.
 17.  6.  3.  3.  4.  8.  8. 10. 48.  7.  5. 25.  6.  3. 12. 30.  9.  6.]
Visit Times in Epoch 141
[ 5.  2.  7.  3.  8.  4.  5.  7.  2. 16. 23. 12. 19.  3.  8.  3.  3.  1.
 18.  8. 31.  5.  8.  2.  3.  8. 12.  6.  3. 29.  2.  2.  6.  8.  3.  8.
  6.  7. 13.  4. 23. 10.  4.  8. 20. 14.  7. 18.  6. 15. 18.  6.  6.  1.
 10. 10. 19. 14.  2.  9. 14.  6. 11.  4.  6. 13.  3.  5.  2. 11.  5.  5.]
Visit Times in Epoch 142
[ 3.  6.  8.  9.  2.  3. 24.  9.  2.  4. 12. 13.  7.  4.  7.  7.  2.  6.
 13.  5. 11.  5.  4. 24.  7.  2. 14.  4.  8.  1. 13. 23.  5.  7.  3.  5.
  4.  7.  7.  4. 40.  6.  4.  0. 55.  5.  9. 17.  3. 14.  7. 12.  6.  7.
  2. 25.  6.  2. 10. 24.  9. 11.  5.  9.  4. 16.  6.  6.  2. 16. 14.  3.]
Visit Times in Epoch 143
[13.  5.  9.  8.  3.  5.  4.  2.  5.  7. 17.  3.  6. 25.  3. 11.  6.  4.
 22.  5. 12. 15.  1. 22.  8.  5.  5.  3.  2.  6. 23. 13. 17.  4.  0.  3.
  4.  5.  2.  6. 15.  4.  2.  5. 30.  4. 31. 11.  1. 25. 16.  4.  4.  9.
 15. 22.  5.  5.  5.  9. 11.  3.  7.  6. 26.  0. 21.  6.  4. 11.  2.  5.]
Visit Times in Epoch 144
[11.  6.  4.  5.  6.  4. 11.  6. 16.  3.  3.  4.  1. 15.  8. 13.  6.  1.
  5.  4.  2. 12.  5. 16.  8.  7.  6. 11.  4. 59. 14.  9. 22.  5. 11.  4.
  5.  4. 10.  4.  6.  7.  4.  3.  7. 32.  1.  3.  8.  7.  5. 63.  7.  3.
 87.  7.  6.  2.  4.  1.  9.  4.  3. 15. 52.  5.  6.  3.  4.  6.  5.  3.]
Visit Times in Epoch 145
[ 2.  5.  9.  7.  3.  7.  8.  3.  9. 12.  5.  2.  3. 38.  7.  5.  5.  5.
  2.  9.  3.  1. 11.  8. 22.  9.  2. 15.  2. 17. 59.  4. 12.  2. 10.  4.
  5.  5. 12. 13. 11.  8.  3.  4. 11.  9. 25.  3.  7. 21.  9. 54. 14.  4.
  6. 19.  4.  7.  2. 11.  5.  3.  8.  6. 37.  4.  5.  6.  3.  2.  3.  4.]
Visit Times in Epoch 146
[ 6. 13. 17.  9.  2.  2. 16.  5.  2. 33. 21.  5.  3. 19.  5. 26.  5.  4.
  5.  7. 12. 15.  4. 22.  4.  2.  2.  5.  5. 41. 54. 14.  6.  7.  7.  4.
  6.  5.  6. 10.  4.  6.  5.  3. 22.  6.  3.  4.  3.  3.  5.  6.  3.  5.
 19.  9.  3. 10.  4. 26.  4. 11.  7.  1. 31. 18.  6.  7.  7.  9.  7.  3.]
Visit Times in Epoch 147
[ 5.  4.  6.  6.  4. 18.  7.  6.  8. 36.  6.  3.  3. 16.  6. 10.  3.  3.
  1.  3. 35.  9.  3.  7.  3.  1.  1.  4.  3. 81. 21.  6.  6.  5.  4. 11.
  6.  5. 10.  7.  6.  5.  7.  6.  2.  3.  2.  1.  9.  2.  9.  7.  6.  5.
 40.  3.  1.  5.  5. 40.  4. 13. 10.  8. 12. 20.  8.  2. 10.  5.  3.  5.]
Visit Times in Epoch 148
[11.  6.  4.  8.  5.  6. 17.  4.  4.  7. 10.  2.  8. 25. 11. 20.  4.  3.
  8. 18. 23. 12.  0.  6.  5.  2. 10.  4.  6.  7.  7. 12. 26.  4.  6.  7.
  8.  8.  7.  7. 23.  3.  2.  3.  8.  1. 27.  5.  3. 27. 11.  9.  2.  5.
 44. 25.  5.  3.  3.  4. 12.  3. 51.  8. 21.  2.  8.  3.  6. 43.  7.  9.]
Visit Times in Epoch 149
[ 3.  3.  5.  6.  8.  8. 79.  6.  8.  4.  4.  6.  2.  4.  2.  4.  5.  6.
  7. 10.  3.  8.  4. 21.  6.  9. 15.  7.  5.  3. 41. 11.  3.  7.  8.  5.
  6.  4. 19.  5. 27. 10.  8. 11. 67. 10.  6.  5. 16.  8. 12. 76. 10.  1.
  4. 13. 40.  2.  2. 19. 13.  7.  8. 11.  4. 12.  3.  6.  7.  5.  6.  3.]
Visit Times in Epoch 150
[ 7.  4. 12.  4.  3.  5. 17.  4.  7. 15.  8.  3.  1. 12.  4. 11.  6.  4.
  8.  9. 11. 25.  4. 11. 10. 17. 11.  3.  3. 64. 37. 17.  9.  1.  5.  8.
  9.  5. 17.  4.  5.  3.  2.  2.  4.  9.  5.  0.  4.  8.  5. 23. 10.  7.
 87. 11. 15.  5.  5. 13. 11.  2.  4.  9. 44.  6.  3.  3.  5.  6.  7.  6.]
Visit Times in Epoch 151
[ 4.  3.  8. 12.  3.  6. 44.  5.  7. 27. 13. 10.  2. 36. 16.  7.  7.  2.
  9. 21. 15.  8.  0.  3.  3.  5. 15.  1.  4.  3.  5. 29. 16.  2.  5.  5.
  5.  5.  2.  2. 28.  3.  5.  5. 16.  2.  5. 25.  3.  2.  8.  3.  4.  3.
 10. 18.  4.  3.  9.  5. 34.  8. 40.  5.  8. 14.  4.  7.  6. 53.  4.  4.]
Visit Times in Epoch 152
[ 5.  5.  5.  2.  6.  5. 33.  6.  3.  3. 39.  7. 17.  4. 11. 11.  4.  3.
  5. 18. 35.  6.  6.  3.  5.  5.  4.  2.  6. 72.  8.  7.  3.  6.  5.  4.
  5.  6.  3.  5.  3. 10.  3. 10.  7.  4.  5.  8.  7. 16.  7. 15. 17.  3.
  4.  6. 18. 22.  7.  8. 14.  9. 28.  5.  4. 38.  6.  5. 15. 16.  6.  7.]
Visit Times in Epoch 153
[ 8.  6.  9. 10. 10.  9.  4.  7.  9.  7.  3.  2.  7.  5. 11. 15.  5.  8.
  5.  4.  0.  6.  3. 12. 17.  3.  3.  7.  4. 11. 47.  9.  4.  5. 15.  7.
  6.  5. 14.  5. 22. 16.  3.  2. 36. 41.  7. 10. 13. 26. 19. 57. 16.  6.
  6. 31.  3.  3.  5.  9.  8.  2.  8.  7.  6.  1.  6.  6.  5.  5.  6.  5.]
Visit Times in Epoch 154
[ 1.  4. 19.  2.  2.  1. 32.  2.  5. 65. 25.  6. 13.  4. 10. 10.  2.  6.
  7.  5. 10.  3.  3.  5.  1.  9.  2.  9.  4. 25. 13.  5.  5.  3.  4.  6.
  8. 11.  2. 13.  5. 12.  4.  6. 28. 11.  2. 25.  7. 33.  2. 31.  7.  7.
  5.  3. 12.  9.  8.  7.  6. 12.  6.  3.  6. 55.  4.  4. 14.  3.  3.  6.]
Visit Times in Epoch 155
[ 6.  4.  5.  3.  4.  4.  5.  6.  6. 42. 20. 11. 16.  6.  8. 27.  4.  6.
  5. 18.  3. 10.  9.  8.  6.  8.  7.  8.  5. 16.  4.  8.  5.  9.  6.  6.
  4.  8. 14.  6. 12. 21.  4.  2. 31. 13.  7. 20.  4.  5. 14.  5. 19.  3.
  0. 11. 21.  7.  4. 20. 13.  9. 22.  2.  4. 38.  6.  3.  9. 10.  4.  4.]
Visit Times in Epoch 156
[ 9. 10. 23.  2.  5. 12.  2.  5.  6. 23.  6.  8.  3.  3.  7.  2.  3.  2.
  5.  4. 41. 17. 12.  6.  6.  8.  4.  6. 12. 68. 10.  8.  6.  1.  9.  5.
  6.  3.  5.  3.  4. 22.  5.  3.  7. 27.  2. 25.  9.  7.  7. 62. 13.  3.
 21.  3. 27.  7.  8.  6.  4.  7.  5. 10. 24. 28.  4.  2. 14.  8.  2.  2.]
Visit Times in Epoch 157
[ 7.  6. 22.  4.  4.  2. 48.  2.  3.  6. 30.  4. 17. 15. 18. 27.  1.  0.
  3.  8.  8.  6.  7.  5.  2. 10.  8.  9.  1. 59.  7.  2. 11.  4.  6.  9.
  7. 12.  5.  3.  5. 13.  3.  4.  4. 10.  6. 27.  4. 13.  1. 14.  4.  3.
  6.  4. 14.  5.  3.  1. 15.  7. 58.  7. 11. 50.  6.  2.  8. 13.  2.  4.]
Visit Times in Epoch 158
[ 7.  2.  3.  8.  5.  8.  6.  3.  5. 12. 20.  6.  4. 47.  4.  9.  8.  3.
  3.  5. 19.  4.  7.  9.  5.  4.  4.  2.  2. 79. 49. 16.  5.  3.  3.  8.
  4.  9.  6.  7.  2.  5.  6.  7.  7.  2.  3.  2.  5. 27.  6.  5.  8.  7.
 37.  8.  3.  2. 14. 16.  4. 15. 24.  3.  6. 27.  8. 13.  8. 17.  2.  3.]
Visit Times in Epoch 159
[17.  8.  9.  6.  5.  8. 23.  5.  8.  9.  1.  5.  9. 28.  5. 13.  4.  7.
  7.  5.  5. 32.  3. 23.  6. 12. 16.  4.  3. 50. 33. 26. 12.  4.  5.  5.
  4.  3.  1.  4.  4.  3.  5.  7. 11.  8. 22.  3.  2. 15.  7.  7.  4.  4.
 47. 25.  9.  3.  6.  8.  6.  4.  7. 12. 64.  2.  6. 10.  4. 13.  3.  4.]
Visit Times in Epoch 160
[ 9. 10.  3.  8.  8.  3. 27.  7.  9.  5.  6.  9.  5.  7.  7.  9.  3.  7.
 10. 15.  3.  5.  1.  7. 16. 10. 21.  6.  6. 11. 35.  9.  7.  3.  6.  2.
  6.  5. 37.  6. 26.  7.  5.  5. 12. 20. 20. 11. 10. 22. 14. 48.  8.  5.
 15. 19. 56.  8. 10.  2. 18.  2.  2. 13.  3.  5.  6. 12.  2.  4.  9.  2.]
Visit Times in Epoch 161
[14.  5.  3.  3.  6.  4.  8.  8.  8. 13.  3.  6.  8.  9. 23. 33.  5.  5.
  9. 15.  4.  9. 11.  2. 14. 15. 15.  7.  8. 13.  4. 23. 11.  4. 10.  6.
  7.  4.  2.  5.  2. 24.  8.  7.  4. 44. 11.  5. 21. 20. 14. 10. 16.  6.
 16. 25.  5.  2. 20.  4. 12.  4. 18. 10.  7.  6. 15.  2.  2.  7. 55.  4.]
Visit Times in Epoch 162
[12.  6.  4.  5.  4.  8.  3. 17.  4. 18.  3.  4.  2.  3.  6.  3.  5.  3.
 10.  3.  9. 14.  6.  7.  7.  6.  3.  9.  7. 58.  6.  4. 15.  9. 11. 13.
  7.  4.  7.  4. 18.  3.  2.  6.  7.  7. 10. 10.  9.  2. 17.  7. 12. 15.
 32.  2.  7.  1. 12. 39.  6. 21. 35.  9. 12. 16.  5. 15. 17. 30. 62.  5.]
Visit Times in Epoch 163
[ 6.  6.  3.  5.  3.  3. 42.  3.  4. 11. 15.  6. 11. 45.  2. 17.  3.  3.
  6.  5. 27. 10.  6.  3.  6.  5.  4.  3.  3. 18. 19.  5. 16.  6.  5.  5.
  7.  3.  4. 11. 10.  1.  6.  6.  5.  2. 11.  5.  8. 12. 26.  0.  5.  8.
 18. 51.  2.  2. 14. 11.  8. 10. 26.  8. 23.  9.  8.  8.  8. 32.  6.  4.]
Visit Times in Epoch 164
[ 2.  4. 11.  5.  4.  7. 25. 16.  2. 18. 21. 18.  7.  5.  3.  5.  5.  4.
  2.  5. 25. 11.  5. 11.  4.  5.  3.  7.  6. 36. 49. 10.  4. 18.  7. 14.
  7.  5. 10.  2.  4.  6.  7. 11. 18.  5.  6.  9.  4.  2.  9. 31.  7.  3.
 25.  4.  2.  6.  5. 49.  1. 12.  5. 11.  7. 56.  6.  5. 27.  7.  8.  6.]
Visit Times in Epoch 165
[11.  8.  7.  4.  9. 16.  7.  7.  8.  5.  5. 16.  6.  6.  9.  2.  2. 11.
  9.  4. 51. 15.  7. 16.  3.  5.  5. 19.  3. 12.  5.  5.  9. 10. 13.  7.
  2.  2. 20.  6. 11.  8.  4.  7. 45. 13.  8.  9.  6.  3. 13. 57.  6.  8.
 17.  6. 20. 16.  5. 34.  6.  7.  7. 14.  7.  3.  2.  5.  5. 17. 25.  7.]
Visit Times in Epoch 166
[ 5. 17.  2. 10.  1. 12.  7.  4. 11. 26.  9.  6.  6.  7.  5. 13.  4.  3.
  5.  3. 31.  2.  9. 15.  6. 23.  3. 11.  4. 16. 27. 12.  7.  9.  8.  7.
  8.  4.  6.  9.  3.  8.  4.  9. 80. 20.  6.  6. 12. 12. 10.  9.  6.  6.
  6. 46.  5.  8. 15. 18.  4. 12. 14. 12.  5. 14.  4. 15.  6.  3. 46.  7.]
Visit Times in Epoch 167
[ 4.  6. 12.  7.  3.  7. 24.  8.  4. 15. 36.  3. 11. 26. 11. 29.  6.  6.
 14. 26.  4.  3.  1.  2.  3.  5. 14.  0.  3.  8. 17. 11. 12.  4.  3.  7.
  6. 14.  3.  6.  9.  5.  5.  3. 15.  4. 17. 10.  8.  9.  2.  2.  9.  3.
 13. 59.  6.  5.  3.  6. 24.  7. 40.  1. 13. 65.  6.  9.  4. 28.  4.  8.]
Visit Times in Epoch 168
[ 6. 10.  4.  3.  6.  7. 26. 10.  4. 23.  7. 11.  2. 11.  4. 13.  2.  8.
 11.  9. 33.  6. 11. 10.  7.  4.  6.  4.  3. 57. 16.  9.  8.  9.  4.  7.
  6.  6. 24.  3.  5.  6.  4.  4. 17.  6.  2.  5.  8.  6. 19. 13. 13.  6.
 21.  5.  5.  3.  6. 40.  3.  9. 13. 29.  5. 27.  1.  3. 23. 15. 13.  5.]
Visit Times in Epoch 169
[ 4.  7.  4.  1.  1.  7. 56.  4. 10. 23.  8.  9.  4.  4.  5. 19.  5.  9.
  1. 44. 27.  7. 14. 13. 14. 10.  1. 12.  6.  7. 14.  7.  2. 11.  4.  3.
  1.  5. 13.  1.  7.  6.  3.  4. 23. 23.  6. 21.  5.  4. 20. 70.  9.  1.
  2.  5. 15.  8.  3. 31. 10. 14.  6. 19.  5.  6.  3.  2. 18.  3.  8.  5.]
Visit Times in Epoch 170
[ 7.  5.  2.  3.  4.  5. 31.  6.  5. 20.  7.  6.  3. 10.  6. 28.  4.  1.
 16.  7.  6.  2.  8.  8.  5.  3.  6. 12.  7. 69. 10. 14.  7. 10. 15. 32.
  5.  5.  3.  5. 23.  1.  3.  6. 34.  6.  3.  5. 13. 12.  5. 13. 16. 10.
  4.  3. 18.  3.  7.  4.  4. 30. 11.  6.  4. 10.  2.  4. 19. 38. 84.  4.]
Visit Times in Epoch 171
[ 5.  5.  6.  4.  2.  4. 30. 15. 10. 60. 36.  3. 13.  3. 12. 30.  3.  5.
  3.  5. 86.  4. 12.  6.  3.  8.  9.  8.  3. 26.  5.  6.  4.  5.  9. 11.
  2.  4.  6.  2.  6.  6.  2.  6. 14. 10.  3. 25. 15.  4. 12.  5. 10.  6.
  4.  4.  9.  2.  5. 14. 11. 16. 47.  4.  5. 62.  7.  3. 40. 18.  6. 11.]
Visit Times in Epoch 172
[25.  1.  4.  7.  5.  3. 18.  3.  6.  2. 16.  1.  8. 20. 20.  8.  7. 10.
  6.  4.  7.  4.  6.  1.  6. 10. 25.  5.  4. 64. 56. 26. 13.  5.  7.  3.
  4.  4. 21.  9.  4. 12.  9.  1.  1.  5. 40.  5.  3. 20.  2.  7.  4.  3.
 69. 13. 17.  6.  5.  3.  8.  6. 25.  5.  8.  8.  5.  2.  4.  6. 10.  9.]
Visit Times in Epoch 173
[ 7.  2. 11.  4.  6.  4. 36.  3.  2.  5. 33.  4. 11. 20. 17. 43.  4.  3.
  9.  6. 34.  8. 13.  4.  2.  3.  5.  3.  9. 37.  5.  4. 15.  4.  5.  9.
  7.  7.  6.  9.  1.  8.  2.  6.  3.  8. 13. 16.  6.  4.  3.  7. 17.  4.
  7.  6.  6.  9.  5.  1. 12. 21. 44.  4. 11. 70. 14.  5. 14. 49.  7.  5.]
Visit Times in Epoch 174
[34.  8.  6.  4.  3.  7.  0. 16.  8.  6.  6. 10.  9.  5. 15.  5.  5.  7.
 13. 12. 37. 19. 10.  7. 13.  8.  4.  7.  5.  3.  4.  6. 12.  5.  7.  6.
  3.  6.  9.  6.  3.  7.  9.  6.  8. 33.  4.  7. 20.  6.  5.  2.  3.  9.
 38. 18. 83. 19.  9.  9.  9.  7. 12.  9. 11.  7. 16.  1.  3.  5. 68.  3.]
Visit Times in Epoch 175
[10.  7.  8.  3.  5. 17. 36.  5.  3. 11.  9.  2. 10.  5. 23. 16.  6.  6.
  7. 11.  5.  9.  4.  2.  9. 10. 33. 17.  6. 13.  5.  8. 15.  2. 13.  5.
  1.  6. 25.  4. 41. 30.  1.  4. 11. 25.  8. 22.  5. 13.  9. 35. 15.  4.
 10. 25. 19.  2.  5.  3.  8.  9. 14.  5. 19.  6. 17.  7.  6.  7.  4.  7.]
Visit Times in Epoch 176
[15.  9.  1.  1.  6. 10. 11.  5. 10. 29. 21.  5. 21. 17. 19.  7.  3.  2.
 11. 11. 20.  3. 11.  0.  9. 11. 15.  7.  4. 38.  6. 15. 18.  2. 11. 11.
  5.  7. 48.  9. 20. 13.  4.  5. 11. 12.  7.  2. 36. 15.  8.  2. 26. 10.
 19. 16. 16.  3.  8.  2.  7.  9. 62.  5.  3.  6. 18.  4.  5. 10.  6.  3.]
Visit Times in Epoch 177
[21.  3. 18.  5. 12. 12.  2.  3.  6. 45.  5.  3.  1.  2. 16.  4.  7.  2.
  3.  8.  8. 25. 10.  3.  5. 21.  3.  6.  7. 65.  4.  5. 14.  4. 26.  6.
  5.  4. 21. 10.  4. 12.  6.  4.  2. 52.  5. 12. 13.  3.  2. 56. 13.  3.
  9.  6. 46.  5.  2.  9.  8.  6.  7.  8. 14. 14.  3.  2.  5.  5. 14.  4.]
Visit Times in Epoch 178
[41.  6. 21.  5.  2.  4.  5.  3. 15.  3. 11.  4. 20. 20. 11.  8.  6. 14.
 12.  3.  6. 13.  4. 30.  5.  4. 13.  2.  7.  5.  6. 15. 17.  2.  5.  2.
  5.  5.  3.  7.  3.  2. 10.  1.  8.  6.  4.  8.  4.  7. 11.  9.  2.  7.
 52. 54.  3. 11. 30.  5. 19.  5.  9.  2. 30.  4.  4. 13.  4. 35.  7.  8.]
Visit Times in Epoch 179
[ 6.  9.  3.  5.  5.  3. 12.  4.  4.  7. 38. 12.  2. 28.  6.  3.  3.  7.
  9. 19. 61.  3.  6. 18.  8.  7. 26.  9.  2.  2.  5. 16. 18.  9.  3.  8.
  5.  6.  3. 12.  9.  3.  9.  7. 52.  7. 30. 11.  3. 13. 15.  6.  5.  7.
 11. 15.  3. 11.  6. 33. 28. 16. 35. 10.  6. 12.  7. 24.  3. 24.  7.  3.]
Visit Times in Epoch 180
[ 8.  4.  2. 11.  2. 14.  4.  9. 11.  5.  4.  8.  6.  7.  7.  3.  6.  5.
 11. 34. 41. 12.  8. 38.  6. 11. 17. 13.  7. 13. 19.  4.  9. 10.  8.  6.
  4.  3. 42.  6. 22.  4.  5. 14. 54. 16. 14.  6.  5.  4.  6. 26.  7.  3.
  9. 12. 21. 15. 10. 34.  4.  8.  4.  3. 20.  7.  5.  8.  5. 12. 35.  3.]
Visit Times in Epoch 181
[17. 13. 16.  9.  6. 20.  5.  7.  7.  5.  8. 11.  9.  5. 13.  7.  3.  3.
 11. 12. 28. 26. 10. 19. 10. 20. 12.  6.  6.  9. 13. 12. 17. 11.  8. 10.
  4.  2. 29.  1. 13.  8.  4. 22. 18. 25. 15. 14.  8. 21. 14. 50.  2. 10.
 22.  5. 33.  7.  1. 17.  7.  8.  5. 10. 36. 12.  7.  7.  4. 14. 26.  8.]
Visit Times in Epoch 182
[ 4.  7.  7.  6.  6.  5. 12.  7.  2. 35. 19.  8. 15.  9.  9.  6.  4.  6.
 20. 12. 15.  1.  6.  6.  6.  5.  9.  2.  3. 17. 14.  6.  8. 11.  6.  4.
  7. 13. 12.  5. 19.  2.  7.  3. 49.  5.  9. 13.  1. 55. 10.  9.  7. 12.
  6. 13.  5.  8.  9. 35. 11. 11. 47.  7.  3. 65.  9.  6. 32. 19.  9.  9.]
Visit Times in Epoch 183
[14.  3. 15.  5.  2.  3.  8.  3.  6. 47.  3.  2.  7. 34.  9. 15.  2.  4.
 30. 10.  4. 19.  8.  4.  4.  7.  9.  6. 11. 62. 23. 24. 37.  3.  5.  5.
  9.  6.  3.  7.  5.  2.  8.  7. 13.  4. 14.  7.  2.  8.  4.  2. 12.  5.
 39. 24.  7.  5.  2.  3.  8.  4. 54.  3. 30. 18. 10. 10.  6. 19.  6. 14.]
Visit Times in Epoch 184
[ 3.  8.  5.  7.  5.  3. 14.  9.  9. 22.  6.  7.  5. 43.  5.  6.  9.  3.
 13. 12. 18.  2.  7. 15.  6.  2.  8.  1.  2.  5. 59. 21.  7. 12.  3. 15.
  2. 14.  3.  6. 23.  6.  6.  7. 38.  5.  7.  8.  5. 22.  8.  5. 10. 10.
  6. 52.  5.  5.  5. 58. 14. 12. 32. 14.  3. 72.  8.  5. 12. 34.  3. 15.]
Visit Times in Epoch 185
[15. 11. 12.  5. 17. 13. 19.  4.  8.  6.  9.  4.  7.  9.  9.  7.  8.  8.
 10. 33. 18. 14. 12. 10. 10. 15. 17. 10.  2. 31. 19. 23. 11.  7.  7.  8.
  4.  3. 33. 13. 19.  6.  6.  3. 14. 16. 21. 12.  9. 23.  8. 19. 13.  3.
 22. 17. 31.  6.  4.  4. 13.  8. 11.  7. 22.  2. 14.  7.  5.  4.  8.  8.]
Visit Times in Epoch 186
[  9.   6.   8.  17.   4.   1.  24.   5.   9.   3.   7.   7.   4.  41.
   3.  15.   7.   7.   9.   2.   1.  16.   4.  10.   7.  19.  11.   4.
   9.   6. 104.  17.   7.   4.   5.   2.   3.   2.   3.   6.  13.   2.
   5.   8.  53.   7.   8.   3.   2.   5.  19.  21.   2.   4.  27.  38.
   6.   7.   7.  28.   3.   7.   1.  12.  68.   6.   4.  18.   8.   3.
   7.   8.]
Visit Times in Epoch 187
[ 4. 15. 16. 13.  4.  5. 74.  4.  7. 31. 31. 22.  4. 15.  8. 12.  3.  5.
  6.  4. 29.  7.  5. 16.  3.  8.  7.  7.  8.  3. 35.  6.  3. 10.  6. 10.
  5. 12.  6. 17. 13.  4.  5. 12. 85.  9.  5. 24.  6. 21. 11. 10.  7. 12.
  8. 13.  3.  6.  6. 39. 11. 11. 10.  5.  5. 60.  6.  5. 16. 14.  8.  8.]
Visit Times in Epoch 188
[17. 13.  7.  6.  2.  6. 34.  7. 13.  7.  3.  6.  3.  8. 10.  5.  8.  6.
  4.  7.  4. 13.  3. 14. 16. 11.  4. 19.  7.  5. 38. 33. 15. 11. 19.  6.
  3.  6. 26.  7. 25.  7.  3.  2. 25. 43. 10.  6. 10.  2. 12. 57.  8.  8.
 15. 30.  8.  8. 11.  8. 16.  6.  7. 17. 28.  5.  6.  9.  1.  2. 49.  3.]
Visit Times in Epoch 189
[20. 12. 28.  2. 12.  6.  7.  4.  8.  4.  5.  3.  2.  3. 15.  5.  7.  9.
  7. 13.  9. 16.  9. 22. 17.  9.  5.  2.  7.  8.  9.  4.  9.  7.  9.  5.
  3.  7. 28.  6.  9.  7.  5.  3. 15. 47. 28.  4. 34. 10.  7. 46.  2.  5.
 61.  7. 14.  5. 17. 11. 21.  5.  8.  4. 63.  3.  5. 11.  2.  4.  8.  7.]
Visit Times in Epoch 190
[  3.   9.  18.   8.   2.   2.  42.   8.   5.   0.   7.  11.   5.  23.
   3.   9.   4.   8.   5.  16.   3.   2.   2.  12.  13.  22.  20.   6.
   4.   7. 121.  43.   2.  10.   8.   3.   8.   2.  12.   6.   5.   6.
   4.   8.  55.   4.   1.   7.   4.  13.   7.  57.   5.   5.   7.  17.
   8.  21.   7.  36.   8.  11.   8.  10.  25.  34.   4.  13.  27.   3.
   5.   5.]
Visit Times in Epoch 191
[20. 11.  9.  8.  7.  9.  7. 12.  6.  5.  2. 12.  7.  8. 11.  4.  8. 11.
  8.  4. 66. 46.  9. 10. 14.  4.  2.  5.  5.  8.  5.  3.  9. 12.  5. 10.
  2.  8. 14.  2. 65.  3.  5.  8. 10. 21. 13. 10.  7.  2.  7. 11.  4.  7.
 21.  1. 26. 14. 12. 30.  6.  9.  3.  7. 17. 13. 10.  9.  3. 36. 74.  8.]
Visit Times in Epoch 192
[10.  8.  6.  3.  7. 18. 11. 11. 10.  5.  7. 12.  4.  8.  7.  4.  8.  8.
 16. 14. 93. 12. 18. 11.  7.  7. 10.  9.  7. 17. 10. 26.  9. 22.  6. 11.
  7.  5. 15.  5. 24.  9.  3.  9. 18. 18. 20. 11.  9.  7. 14. 32.  4.  6.
 17.  9. 34.  7.  7. 40. 10.  8.  5. 10. 20.  4.  7. 10.  9. 11. 46.  3.]
Visit Times in Epoch 193
[40.  2. 13.  1.  4. 10.  3.  6.  7. 47. 44.  9. 12. 23. 13.  8.  7.  8.
  9.  7. 31. 20.  8.  2.  6.  1.  9.  6.  4. 23.  4.  5. 19.  4.  5. 14.
 16.  3.  1. 18.  6.  5.  4.  8.  7.  8. 38. 13.  6.  4. 12.  7.  8.  6.
 69. 28.  4.  4.  6.  2. 15.  9. 44.  4. 23. 12.  3. 12.  7.  3.  6.  9.]
Visit Times in Epoch 194
[ 2.  4.  8.  7. 10.  5. 10.  5.  4. 26. 25.  3.  3. 26.  6. 58.  2. 11.
 15. 25.  3.  5. 10.  5. 12. 16. 12. 12.  4. 12. 56. 25.  4.  9.  8.  5.
  4. 10.  7.  9. 15.  7.  3.  3. 31. 23. 20.  5.  6. 35.  4. 53. 21.  2.
  3. 45. 36.  1.  4.  6.  2.  8. 13.  9. 12. 13. 11.  4.  3.  9.  8.  6.]
