Visit Times in Epoch 1
[0. 0. 1. 0. 0. 1. 0. 0. 0. 0. 0. 0. 0. 0. 0. 0. 0. 0. 0. 1. 0. 0. 0. 0.
 0. 0. 0. 1. 0. 0. 0. 0. 0. 0. 0. 0. 0. 0. 0. 0. 1. 0. 0. 0. 0. 0. 0. 1.
 0. 0. 0. 0. 0. 1. 0. 0. 0. 0. 0. 0. 0. 0. 0. 0. 0. 0. 1. 0. 0. 0. 0. 0.]
r_sum_mean_array
[54.26750129531392]s_r_sum_mean_array
[76.74583632793245]Visit Times in Epoch 2
[1. 0. 0. 0. 0. 0. 0. 0. 0. 0. 0. 0. 0. 1. 0. 0. 1. 0. 0. 1. 0. 0. 0. 1.
 0. 0. 0. 0. 0. 0. 0. 0. 0. 0. 0. 0. 0. 0. 2. 0. 0. 0. 0. 0. 0. 0. 0. 0.
 0. 0. 0. 0. 0. 0. 0. 0. 0. 0. 0. 0. 0. 0. 1. 0. 0. 0. 2. 0. 0. 0. 0. 0.]
r_sum_mean_array
[54.26750129531392, 79.08414025794349]s_r_sum_mean_array
[76.74583632793245, 111.84186372139976]Visit Times in Epoch 3
[0. 0. 0. 0. 0. 0. 0. 0. 0. 0. 0. 0. 0. 0. 0. 0. 0. 1. 0. 0. 2. 0. 0. 1.
 0. 0. 0. 0. 1. 0. 0. 1. 3. 0. 2. 0. 0. 0. 0. 0. 0. 0. 0. 1. 0. 0. 0. 0.
 0. 0. 0. 1. 0. 0. 2. 1. 0. 1. 0. 0. 0. 0. 0. 0. 0. 0. 0. 0. 0. 0. 0. 0.]
r_sum_mean_array
[54.26750129531392, 79.08414025794349, 119.3366564575312]s_r_sum_mean_array
[76.74583632793245, 111.84186372139976, 168.7675180504994]Visit Times in Epoch 4
[0. 0. 0. 0. 0. 0. 0. 1. 0. 2. 0. 0. 0. 1. 3. 1. 0. 0. 3. 0. 0. 1. 0. 0.
 0. 0. 0. 3. 0. 3. 3. 0. 0. 0. 2. 0. 0. 0. 0. 1. 0. 0. 0. 0. 1. 0. 0. 0.
 0. 0. 0. 0. 1. 0. 0. 0. 0. 0. 0. 1. 0. 0. 0. 0. 0. 0. 1. 0. 0. 0. 0. 0.]
r_sum_mean_array
[54.26750129531392, 79.08414025794349, 119.3366564575312, 197.40298082315468]s_r_sum_mean_array
[76.74583632793245, 111.84186372139976, 168.7675180504994, 279.16997273298136]Visit Times in Epoch 5
[0. 1. 1. 1. 0. 0. 1. 0. 0. 2. 1. 0. 1. 0. 0. 0. 0. 0. 0. 0. 0. 0. 1. 0.
 0. 0. 0. 0. 0. 0. 0. 0. 3. 0. 2. 1. 0. 0. 0. 0. 1. 0. 0. 0. 0. 0. 0. 0.
 0. 0. 0. 0. 0. 0. 1. 0. 0. 0. 0. 3. 0. 1. 3. 1. 0. 0. 4. 0. 0. 0. 0. 0.]
r_sum_mean_array
[54.26750129531392, 79.08414025794349, 119.3366564575312, 197.40298082315468, 231.45685653185268]s_r_sum_mean_array
[76.74583632793245, 111.84186372139976, 168.7675180504994, 279.16997273298136, 327.3294256115898]Visit Times in Epoch 6
[0. 0. 0. 0. 0. 2. 0. 0. 0. 0. 0. 0. 1. 0. 2. 0. 0. 0. 0. 0. 1. 0. 0. 1.
 0. 1. 1. 0. 0. 0. 0. 1. 4. 0. 4. 0. 0. 0. 0. 0. 0. 0. 0. 0. 2. 0. 0. 0.
 0. 0. 0. 1. 0. 0. 0. 1. 1. 0. 0. 0. 4. 0. 0. 0. 1. 1. 5. 0. 1. 0. 0. 0.]
r_sum_mean_array
[54.26750129531392, 79.08414025794349, 119.3366564575312, 197.40298082315468, 231.45685653185268, 288.64181258271884]s_r_sum_mean_array
[76.74583632793245, 111.84186372139976, 168.7675180504994, 279.16997273298136, 327.3294256115898, 408.20116602243405]Visit Times in Epoch 7
[1. 0. 0. 0. 0. 0. 0. 0. 0. 1. 0. 0. 0. 1. 1. 0. 0. 1. 1. 0. 0. 0. 1. 0.
 0. 0. 1. 0. 0. 0. 2. 0. 1. 0. 0. 3. 0. 0. 0. 0. 1. 0. 0. 1. 4. 1. 0. 0.
 0. 4. 0. 0. 0. 0. 2. 4. 0. 0. 0. 0. 1. 0. 0. 3. 0. 0. 4. 1. 0. 0. 0. 1.]
r_sum_mean_array
[54.26750129531392, 79.08414025794349, 119.3366564575312, 197.40298082315468, 231.45685653185268, 288.64181258271884, 313.1549603381231]s_r_sum_mean_array
[76.74583632793245, 111.84186372139976, 168.7675180504994, 279.16997273298136, 327.3294256115898, 408.20116602243405, 442.86799203458236]Visit Times in Epoch 8
[0. 0. 2. 0. 0. 1. 0. 0. 0. 0. 0. 1. 0. 0. 0. 0. 0. 0. 4. 4. 4. 2. 0. 1.
 2. 0. 1. 0. 1. 0. 1. 1. 0. 0. 0. 0. 1. 0. 0. 0. 1. 1. 0. 2. 0. 0. 0. 0.
 0. 0. 1. 0. 0. 1. 5. 0. 0. 1. 0. 0. 2. 0. 0. 0. 0. 0. 0. 0. 1. 0. 0. 1.]
r_sum_mean_array
[54.26750129531392, 79.08414025794349, 119.3366564575312, 197.40298082315468, 231.45685653185268, 288.64181258271884, 313.1549603381231, 294.2497928079972]s_r_sum_mean_array
[76.74583632793245, 111.84186372139976, 168.7675180504994, 279.16997273298136, 327.3294256115898, 408.20116602243405, 442.86799203458236, 416.6785152223616]Visit Times in Epoch 9
[1. 2. 0. 0. 0. 0. 5. 1. 0. 1. 3. 0. 0. 1. 0. 1. 2. 0. 0. 0. 1. 1. 1. 0.
 1. 0. 0. 0. 0. 0. 0. 1. 0. 1. 0. 1. 0. 1. 0. 0. 2. 0. 0. 0. 0. 3. 0. 4.
 0. 7. 0. 0. 0. 1. 0. 0. 0. 0. 0. 0. 2. 0. 0. 0. 0. 1. 4. 0. 3. 0. 1. 1.]
r_sum_mean_array
[54.26750129531392, 79.08414025794349, 119.3366564575312, 197.40298082315468, 231.45685653185268, 288.64181258271884, 313.1549603381231, 294.2497928079972, 385.43124837540097]s_r_sum_mean_array
[76.74583632793245, 111.84186372139976, 168.7675180504994, 279.16997273298136, 327.3294256115898, 408.20116602243405, 442.86799203458236, 416.6785152223616, 557.3740252358183]Visit Times in Epoch 10
[0. 0. 1. 0. 0. 0. 0. 0. 0. 1. 1. 1. 1. 0. 0. 2. 0. 0. 0. 1. 1. 0. 0. 1.
 5. 0. 0. 0. 0. 0. 2. 0. 5. 3. 1. 0. 0. 0. 1. 1. 1. 0. 0. 0. 0. 0. 4. 4.
 0. 6. 1. 0. 2. 1. 0. 2. 1. 0. 1. 0. 1. 0. 0. 0. 0. 0. 4. 1. 0. 0. 1. 0.]
r_sum_mean_array
[54.26750129531392, 79.08414025794349, 119.3366564575312, 197.40298082315468, 231.45685653185268, 288.64181258271884, 313.1549603381231, 294.2497928079972, 385.43124837540097, 437.97445765785255]s_r_sum_mean_array
[76.74583632793245, 111.84186372139976, 168.7675180504994, 279.16997273298136, 327.3294256115898, 408.20116602243405, 442.86799203458236, 416.6785152223616, 557.3740252358183, 622.276180274305]Visit Times in Epoch 11
[1. 1. 1. 0. 0. 0. 1. 1. 0. 1. 3. 0. 0. 1. 1. 0. 0. 1. 4. 0. 1. 0. 0. 3.
 4. 0. 0. 1. 1. 0. 0. 0. 1. 0. 0. 0. 0. 0. 0. 0. 4. 1. 0. 0. 0. 0. 3. 0.
 2. 1. 3. 1. 1. 0. 1. 0. 1. 4. 1. 0. 0. 0. 1. 1. 0. 1. 4. 3. 0. 1. 0. 0.]
r_sum_mean_array
[54.26750129531392, 79.08414025794349, 119.3366564575312, 197.40298082315468, 231.45685653185268, 288.64181258271884, 313.1549603381231, 294.2497928079972, 385.43124837540097, 437.97445765785255, 467.5107269874711]s_r_sum_mean_array
[76.74583632793245, 111.84186372139976, 168.7675180504994, 279.16997273298136, 327.3294256115898, 408.20116602243405, 442.86799203458236, 416.6785152223616, 557.3740252358183, 622.276180274305, 661.1600106605869]Visit Times in Epoch 12
[1. 2. 5. 0. 0. 1. 0. 0. 0. 3. 4. 0. 0. 5. 3. 0. 0. 0. 1. 0. 2. 0. 0. 1.
 3. 1. 1. 0. 0. 0. 0. 1. 2. 1. 2. 3. 1. 0. 0. 0. 2. 0. 1. 0. 0. 0. 0. 0.
 1. 1. 0. 0. 0. 0. 0. 2. 5. 1. 0. 0. 1. 1. 5. 1. 0. 0. 4. 0. 0. 1. 1. 0.]
r_sum_mean_array
[54.26750129531392, 79.08414025794349, 119.3366564575312, 197.40298082315468, 231.45685653185268, 288.64181258271884, 313.1549603381231, 294.2497928079972, 385.43124837540097, 437.97445765785255, 467.5107269874711, 553.0709436258719]s_r_sum_mean_array
[76.74583632793245, 111.84186372139976, 168.7675180504994, 279.16997273298136, 327.3294256115898, 408.20116602243405, 442.86799203458236, 416.6785152223616, 557.3740252358183, 622.276180274305, 661.1600106605869, 785.7454225733884]Visit Times in Epoch 13
[0. 0. 0. 1. 0. 2. 0. 0. 0. 5. 1. 0. 0. 1. 0. 3. 0. 0. 1. 0. 0. 0. 1. 1.
 3. 1. 0. 1. 0. 1. 2. 0. 4. 1. 0. 0. 1. 0. 1. 2. 0. 0. 0. 0. 1. 1. 0. 1.
 1. 0. 1. 1. 0. 0. 0. 4. 1. 4. 0. 8. 5. 3. 5. 2. 0. 3. 5. 0. 0. 0. 4. 0.]
r_sum_mean_array
[54.26750129531392, 79.08414025794349, 119.3366564575312, 197.40298082315468, 231.45685653185268, 288.64181258271884, 313.1549603381231, 294.2497928079972, 385.43124837540097, 437.97445765785255, 467.5107269874711, 553.0709436258719, 657.1762228656846]s_r_sum_mean_array
[76.74583632793245, 111.84186372139976, 168.7675180504994, 279.16997273298136, 327.3294256115898, 408.20116602243405, 442.86799203458236, 416.6785152223616, 557.3740252358183, 622.276180274305, 661.1600106605869, 785.7454225733884, 893.7842159394245]Visit Times in Epoch 14
[0. 0. 0. 0. 0. 0. 1. 0. 1. 1. 0. 0. 0. 1. 3. 2. 0. 0. 1. 3. 0. 1. 0. 4.
 0. 1. 3. 0. 1. 5. 1. 0. 4. 0. 1. 1. 0. 0. 3. 0. 0. 0. 2. 0. 4. 0. 0. 1.
 0. 0. 0. 1. 0. 0. 2. 1. 3. 3. 1. 1. 0. 1. 2. 1. 1. 1. 4. 1. 0. 0. 8. 0.]
r_sum_mean_array
[54.26750129531392, 79.08414025794349, 119.3366564575312, 197.40298082315468, 231.45685653185268, 288.64181258271884, 313.1549603381231, 294.2497928079972, 385.43124837540097, 437.97445765785255, 467.5107269874711, 553.0709436258719, 657.1762228656846, 582.923953180146]s_r_sum_mean_array
[76.74583632793245, 111.84186372139976, 168.7675180504994, 279.16997273298136, 327.3294256115898, 408.20116602243405, 442.86799203458236, 416.6785152223616, 557.3740252358183, 622.276180274305, 661.1600106605869, 785.7454225733884, 893.7842159394245, 854.904134213032]