Visit Times in Epoch 1
[0. 0. 0. 0. 0. 0. 0. 0. 0. 0. 0. 0. 0. 0. 0. 0. 0. 0. 0. 0. 0. 0. 0. 1.
 0. 0. 0. 1. 0. 0. 0. 0. 0. 0. 0. 0. 0. 0. 0. 1. 0. 0. 0. 1. 0. 0. 0. 0.
 0. 1. 1. 0. 0. 0. 0. 0. 0. 0. 0. 0. 0. 0. 0. 0. 0. 0. 1. 0. 0. 0. 0. 0.]
r_sum_mean_array
[45.24578613937632]s_r_sum_mean_array
[63.9872043985386]Visit Times in Epoch 2
[0. 0. 0. 0. 0. 1. 0. 0. 0. 0. 0. 0. 0. 0. 0. 0. 0. 0. 1. 0. 1. 0. 0. 1.
 0. 0. 0. 0. 0. 0. 0. 0. 0. 0. 0. 0. 0. 0. 0. 0. 0. 0. 0. 0. 0. 0. 0. 0.
 1. 0. 0. 0. 0. 0. 2. 0. 0. 0. 0. 2. 0. 0. 0. 0. 0. 0. 2. 0. 0. 0. 0. 0.]
r_sum_mean_array
[45.24578613937632, 92.4560196166353]s_r_sum_mean_array
[63.9872043985386, 130.75255686487856]Visit Times in Epoch 3
[1. 0. 0. 0. 0. 0. 0. 0. 0. 0. 0. 0. 0. 0. 0. 1. 0. 0. 0. 3. 0. 1. 0. 0.
 2. 1. 0. 0. 0. 0. 0. 0. 1. 0. 0. 0. 0. 0. 0. 0. 0. 0. 0. 0. 0. 0. 0. 1.
 0. 0. 0. 0. 0. 0. 1. 0. 0. 0. 0. 0. 0. 0. 0. 0. 1. 0. 2. 0. 0. 0. 2. 0.]
r_sum_mean_array
[45.24578613937632, 92.4560196166353, 139.8831830247508]s_r_sum_mean_array
[63.9872043985386, 130.75255686487856, 197.82469458152048]Visit Times in Epoch 4
[1. 0. 2. 0. 0. 0. 1. 0. 0. 0. 0. 0. 0. 0. 0. 1. 0. 0. 0. 0. 0. 0. 0. 0.
 2. 0. 0. 4. 0. 0. 0. 0. 1. 0. 0. 0. 0. 0. 4. 0. 0. 0. 0. 0. 3. 0. 0. 0.
 1. 1. 0. 1. 0. 0. 0. 0. 0. 0. 1. 0. 0. 0. 0. 0. 1. 0. 3. 0. 0. 0. 0. 1.]
r_sum_mean_array
[45.24578613937632, 92.4560196166353, 139.8831830247508, 212.6309999554457]s_r_sum_mean_array
[63.9872043985386, 130.75255686487856, 197.82469458152048, 300.70564391794426]Visit Times in Epoch 5
[0. 1. 2. 0. 0. 1. 1. 0. 0. 0. 0. 0. 0. 0. 0. 0. 0. 0. 0. 1. 0. 0. 0. 0.
 0. 0. 1. 0. 0. 3. 0. 0. 2. 0. 0. 0. 0. 0. 0. 0. 1. 0. 0. 0. 1. 0. 0. 0.
 0. 0. 1. 1. 0. 0. 1. 0. 3. 0. 0. 1. 0. 0. 0. 0. 0. 0. 3. 0. 0. 1. 0. 0.]
r_sum_mean_array
[45.24578613937632, 92.4560196166353, 139.8831830247508, 212.6309999554457, 213.56510163924838]s_r_sum_mean_array
[63.9872043985386, 130.75255686487856, 197.82469458152048, 300.70564391794426, 302.0266631878136]