Visit Times in Epoch 1
[0. 0. 0. 0. 0. 0. 0. 0. 0. 0. 0. 0. 0. 0. 0. 0. 0. 0. 1. 0. 0. 0. 0. 1.
 0. 0. 0. 0. 0. 1. 0. 0. 0. 0. 0. 0. 0. 0. 0. 0. 0. 0. 0. 0. 0. 0. 0. 0.
 0. 0. 0. 0. 0. 0. 0. 0. 0. 0. 0. 0. 1. 0. 0. 0. 0. 0. 0. 0. 0. 0. 0. 0.]
Visit Times in Epoch 2
[0. 0. 0. 0. 1. 0. 0. 1. 0. 0. 0. 0. 0. 0. 0. 0. 0. 0. 0. 0. 0. 0. 0. 0.
 0. 0. 0. 0. 0. 0. 0. 0. 2. 0. 0. 1. 0. 0. 0. 0. 0. 0. 0. 0. 0. 0. 0. 0.
 0. 0. 1. 0. 0. 0. 0. 1. 0. 0. 0. 0. 0. 0. 0. 0. 0. 0. 2. 0. 0. 0. 1. 0.]
Visit Times in Epoch 3
[0. 0. 0. 0. 0. 0. 1. 0. 0. 0. 0. 0. 0. 0. 0. 0. 0. 0. 3. 0. 3. 0. 0. 0.
 0. 0. 0. 0. 1. 0. 0. 0. 0. 0. 0. 1. 0. 0. 1. 0. 0. 0. 0. 0. 0. 0. 0. 2.
 1. 0. 3. 0. 0. 0. 3. 0. 1. 1. 0. 0. 1. 0. 1. 0. 1. 0. 0. 0. 0. 0. 0. 0.]
Visit Times in Epoch 4
[0. 1. 0. 0. 0. 1. 1. 0. 0. 0. 0. 0. 0. 0. 0. 1. 1. 0. 3. 0. 0. 0. 0. 0.
 0. 0. 0. 0. 0. 0. 3. 0. 0. 0. 0. 0. 0. 0. 0. 0. 0. 0. 0. 0. 1. 2. 0. 0.
 0. 0. 0. 2. 1. 0. 0. 0. 0. 0. 1. 1. 0. 0. 0. 0. 0. 1. 3. 0. 0. 0. 0. 0.]
Visit Times in Epoch 5
[0. 0. 0. 0. 0. 0. 0. 0. 0. 0. 1. 0. 4. 0. 0. 0. 0. 0. 0. 0. 0. 1. 0. 3.
 4. 0. 2. 3. 0. 1. 0. 0. 0. 0. 1. 1. 0. 0. 0. 0. 0. 0. 0. 0. 0. 0. 0. 0.
 0. 0. 1. 0. 0. 0. 0. 0. 3. 0. 1. 0. 1. 0. 0. 0. 0. 0. 4. 1. 0. 0. 0. 0.]
Visit Times in Epoch 6
[0. 0. 0. 0. 0. 2. 0. 1. 0. 0. 0. 0. 1. 0. 0. 0. 0. 0. 0. 3. 3. 0. 0. 1.
 0. 0. 0. 0. 0. 1. 0. 0. 0. 0. 0. 0. 1. 0. 3. 0. 0. 1. 0. 1. 0. 0. 0. 1.
 0. 0. 0. 0. 0. 0. 0. 2. 3. 0. 0. 1. 0. 0. 0. 0. 0. 0. 2. 0. 1. 0. 2. 0.]
Visit Times in Epoch 7
[0. 0. 1. 0. 0. 0. 0. 0. 0. 1. 0. 0. 0. 0. 2. 0. 1. 0. 0. 0. 3. 0. 1. 3.
 0. 4. 0. 1. 0. 4. 2. 0. 0. 0. 0. 0. 0. 1. 0. 0. 1. 0. 0. 0. 0. 1. 0. 0.
 0. 1. 0. 0. 0. 0. 0. 0. 0. 0. 1. 3. 0. 0. 0. 0. 0. 5. 4. 0. 1. 1. 0. 1.]
Visit Times in Epoch 8
[0. 0. 0. 0. 1. 0. 1. 0. 0. 1. 0. 0. 0. 0. 1. 0. 0. 0. 1. 3. 0. 0. 0. 0.
 0. 2. 0. 0. 1. 0. 3. 0. 4. 0. 1. 2. 0. 0. 0. 0. 0. 0. 0. 0. 0. 0. 1. 0.
 0. 1. 1. 1. 0. 2. 4. 0. 0. 1. 0. 0. 0. 2. 0. 3. 1. 0. 4. 0. 0. 1. 0. 0.]
Visit Times in Epoch 9
[0. 0. 1. 1. 0. 0. 1. 0. 1. 0. 0. 0. 0. 0. 0. 0. 1. 1. 0. 0. 3. 1. 0. 0.
 2. 3. 0. 5. 0. 0. 0. 0. 1. 0. 0. 0. 0. 0. 4. 1. 0. 0. 1. 0. 0. 0. 1. 5.
 2. 1. 0. 2. 0. 0. 0. 0. 1. 0. 1. 4. 2. 1. 0. 1. 0. 0. 5. 0. 0. 0. 0. 0.]
Visit Times in Epoch 10
[2. 2. 0. 0. 0. 0. 1. 2. 0. 0. 1. 0. 0. 0. 2. 2. 0. 1. 3. 0. 0. 0. 0. 0.
 0. 2. 0. 2. 1. 0. 1. 0. 2. 0. 2. 0. 0. 0. 0. 1. 0. 2. 0. 1. 0. 3. 0. 0.
 0. 1. 0. 0. 0. 0. 5. 1. 1. 1. 0. 2. 0. 1. 0. 0. 0. 1. 4. 0. 0. 0. 0. 1.]
Visit Times in Epoch 11
[3. 0. 0. 1. 0. 1. 4. 0. 0. 1. 0. 0. 0. 0. 0. 5. 0. 0. 1. 0. 1. 0. 0. 6.
 0. 5. 0. 3. 1. 1. 0. 0. 1. 1. 1. 0. 1. 0. 0. 1. 5. 1. 0. 0. 1. 0. 0. 0.
 1. 0. 1. 0. 1. 0. 0. 2. 1. 0. 0. 0. 2. 0. 0. 1. 1. 5. 6. 2. 0. 2. 0. 0.]
Visit Times in Epoch 12
[3. 2. 0. 0. 0. 4. 1. 0. 0. 2. 0. 0. 1. 5. 5. 0. 0. 0. 1. 0. 0. 0. 0. 1.
 4. 0. 0. 0. 0. 1. 0. 0. 0. 1. 2. 1. 0. 0. 0. 1. 1. 1. 0. 0. 1. 0. 1. 0.
 0. 1. 3. 3. 0. 1. 4. 1. 0. 1. 0. 1. 0. 1. 2. 0. 0. 2. 4. 0. 0. 0. 1. 0.]
Visit Times in Epoch 13
[0. 1. 0. 0. 1. 0. 0. 1. 0. 0. 0. 0. 1. 0. 1. 1. 0. 0. 5. 2. 6. 2. 0. 0.
 0. 2. 1. 0. 3. 0. 0. 7. 3. 1. 1. 1. 0. 1. 2. 0. 1. 0. 0. 0. 0. 0. 1. 1.
 0. 0. 1. 0. 0. 0. 0. 0. 1. 0. 0. 3. 1. 0. 7. 2. 0. 4. 5. 1. 0. 5. 0. 1.]
Visit Times in Epoch 14
[4. 0. 0. 1. 0. 0. 6. 0. 0. 2. 0. 1. 2. 3. 0. 0. 0. 0. 2. 1. 1. 2. 0. 1.
 2. 0. 1. 0. 0. 1. 0. 0. 3. 2. 0. 0. 0. 0. 1. 1. 0. 1. 0. 0. 2. 0. 6. 4.
 2. 1. 1. 1. 0. 0. 1. 0. 4. 2. 4. 0. 5. 0. 1. 1. 0. 3. 3. 0. 0. 2. 7. 0.]
Visit Times in Epoch 15
[ 1.  0.  1.  0.  1.  1.  1.  0.  1.  1.  0.  0.  0.  1.  1.  2.  0.  1.
  1.  4.  0.  1.  3.  1.  0.  0.  1.  1.  1.  0.  0.  5.  3.  0.  0.  4.
  1.  0.  0.  2.  1.  0.  0.  0.  0.  1.  1.  1.  0.  1.  0.  3.  1.  0.
 10.  0.  1.  0.  1.  0.  3.  5.  5.  1.  0.  1.  4.  2.  1.  4.  1.  0.]
Visit Times in Epoch 16
[1. 0. 2. 0. 0. 2. 0. 0. 1. 4. 0. 0. 3. 1. 3. 3. 1. 0. 2. 0. 1. 1. 0. 4.
 1. 1. 0. 0. 0. 0. 2. 0. 3. 0. 0. 4. 0. 0. 2. 0. 7. 1. 0. 0. 1. 0. 0. 2.
 1. 3. 1. 1. 0. 1. 1. 1. 1. 0. 0. 6. 4. 2. 5. 2. 0. 5. 3. 1. 1. 1. 3. 1.]
Visit Times in Epoch 17
[3. 0. 0. 0. 1. 0. 6. 0. 1. 1. 0. 0. 0. 0. 0. 0. 1. 0. 3. 1. 5. 0. 0. 0.
 1. 1. 0. 1. 1. 0. 1. 7. 0. 2. 0. 1. 1. 0. 3. 2. 0. 0. 1. 1. 3. 4. 1. 3.
 0. 7. 5. 1. 2. 0. 0. 2. 2. 2. 1. 2. 0. 1. 3. 0. 2. 0. 3. 0. 0. 3. 1. 2.]
Visit Times in Epoch 18
[1. 1. 3. 2. 2. 3. 7. 0. 1. 0. 7. 0. 0. 5. 1. 1. 1. 1. 0. 2. 3. 0. 0. 2.
 1. 0. 0. 2. 1. 1. 3. 0. 0. 0. 3. 3. 0. 0. 2. 1. 4. 1. 0. 2. 1. 2. 1. 1.
 3. 1. 3. 3. 1. 0. 0. 5. 3. 0. 1. 3. 2. 3. 1. 1. 4. 1. 2. 1. 1. 1. 0. 0.]
Visit Times in Epoch 19
[3. 2. 1. 0. 2. 1. 0. 0. 1. 0. 1. 1. 5. 2. 3. 3. 1. 1. 2. 1. 0. 1. 1. 4.
 1. 1. 1. 3. 0. 2. 0. 3. 3. 1. 0. 1. 2. 1. 0. 1. 1. 1. 0. 0. 1. 1. 1. 4.
 1. 1. 3. 8. 0. 1. 1. 1. 6. 2. 0. 5. 1. 1. 5. 3. 3. 8. 1. 1. 0. 0. 1. 2.]
Visit Times in Epoch 20
[ 2.  1.  1.  1.  0.  1.  3.  0.  1.  0.  0.  1.  1.  1.  2.  1.  0.  0.
  0.  0.  1.  3.  1.  1.  2.  3.  0.  6.  0.  2.  1.  0.  1.  0.  1.  2.
  0.  0.  2.  0.  1.  2.  1.  0.  6.  1.  0.  2.  2.  1.  0. 11.  0.  2.
  4.  1.  2.  6.  0.  1.  1.  1.  5.  0.  5.  2.  2.  1.  2.  2.  6.  1.]
Visit Times in Epoch 21
[ 1.  1.  2.  1.  0.  3.  1.  1.  1.  2.  2.  0.  0.  7.  3.  3.  1.  0.
  1.  3.  3.  3.  2.  2.  1.  1.  3.  3.  0.  1.  0. 11.  2.  0.  2.  2.
  1.  2.  0.  0.  1.  2.  0.  0.  1.  0.  1.  0.  0. 16.  2.  1.  2.  1.
  0.  1.  0.  1.  1.  1.  7.  2.  1.  1.  0.  0.  2.  5.  1.  2.  2.  1.]
Visit Times in Epoch 22
[ 1.  1.  2.  2.  1.  2.  1.  0.  0.  1.  2.  1.  1.  0.  2.  1.  0.  1.
  1.  1.  2.  1.  1.  1.  2.  5.  1.  2.  0.  9.  2.  1.  2.  2.  0.  0.
  1.  0.  2.  0.  1.  1.  0.  3. 10.  2.  0.  2.  2.  7.  2.  1.  0.  0.
  4.  2.  2.  1.  1.  9.  1.  0.  4.  3.  0.  2.  2.  2.  1.  2.  1.  2.]
Visit Times in Epoch 23
[ 2.  1.  7.  1.  1.  1.  2.  0.  2.  1.  2.  2.  2.  1.  1.  2.  0.  2.
  2.  2.  3.  1.  1.  5.  3.  1.  1.  2.  1.  2.  0.  1.  2.  0.  1.  2.
  1.  1.  1.  0.  2.  2.  0.  0.  7.  3.  2.  8.  2.  1.  2.  5.  1.  0.
  2.  1.  5. 10.  2.  3.  1.  2.  2.  2.  0.  4.  2.  1.  1.  2.  1.  1.]
Visit Times in Epoch 24
[ 0.  4.  2.  3.  0.  1.  1.  2.  1.  1.  2.  2.  1.  1.  1.  2.  1.  1.
  1.  1.  8.  1.  3.  1.  2.  4.  2.  2.  0.  1. 16.  0.  1.  1.  1.  2.
  0.  0.  2.  1.  2.  0.  0.  3. 15.  0.  2.  0.  1.  1.  6.  6.  1.  0.
  4.  0.  2.  2.  3.  2.  0.  2.  4.  1.  1.  2.  2.  1.  0.  2.  2.  0.]
Visit Times in Epoch 25
[ 1.  1.  2.  1.  0.  9.  3.  0.  1.  2.  1.  0.  1.  2.  1.  5.  1.  1.
  1.  1.  1.  1.  0.  1.  1.  1.  0.  1.  0.  2.  1.  3.  1.  2.  1.  0.
  1.  3.  2.  3.  6.  0.  0.  0.  1.  1.  1.  3.  1.  2.  2.  4.  0.  0.
  8.  2.  4.  1.  2. 18.  1.  1.  1.  1.  2.  4.  2.  1.  7. 11.  1.  1.]
Visit Times in Epoch 26
[ 1.  2.  1.  0.  0.  2.  2.  1.  0.  1.  2.  0.  3.  0.  1.  2.  1.  0.
  4.  2.  2.  6.  1.  1.  1.  2.  1.  1.  1.  6.  2.  1.  4.  2.  1.  0.
  2.  1.  2.  2.  7.  0.  0.  0.  0.  1. 10.  1.  3.  4.  1.  1.  0.  1.
  5.  2.  1.  2.  0.  2.  1.  1.  1.  1.  9.  1.  8.  0.  1.  9.  2.  3.]
Visit Times in Epoch 27
[ 1.  0.  7.  4.  2.  2.  3.  1.  2.  1.  1.  1.  5.  1.  4.  2.  2.  0.
  1.  0.  5.  1.  2.  1.  1.  3.  2.  2.  0.  1.  2.  1.  2.  0.  1.  1.
  0.  1.  3.  0.  1.  3.  1.  1. 14.  1.  1.  7.  0.  2.  2. 11.  0.  1.
  2.  2.  4.  2.  1.  8.  2.  1.  1.  1.  1. 10.  2.  0.  1.  3.  1.  0.]
Visit Times in Epoch 28
[ 1.  1.  2.  0.  1.  1.  2.  3.  1.  4.  3.  3.  1.  2.  2. 15.  1.  1.
  1.  5.  1.  1.  1.  2.  2.  2.  2.  5.  2.  4.  3.  6.  2.  1.  1.  1.
  0.  2.  1.  0. 22.  0.  0.  1.  1.  2.  7.  6.  2.  1.  1.  3.  1.  0.
  6.  1.  2.  1.  1.  2.  2.  3.  1.  1.  1.  1.  1.  1.  8.  1. 11.  1.]
Visit Times in Epoch 29
[ 1.  2.  1.  0.  0.  1.  1.  1.  1.  2.  3.  1.  1.  0.  1.  1.  0.  2.
  1.  2.  1.  2.  0.  5.  1.  1.  4.  1.  1.  5.  8.  2.  2.  0.  1.  2.
  1.  1.  2.  0.  1.  1.  3.  1.  6.  7.  1. 11.  1.  1.  2. 15.  2.  1.
  2.  1.  1.  4.  1.  1.  5.  2.  4.  1.  4.  5.  1.  1.  2.  2.  2.  2.]
Visit Times in Epoch 30
[ 1.  3.  1.  0.  2.  4.  1.  2.  1.  8.  1.  0.  1.  3.  1.  1.  2.  1.
  1.  3.  1.  2.  2.  4.  1.  1.  1.  2.  0.  2.  1. 10.  1.  1.  1.  2.
  1.  3.  1.  2.  7.  1.  1.  1.  4.  1.  6.  1.  1.  1.  1.  1.  0.  0.
  6.  1.  4.  2.  2. 12.  2.  7.  1.  1.  3.  1.  1.  1.  8.  6.  1.  1.]
Visit Times in Epoch 31
[ 1.  1.  1.  0.  1.  1.  7.  2.  0.  1.  1.  1.  2.  1.  1.  2.  0.  1.
  1.  1.  1.  1.  2.  1.  1.  1.  2.  2.  1.  6.  1.  3.  1.  0.  2.  1.
  2.  0.  1.  0.  1.  6.  2.  0.  2. 12.  1.  1.  1.  3.  1.  2.  8.  1.
  2.  2.  2.  1.  1.  1.  8.  2.  6.  2.  1.  1.  5.  1.  1.  1.  1.  3.]
Visit Times in Epoch 32
[ 2.  1.  2.  1.  1.  1.  2.  1.  2.  1.  2.  4.  2.  2.  1.  3.  1.  1.
  1.  2.  2.  1.  1.  5.  1.  2.  3.  1.  1.  1.  2.  3.  1.  1.  1.  1.
  0.  0.  2.  1.  2.  1.  0.  0.  9.  2.  2. 13.  1.  5.  1. 12.  0.  1.
  1.  2.  4.  5.  1.  5.  1.  3.  1.  2.  4.  2.  2.  0.  4.  1.  2.  0.]
Visit Times in Epoch 33
[ 1.  1.  1.  1.  0.  1.  9.  0.  1.  3.  1.  0.  2.  4.  1.  1.  1.  0.
  2.  7.  5.  2.  1.  3.  1.  2.  4.  2.  1.  5.  2.  1.  1.  1.  2.  2.
  0.  1.  3.  1.  2.  2.  2.  2.  1.  1.  8.  1.  1.  3.  4.  1.  4.  0.
  1.  8.  1.  2.  3.  1.  7.  2.  6.  1.  7. 10.  2.  1.  1.  2.  1.  1.]
Visit Times in Epoch 34
[ 1.  0.  2.  2.  2.  1.  1.  0.  0.  1.  8.  0.  2.  7.  1.  3.  1.  1.
  3. 10.  1.  1.  2.  1.  1.  3.  6.  1.  0.  3.  3. 11.  3.  1.  2.  1.
  3.  1.  2.  1.  1.  2.  0.  1.  1.  1. 11.  3.  1.  1.  2.  2.  0.  1.
  6.  8.  2.  1.  5.  1.  7.  1.  3.  1.  1.  3.  1.  1.  1.  7.  1.  0.]
Visit Times in Epoch 35
[ 2.  1.  3.  1.  0.  2.  3.  1.  2.  2.  6.  0.  1.  1.  2.  6.  2.  0.
  2.  2. 21.  4.  2.  1.  1.  1.  1.  2.  1. 16.  1.  1.  1.  0.  1.  1.
  0.  0.  2.  1.  1.  0.  0.  0.  1.  1.  1.  2.  4.  2.  1.  2.  6.  1.
  1.  1.  1.  1.  2.  1.  2.  4.  1.  3.  1.  3.  1.  1.  7.  6.  1.  2.]
Visit Times in Epoch 36
[ 1.  4.  1.  2.  3.  1. 14.  3.  1.  1.  1.  0.  1.  1.  2.  1.  1.  0.
  1.  1.  3.  2.  1.  5.  5.  1.  2.  4.  1. 19.  1.  3.  1.  1.  1.  2.
  0.  0.  7.  0.  2.  6.  1.  2.  1.  1.  2.  1.  5.  3.  2.  9.  8.  0.
  1.  1. 18.  1.  1.  2.  8.  1.  1.  1.  4.  1.  1.  3.  2.  1.  2.  0.]
Visit Times in Epoch 37
[ 1.  2.  2.  0.  1.  1. 14.  2.  1.  2.  1.  1.  1.  1.  3.  7.  1.  1.
  2.  1.  1.  1.  1.  1.  2.  2. 10.  4.  2.  9.  1.  2.  2.  1.  2.  1.
  3.  2.  7.  0.  2.  7.  0.  0.  1.  4.  3.  3.  1.  2.  1.  6.  4.  1.
  2.  2.  2.  3.  1.  1. 13.  1.  2.  1.  1.  1.  1.  2.  1.  1.  1.  2.]
Visit Times in Epoch 38
[ 1.  3.  2.  3.  0.  1. 21.  2.  0.  3.  2.  0.  1.  3.  1.  1.  1.  2.
  1.  1. 25.  1.  7.  6.  1.  4.  1.  1.  1.  2.  2.  9.  2.  4.  1.  1.
  1.  3.  2.  2.  1.  0.  1.  3. 13.  1.  1.  2.  1.  3.  8.  7.  2.  2.
 12.  1.  2.  2.  1.  2.  1.  4.  2.  2.  2.  3.  1.  2.  4.  2.  1.  1.]
Visit Times in Epoch 39
[ 2.  4.  1.  0.  0.  5. 16.  1.  0.  2.  2.  1.  1.  2.  2.  2.  0.  4.
  2.  0.  2.  1.  1.  2.  2.  1.  3.  1.  0.  1.  1. 10.  2. 12.  1.  1.
  3.  0.  2.  0.  6.  1.  2.  0. 13.  3.  1.  2.  2.  3.  3.  2.  8.  1.
  3.  1.  1.  1.  1. 12.  5.  2.  2.  1.  0.  4.  2.  4.  4.  1.  4.  3.]
Visit Times in Epoch 40
[ 3.  1.  1.  2.  0.  1.  1.  2.  3.  3.  1.  1.  2.  2.  2.  2.  0.  2.
  2.  1. 12.  1.  1.  1.  2.  1.  2.  1.  1. 19. 13.  9.  1.  4.  1.  1.
  1.  2. 17.  1.  1.  4.  0.  1.  2.  4.  1.  1.  2.  1.  2.  3.  4.  1.
 20.  1.  1.  1.  2. 11.  4.  1.  1.  3.  2.  1.  1.  3.  0.  1.  1.  0.]
Visit Times in Epoch 41
[ 1.  2.  1.  0.  1.  4.  2.  1.  1. 28.  1.  3.  2.  1.  1.  8.  2.  0.
  1.  2. 20.  2.  2.  3.  1.  1.  1.  1.  0. 12.  2.  2.  1.  1.  3.  7.
  1.  0.  3.  1.  1.  1.  0.  2.  2.  1.  1.  1.  1.  2.  9.  2.  2.  3.
  8.  1.  2.  2.  8.  6.  2.  3.  1.  1.  3.  2.  3.  0.  3.  2.  1.  0.]
Visit Times in Epoch 42
[ 9.  3.  3.  3.  1.  1. 16.  0.  2.  0.  8.  2.  2.  4.  3.  1.  1.  0.
  2.  8.  2.  3.  2.  1.  1.  1.  5.  2.  0.  1.  1.  8.  1.  1.  1.  3.
  1.  3.  2.  1.  1.  0.  3.  1.  2.  1.  3.  3.  0.  4.  8.  1.  2.  2.
  1. 19.  1.  0.  4.  1.  5.  1.  2.  1. 12.  2.  9.  4.  2. 18.  2.  2.]
Visit Times in Epoch 43
[ 5.  2.  2.  2.  0.  1.  6.  5.  2.  1.  3.  1.  1.  1.  5.  2.  1.  2.
  1.  2.  3.  4.  1.  3.  1.  3.  1.  4.  2.  2.  2.  2.  1.  1.  2.  1.
  0.  2. 11.  1. 13.  5.  3.  1.  1.  4.  3.  1.  2. 10.  1.  5. 11.  2.
  1.  5. 29.  1.  2.  2. 18.  2.  7.  2.  4.  3.  2.  1.  1.  1.  2.  1.]
Visit Times in Epoch 44
[ 1.  1.  2.  2.  0.  2.  9.  2.  1.  3. 10.  0.  1.  7.  4.  2.  0.  1.
  1.  1.  3.  2.  2.  3.  7.  4.  3.  4.  2. 15.  1.  2.  5.  1.  2.  2.
  1.  2. 11.  4.  2.  5.  1.  0.  1.  5.  1.  2.  3.  6.  1.  2. 11.  2.
  1. 17.  1.  1.  1.  1.  1.  1. 13.  1.  3.  2.  2.  1.  3.  1.  2.  0.]
Visit Times in Epoch 45
[ 3.  1.  2.  0.  1.  1.  1.  4.  2.  7.  1.  2.  1.  3.  3.  1.  1.  2.
  5.  1.  4.  9.  1.  1.  1.  1.  4.  1.  2. 17.  2.  2.  7.  2.  2.  3.
  2.  1.  3.  2.  2.  0.  1.  1.  2.  5.  7.  1.  7.  3.  1.  2.  1.  0.
  2.  5.  4.  2.  1.  2.  1.  1.  3.  2.  6.  2.  4.  3.  1. 16. 17.  1.]
Visit Times in Epoch 46
[ 1.  3.  3.  3.  1.  7. 23.  4.  0.  1.  3.  1.  2.  4.  1.  9.  1.  1.
  4.  5.  2.  1.  1.  1.  3.  1.  2.  2.  1.  2.  2.  8.  1.  1.  2.  3.
  0.  1.  1.  3. 17.  1.  4.  1.  2.  1.  2.  5.  1.  2.  1.  1.  0.  3.
  4.  2.  2.  1.  2. 10.  3. 13.  1.  1.  4.  1.  3.  3.  6. 10.  1.  2.]
Visit Times in Epoch 47
[ 2.  1.  8.  2.  1.  2.  1.  4.  2. 18. 11.  3.  1.  3.  1.  5.  2.  3.
  1.  1. 28.  2.  4.  1.  1.  0.  1.  2.  1. 22.  1.  0.  3.  1.  5.  2.
  1.  1.  1.  2.  1.  5.  4.  1.  2.  1.  2.  5.  4.  1.  1.  8.  2.  0.
  5.  1.  1.  2.  1.  1.  1.  6.  6.  2.  4.  8.  1.  1. 14.  2.  3.  1.]
Visit Times in Epoch 48
[ 1.  2.  2.  0.  1.  3. 11.  1.  0. 15.  2.  4.  1.  1.  3.  3.  1.  1.
  1.  1. 42.  7. 11.  3.  2.  1.  1.  2.  2. 41.  1.  2.  1.  3.  2.  3.
  3.  1.  2.  2.  3.  1.  1.  1.  2.  2.  1.  1.  5.  1.  1.  2.  4.  2.
  2.  2.  5.  1.  3.  2.  1.  2.  3.  4.  1. 17.  2.  1. 15.  3.  2.  1.]
Visit Times in Epoch 49
[ 3.  1.  1.  2.  3.  4.  6.  2.  2.  3.  1.  3.  1.  1.  2.  5.  0.  3.
  1.  3.  1.  1.  1.  2.  2.  1.  1.  5.  2.  5.  1.  1.  5.  1.  1.  5.
  2.  3.  3.  0. 26.  2.  0.  2.  3.  5. 11.  2.  2.  4.  2.  1.  2.  1.
  2.  7.  2.  1.  1. 13.  4.  7. 15.  1.  1.  3.  6.  1.  4.  6. 12.  1.]
Visit Times in Epoch 50
[ 5.  1.  1.  2.  1.  1. 15.  2.  3.  7.  1.  1.  4.  1.  1. 11.  3.  0.
  2.  1.  2.  1.  1.  4.  2.  1. 10.  8.  1. 10.  1.  2.  3.  8.  4.  1.
  0.  4. 14.  4.  7.  4.  1.  0. 16. 10. 16.  2.  4.  1.  5.  2.  4.  0.
  4.  6.  1.  2.  1.  1.  4.  1.  2.  2.  3.  1.  1.  1.  3.  1.  3.  2.]
Visit Times in Epoch 51
[14.  8.  3.  1.  3.  3.  1.  1.  3.  1.  2.  3.  2.  2.  1.  1.  2.  2.
  5.  3.  5.  5.  1.  3.  1.  2.  2.  1.  4. 13.  4.  1.  3.  3.  2.  2.
  1.  2.  6.  1.  2.  0.  3.  9.  1.  4.  4.  2. 17.  3.  7.  2.  4.  0.
 13.  7.  2.  5.  2.  5.  2.  1.  2.  2.  5.  3.  3.  2.  2.  6.  2.  0.]
Visit Times in Epoch 52
[ 1.  1.  5.  0.  2.  2. 12.  2.  3.  3.  2.  1.  1.  3.  2. 10.  2.  0.
  1.  5. 22.  3.  1.  2.  4.  3.  1.  1.  0. 34.  5.  3.  3.  2.  1.  1.
  1.  2. 16.  1.  1.  2.  3.  1.  2.  1.  1.  1.  3.  3.  1. 10.  3.  3.
  6.  2.  8.  1.  1.  2.  3.  2.  8.  1.  1. 15.  2.  1.  3.  1.  2.  1.]
Visit Times in Epoch 53
[ 4.  1.  1.  3.  1.  3. 30.  1.  0.  2.  2.  1.  4. 14.  2.  2.  1.  4.
  2.  2.  1.  2.  1.  3.  1.  3.  1.  3.  0.  1. 28. 19.  2.  4.  1.  1.
  2.  1.  5.  3.  2.  1.  0.  3.  4.  1.  1.  4.  1.  2. 19.  7.  0.  2.
  2.  4.  1.  2.  6. 14.  2.  4.  3.  6.  1.  1.  1.  6.  1.  1.  1.  1.]
Visit Times in Epoch 54
[ 6.  2.  6.  2.  2.  1. 10.  4.  1.  1.  2.  1.  3.  6.  2.  1.  1.  2.
  4.  2.  1. 14.  1. 12.  5.  2.  3.  1.  1.  3.  3.  1.  2.  4.  1.  2.
  2.  1. 17.  3.  2.  4.  2.  7.  5.  4.  1.  1.  5.  1.  9. 21.  2.  1.
 19.  1. 12.  0.  1. 18.  1.  3.  1.  7.  2.  1.  1.  2.  2.  2.  2.  1.]
Visit Times in Epoch 55
[ 2.  9.  1.  2.  3.  1. 26.  3.  1.  3.  2.  0.  3.  3.  1.  3.  0.  3.
  7.  2. 31.  0.  2. 10.  2.  2.  2.  1.  3.  2.  4.  1.  2.  6.  2.  3.
  0.  3.  4.  1. 12.  4.  4.  3. 22.  3.  1.  2.  1.  1.  4.  2.  0.  0.
  1.  3.  1.  3.  2.  7.  1.  3.  1. 11.  4.  2.  2.  5.  2.  2. 18.  0.]
Visit Times in Epoch 56
[ 4.  1.  8.  2.  2.  1. 17.  3.  2.  2. 10.  2.  1.  9.  3.  6.  0.  1.
  1.  5.  1.  5.  2.  3.  3.  1.  9.  2.  0.  2.  1.  3.  2.  1.  1.  1.
  2.  4.  2.  2.  2.  3.  4.  1. 15.  2.  9.  6.  1. 20.  6.  1.  2.  3.
  1. 23.  2.  7.  2.  4. 13.  1.  4.  1.  1.  5. 11.  5.  2.  8.  1.  2.]
Visit Times in Epoch 57
[ 2.  2.  1.  1.  0.  6. 21.  2.  1.  4.  5.  0.  2.  1.  2.  6.  2.  2.
  1.  9.  2.  1.  3.  4.  4.  5.  1.  3.  1.  5.  2.  1.  9.  1.  2.  1.
  3.  1. 11.  4.  2.  2.  2.  1.  5.  9.  6.  2. 14.  2.  3. 19. 15.  3.
  7.  4. 29.  1.  1.  1.  2.  1.  4.  3.  1.  3.  1.  1.  1.  6.  1.  1.]
Visit Times in Epoch 58
[ 2.  4.  2.  4.  2.  1.  9.  1.  3.  1.  2.  3.  2. 13.  1. 10.  1.  6.
  2.  1.  6.  8.  2.  7.  1.  1.  1.  2.  3.  3.  8.  7.  1.  3.  0.  2.
  3.  1.  4.  1.  1.  4.  2.  5. 17.  1.  4.  1.  2.  3. 17.  4.  1.  1.
  3.  9.  1.  3.  3. 22.  1.  5.  2. 14.  4.  1.  3.  7.  2.  7.  1.  2.]
Visit Times in Epoch 59
[ 2.  1.  4.  0.  0.  2.  6.  2.  2. 26.  4.  0.  4.  1.  2.  5.  2.  0.
  2.  6. 17.  2.  5.  8.  1.  1.  2.  3.  3. 35. 11.  9.  2.  6.  3.  3.
  2.  2.  2.  0.  2.  2.  1.  0.  1.  5.  1.  1.  1.  2.  1.  5.  4.  0.
  3.  1.  1.  2.  3.  7.  2.  4.  4.  8.  1. 18.  1.  1.  6.  3.  2.  0.]
Visit Times in Epoch 60
[13.  7.  6.  2.  3.  3. 12.  3.  0.  1.  2.  1.  4.  3.  1.  2.  2. 14.
  1.  3.  4.  7.  0. 18.  1.  2.  2.  3.  2.  1.  9.  1.  2.  4.  1.  3.
  2.  3.  6.  2.  2.  0.  3.  7.  6.  4.  4.  1. 16.  1.  6. 15.  1.  3.
  3.  9.  1.  1.  3. 14.  4.  2.  1.  5. 15.  1.  2.  2.  2.  3.  1.  2.]
Visit Times in Epoch 61
[ 2.  4.  1.  2.  2.  2.  8.  2.  2.  3.  5.  1.  1. 11.  1.  6.  1.  3.
  2.  3. 33.  2.  2. 14.  2.  4.  5.  1.  1.  2. 11.  1.  1.  4.  2.  1.
  1.  0.  4.  0.  8.  3.  2.  2. 10.  1.  1.  3.  4.  0. 15. 16.  0.  2.
  5.  5.  2.  2.  6. 13.  4. 12.  6.  3. 11.  4.  1.  8.  2.  6.  1.  0.]
Visit Times in Epoch 62
[ 2.  2.  4.  0.  2. 11. 24.  7.  1.  3.  4.  3.  2.  1.  4.  3.  2.  1.
  0.  8.  0.  3.  2.  1.  8.  1.  2.  6.  4.  5.  1.  8.  3.  3.  7.  1.
  1.  2.  9.  1. 24.  9.  2.  1.  5. 22.  1.  3.  2.  1.  2. 13.  6.  3.
  2.  2. 23.  6.  0.  1. 14.  1.  2.  6.  1.  2.  4.  2.  2.  1.  1.  3.]
Visit Times in Epoch 63
[ 2.  2.  1.  2.  2.  3. 11.  2.  1.  4. 17.  3.  3. 11.  4.  3.  2.  0.
  5.  4.  3.  3.  1.  2.  2.  4.  6.  4.  1.  4.  2. 12.  5.  3.  1.  2.
  0.  2.  5.  3.  2.  2.  2.  2.  4.  1.  4.  3.  6. 44.  3.  4.  4.  3.
  1.  9.  8.  2.  4.  2. 21.  3.  8.  7.  5.  3.  5.  6.  3.  3.  1.  1.]
Visit Times in Epoch 64
[ 9.  4.  6.  0.  1.  1.  3.  2.  3.  2.  3.  4.  3.  8. 12.  2.  1.  2.
  4.  5.  1.  8.  3.  2.  3.  4. 14.  2.  1.  1.  1.  2. 11.  1.  5.  4.
  1.  1.  7.  2.  5.  1.  0.  1.  1. 12. 20.  4.  4.  1.  4.  6.  3.  1.
  8. 24.  2.  3.  1.  3.  9.  0.  2.  1.  9.  1.  4.  0.  2.  5.  2.  1.]
Visit Times in Epoch 65
[ 4.  4. 11.  0.  3.  2.  1.  4.  4.  6. 12.  3.  6.  2.  5.  4.  3.  4.
  1.  1.  1.  2.  2.  3.  1.  1.  3.  3.  0.  5.  6.  1.  1.  1.  4.  2.
  4.  2.  2.  2.  3.  4.  2.  0. 20.  9.  3. 17.  1.  4.  1. 27.  6.  2.
  0.  3.  2. 15.  1.  9.  5.  4.  3.  3.  2. 17.  2.  2.  7.  2.  5.  1.]
Visit Times in Epoch 66
[14.  0.  3.  4.  3.  4.  7.  1.  3.  3.  5.  1.  2.  5.  2.  1.  2.  4.
  3.  2.  2.  7.  2.  1.  6.  1.  2.  3.  2.  6.  3.  3. 12.  2.  1.  3.
  0.  1.  9.  2.  1.  4.  1.  3.  1.  3. 12.  4.  2. 19.  2.  7.  6.  0.
 24. 29. 20.  1.  1.  0. 23.  1.  3.  3.  6.  4.  2.  5.  2.  2.  2.  0.]
Visit Times in Epoch 67
[ 8.  3.  2.  0.  4.  5.  1.  3.  1.  7.  2.  1.  5.  1.  2.  1.  3.  2.
  5.  6. 30.  6.  5.  4.  3.  1.  4.  2.  1.  6.  2.  1.  5.  1.  3.  2.
  5.  3.  5.  3. 16.  0.  2.  2.  0.  2.  5.  1.  4.  6.  6.  1.  2.  1.
  6.  2.  2.  3.  2.  2.  2.  8.  8. 12.  9.  3.  5.  1.  5. 26.  7.  2.]
Visit Times in Epoch 68
[ 3.  4.  1.  3.  2. 12.  6.  2.  5.  6.  2.  5.  1.  4.  3.  3.  2.  3.
  1.  1.  2.  3.  6.  7.  6. 10.  5.  4.  1. 22. 17.  2.  2.  4.  3.  6.
  0.  4. 20.  4.  9.  4.  3.  0.  5. 10.  6.  1.  5.  3.  1. 18. 10.  3.
  5.  5. 16.  1.  1.  3.  1.  1.  2.  3.  2.  2.  1.  4.  4.  1.  2.  2.]
Visit Times in Epoch 69
[ 8.  1. 10.  2.  2.  2.  4.  3.  1.  2.  2.  7.  4.  1.  4.  4.  0.  3.
  2. 19.  2.  8.  3.  4.  3.  4. 13.  2.  3.  3.  4.  1.  5.  3.  5.  5.
  2.  5.  5.  6.  3.  4.  1.  2.  9. 16.  6.  9.  5.  4.  4. 11.  1.  1.
  7.  3. 15.  7.  2.  5.  9.  3.  2.  1. 15.  7.  4.  2.  4.  3.  8.  2.]
Visit Times in Epoch 70
[ 3.  5.  1.  6.  2.  6.  9.  1.  2. 17. 16.  2.  1. 20.  3. 22.  2.  1.
  1.  4.  8.  1.  2.  8.  1.  3.  3.  2.  2.  4. 21.  4.  4.  1.  3.  2.
  1.  1.  4.  3.  1.  3.  1.  0. 11.  1.  4.  3.  5. 21.  7.  4.  2.  4.
  2.  6.  1.  2.  4.  5.  5.  6.  2.  5.  6.  5.  1.  5.  5.  5.  2.  4.]
Visit Times in Epoch 71
[ 1.  2.  1.  4.  2.  3.  6.  1.  2.  1. 10.  0.  3.  4.  5.  3.  2.  1.
  7.  1.  2.  4.  1.  2.  4.  4.  5.  1.  3.  6.  1.  3.  5.  4.  2.  2.
  4.  3. 10.  3. 18.  3.  2.  2.  5.  5.  9.  2.  4. 28.  2.  5.  6.  4.
  2.  5. 24.  2.  4.  3. 19.  4. 23.  5.  3.  3. 12. 16.  3.  4. 12.  1.]
Visit Times in Epoch 72
[ 4.  1.  4.  0.  3.  4.  3.  1.  4.  3.  0.  2.  2.  2.  3.  5.  2.  1.
  4.  7. 24.  9.  2.  2.  2.  2. 13.  3.  2.  0.  2.  9.  6.  4.  2.  4.
  5.  1.  4.  3. 14.  1.  2.  4.  2.  5. 17.  4. 18.  1.  2.  0.  4.  2.
  6. 10.  2.  4.  3. 22.  4.  1.  7.  7.  8.  2.  4.  4.  2. 27.  6.  2.]
Visit Times in Epoch 73
[15.  0. 12.  1.  5.  2.  4.  7.  2. 26.  2.  2.  5.  2.  3.  2.  0.  1.
  4.  3. 30. 10. 11.  2.  1.  2.  1.  3.  1. 32.  3.  3.  7.  2.  2.  3.
  7.  2.  3.  1.  3.  3.  2.  1.  2.  2.  7.  3.  6.  0.  2.  1.  2.  7.
 25.  3.  0.  3.  3.  0.  2.  2.  2.  1. 24.  6.  8.  5.  4.  7.  6.  3.]
Visit Times in Epoch 74
[ 1.  3.  6.  2.  1.  2. 13.  3.  3.  3.  5.  3.  5.  0.  4.  2.  1.  2.
  4.  1. 12.  3.  3.  2.  4.  2.  5.  2.  2.  1.  4.  2.  1.  3.  4.  2.
  5.  0. 13.  1.  7.  4.  2.  0. 21.  3.  1.  9.  2.  5. 10.  9.  3.  2.
  2.  5.  4. 29.  0. 14.  3.  2.  4.  4.  3. 22.  4.  0. 15.  8. 14.  4.]
Visit Times in Epoch 75
[ 6.  1.  3.  1.  4.  0.  2.  3.  3.  2.  2.  3.  2.  1.  2.  3.  1.  1.
 10.  9. 19.  5.  1.  2.  3.  2.  4.  2.  1.  1.  1.  7.  5.  7.  6.  3.
  3.  2.  3.  4. 13.  2.  4.  3.  7.  8.  8.  7.  5.  1.  4.  3.  1.  1.
 12.  8. 13.  3.  2. 14.  3.  5.  3.  2.  6.  2.  4.  3. 12. 29.  4.  3.]
Visit Times in Epoch 76
[ 2.  4.  8.  2.  3.  9. 11.  3.  2.  3.  3.  1.  1.  3.  0.  3.  4.  7.
  2.  2. 11. 24.  4.  8.  4.  3.  1.  1.  1. 10. 16.  3.  3.  6.  4.  2.
  2.  0. 10.  1.  3.  3.  1.  4.  9.  3.  2.  4.  6.  2.  6. 11.  1.  2.
 35.  2.  4.  3.  4. 15.  2.  2.  4.  8.  9.  3.  4.  2.  9.  2.  6.  1.]
Visit Times in Epoch 77
[ 1.  1.  1.  1.  2.  4. 11.  1.  5.  6.  7.  3.  3.  6.  3. 17.  1.  7.
  3.  3. 10.  2.  1.  3.  2.  6.  3.  1.  3.  1.  1. 15.  4.  4.  2.  3.
  3.  3. 41.  1. 29.  3.  2.  2.  6.  6.  2.  3. 17. 13.  6.  6.  8.  1.
  3. 24. 11.  3. 15.  8.  3.  5.  3.  3.  1.  3.  3.  1.  3. 15.  3.  1.]
Visit Times in Epoch 78
[ 4.  4.  9.  0.  5.  3.  2.  4.  3.  1.  8.  3.  5.  2.  9.  3.  2.  4.
  0.  2.  3. 16.  2.  5.  2.  4.  7.  2.  5.  4.  3.  3.  3.  1.  4.  4.
  1.  5.  2.  6.  3.  3.  3.  1. 29. 14.  5. 23.  1.  3.  1. 34.  0.  3.
  2. 13.  8. 12.  0.  8.  6.  6.  3.  5. 20.  9.  9.  1.  4.  3.  3.  1.]
Visit Times in Epoch 79
[17.  3.  9.  3.  2.  3.  1.  5.  2.  9.  3.  2.  3.  0.  8.  6.  1.  2.
  3.  6. 17.  8.  5.  3.  3.  2.  1.  6.  1. 40.  2.  0. 17.  1.  8.  7.
  6.  3. 15.  3.  2.  9.  1.  5.  0.  6.  1.  5.  6.  1.  2.  6.  5.  1.
 15.  3. 23.  3.  1.  1.  3.  3.  6.  2.  7.  6.  4.  3.  7. 10.  3.  1.]
Visit Times in Epoch 80
[ 9.  5.  1.  2.  1.  5. 20. 11.  5.  2. 16.  3.  2.  4.  3.  6.  1.  2.
  5.  4.  2.  1.  2.  3.  1.  6.  1.  1.  2.  8.  3.  5.  1. 13.  3.  4.
  2.  2. 39.  0. 10.  5.  3.  1.  7.  6.  4.  3.  0.  1.  5.  2.  4.  5.
  2.  2.  6.  1.  5. 15.  3.  8. 10.  4.  2.  8.  2.  2. 22. 19.  3.  2.]
Visit Times in Epoch 81
[ 3.  2.  1.  8.  2.  7.  2.  4.  3.  5.  2.  5.  2.  2.  1.  7.  2.  4.
  5.  7. 22.  3.  1.  3.  5.  3.  4.  1.  0.  5. 35.  6.  3.  2.  2.  3.
  2.  1.  0.  1. 14.  5.  3.  1. 52.  1.  2.  2.  3.  3.  1. 17.  5.  5.
  1.  5.  2.  3.  4. 26.  6.  8.  4.  1.  1.  1.  3.  7.  3.  4. 20.  2.]
Visit Times in Epoch 82
[15.  2. 25.  3.  5.  4.  2.  2.  2.  3.  5.  4.  8.  5. 10.  5.  5.  3.
  6.  3.  2. 16.  2.  3.  2.  0.  3.  5.  2.  5.  5.  3. 12.  5.  5.  4.
  2.  5.  4.  3.  6.  9.  4.  1.  1. 13.  6. 15.  8.  1.  1. 14.  5.  4.
 23.  4.  6. 14.  1.  2.  2.  3.  6.  1. 13. 19.  5.  1.  3.  8. 17.  2.]
Visit Times in Epoch 83
[ 1.  7.  7.  4.  3.  1. 10.  3.  9. 18.  2.  3.  5.  1.  3.  1.  1.  3.
  2.  1. 17.  5.  2.  7.  1.  9.  3.  2.  4. 16. 34.  4.  1.  4.  3.  2.
  2.  3.  8.  1.  4.  9.  1.  3. 26. 11.  2.  4.  4.  1.  2. 37.  4.  3.
  1.  2. 15. 10.  3. 15.  4.  3.  1.  3.  1. 12.  2.  1.  8.  3.  5.  3.]
Visit Times in Epoch 84
[25.  3.  6.  3.  4.  3.  2.  6.  7.  3.  3.  2.  6.  2.  3.  3.  4.  2.
  8.  2.  5. 22.  3.  1.  2.  2.  2.  0.  1. 15.  0.  2. 16.  4.  4.  2.
  4.  4.  4.  2.  3.  3.  3.  2.  2.  5. 18.  1. 17.  1.  2.  3.  6.  0.
 43.  5.  1.  1.  1.  2.  3.  2.  3.  1. 21.  1.  7. 12.  3. 35.  3.  3.]
Visit Times in Epoch 85
[ 4.  5.  2.  6.  4.  2. 32.  4.  1.  2. 23.  3.  4. 12.  5.  4.  5.  0.
  3.  3. 17.  2.  2.  2.  2.  0.  6.  5.  2. 16.  3.  7.  1.  3.  2.  2.
  1.  5.  2.  1.  2.  2.  1.  8.  2.  2.  7.  1.  2. 12.  9.  4.  7.  3.
  5.  6.  3.  3. 10.  9.  3. 14. 39.  7.  2.  8.  4.  3. 16.  1.  0.  5.]
Visit Times in Epoch 86
[ 1.  3.  4.  2.  4.  2. 30.  4.  2.  1.  5.  3.  2.  2.  1.  9.  5.  4.
  9.  1. 49.  2.  7.  4.  1.  2.  2.  4.  0. 21.  5.  0.  1.  2.  3. 12.
  5.  3.  4.  0.  3.  7.  2.  4.  2.  2.  3.  5.  5. 35.  3.  3.  6.  2.
  7.  1.  2.  3.  3.  4.  2.  6. 25.  3.  2. 20.  4.  3.  2. 10.  4.  2.]
Visit Times in Epoch 87
[15.  8.  4.  4.  4.  2.  3.  3.  6.  2.  5.  2.  4. 12.  7.  2.  3.  2.
  4.  7.  1. 27.  2.  8.  4.  1.  4.  2.  1.  1.  2.  1. 23.  3.  5.  5.
  5.  1.  6.  4.  4.  2.  2.  1.  3.  3.  8.  5.  4. 17.  4.  3.  0.  1.
 14. 15.  5.  4.  1.  3. 11.  2.  4.  2. 35.  4.  9. 12.  3. 15.  4.  6.]
Visit Times in Epoch 88
[ 3.  4.  3.  5.  2.  3.  6.  3.  4.  1.  4.  2.  2.  8.  3.  9.  2.  6.
  5.  2. 26.  1.  2.  8.  5.  3.  3.  4.  2.  4. 37.  2.  1.  2.  2.  3.
  5.  2.  9.  4.  3.  1.  4.  3. 41.  6.  0.  5.  5.  5. 20. 24.  4.  3.
  3.  9.  1.  4.  9. 21.  4.  7.  3.  3.  8. 14.  1.  6.  9.  3.  2.  1.]
Visit Times in Epoch 89
[ 3.  4.  1.  5.  3.  4. 10.  7.  1.  2.  3.  4.  5.  4.  1. 12.  2. 10.
  9.  4. 14.  2.  3. 15.  5.  5.  5.  2.  5.  1.  5.  7.  2. 28.  2.  5.
  2.  3.  1.  2. 23.  5.  3.  2. 22.  2.  6.  4.  3.  4.  5.  5.  5.  2.
  4. 15.  6.  1.  3. 20.  3.  7.  5.  4.  1.  6.  2.  3. 10. 31. 21.  1.]
Visit Times in Epoch 90
[ 9.  6.  9.  3.  2.  4.  5.  5. 10.  2.  1.  3.  2.  1.  4.  1.  2.  6.
  6. 20.  3. 24.  2.  5.  4.  3. 16.  4.  1.  3.  4.  2. 14.  0.  5.  2.
  1.  1. 22.  2.  5.  2.  1.  3.  5. 12. 15.  6. 18.  2.  6. 30.  4.  3.
  6. 11. 39.  5.  2.  1. 11.  3.  2.  4.  9.  1.  4.  3.  2.  3.  2.  5.]
Visit Times in Epoch 91
[ 1.  3.  5.  0.  4.  1.  7.  4.  1. 31. 24.  3.  1.  1.  3.  5.  4.  3.
  4.  3. 35.  2.  9.  1.  1.  2.  1.  5.  2.  9.  2.  3.  4. 10.  4.  4.
  2.  4.  5.  2.  3.  3.  2.  5. 25.  3.  1. 28.  4.  3.  7.  5.  5.  2.
  4.  2.  2.  2.  1. 14.  6. 12.  5.  2.  2. 29.  2.  6. 10.  5.  1.  4.]
Visit Times in Epoch 92
[ 4.  2. 11.  3.  2.  3. 40.  1.  3. 27. 21.  5. 10.  3.  8. 14.  4.  1.
  7.  1.  9.  3.  5.  1.  2.  5.  3.  5.  3. 13.  3.  5.  4.  4.  1.  4.
  4.  5.  4.  2.  3. 10.  2.  3.  4.  8.  3. 20.  2.  4.  0. 24.  8.  4.
  2.  5.  3.  2.  2.  1.  7.  6.  8.  2.  3. 32.  4.  3.  5.  5.  1.  2.]
Visit Times in Epoch 93
[ 2.  1.  2.  5.  1.  3. 29.  9.  5.  1.  8.  4.  6. 11.  2.  1.  4.  1.
  2.  2.  8.  1.  3.  1.  5.  3.  7.  3.  3. 22.  2.  7.  3.  6.  2.  7.
  4.  5.  4.  4.  9.  4.  2.  1.  3.  1.  2.  9.  1. 45.  8.  4.  5.  2.
  8.  5.  1.  4.  2. 15.  2.  9. 57.  4.  4. 45. 10.  3.  9.  6.  2.  3.]
Visit Times in Epoch 94
[ 1.  4.  5. 15.  3.  2.  3.  3.  7.  0.  8.  1.  6. 22.  3. 12.  1.  4.
  9.  1.  1.  1.  4. 24.  4.  4.  4.  2.  2.  1. 18.  6.  5.  3.  2.  4.
  2.  3.  1.  3.  4.  1.  2.  4. 30.  2.  2.  3.  2.  4. 24. 51.  3.  5.
  5. 25.  4.  5.  7. 23.  2.  0.  2. 10. 25.  4.  4.  5.  5.  4.  2.  1.]
Visit Times in Epoch 95
[ 4.  6.  7.  2.  1.  2.  7.  2.  2. 20.  3.  3.  2.  3.  2.  3.  2.  5.
  1.  1. 21.  1.  7. 17.  1.  7.  3.  4.  4. 37. 27.  9.  1.  5.  4.  2.
  3.  1.  5.  3.  5.  2.  3.  2. 27.  3.  7.  2.  1.  2.  5. 37.  1.  1.
  4.  3.  3.  2.  3.  5.  5.  4.  1.  8. 21. 30.  2.  3.  7.  4.  1.  1.]
Visit Times in Epoch 96
[13. 10.  7.  7.  3.  1. 16.  4.  1.  1.  6.  4.  4. 10.  2.  4.  1.  6.
 10.  9.  4. 15.  5. 12.  5.  4.  7.  3.  4.  8. 31. 10.  8.  3.  3.  1.
  3.  4.  5.  7.  5.  2.  3.  4. 20.  1.  4.  3.  1.  9.  8. 22.  1.  4.
 11. 13.  3.  5.  2. 20.  4.  3.  2.  4. 26.  8.  6.  3.  1.  1.  2.  1.]
Visit Times in Epoch 97
[ 8.  3.  8.  5.  2.  1. 17.  3.  6.  2.  8.  7.  2. 12. 11.  8.  4.  2.
 10.  2.  5. 15.  2.  2.  6.  5. 28.  4.  1.  3.  3.  6. 10.  5.  5.  2.
  3.  2.  2.  5. 13.  2.  2.  3.  3.  7.  3.  6.  4. 17.  1.  5.  6.  3.
  8. 33. 12.  0.  2.  1. 20.  4.  5.  6. 15.  2. 11.  3.  2.  3.  1.  4.]
Visit Times in Epoch 98
[ 6.  1.  5.  6.  0.  7. 13.  2.  1.  2. 10.  3.  8.  8.  9.  2.  2.  2.
  7.  8. 32.  2.  2.  6.  4.  1.  8.  5.  3.  2.  2.  5.  4.  6.  3.  2.
  1.  1.  2.  2. 29.  3.  3.  6. 18.  8.  6.  7.  2. 14.  5.  2.  1.  3.
  2. 29. 14.  1. 14.  7.  9.  7.  3.  3.  1.  9.  7.  7.  3.  8.  4.  4.]
Visit Times in Epoch 99
[ 4.  3.  1. 10.  4.  3.  8.  7.  2.  3.  7.  3.  2. 10.  3.  2.  0.  4.
  4.  6.  8.  1.  5.  2.  4.  1. 14.  1.  5.  1. 30. 28.  4.  4.  3.  2.
  1.  4.  0.  2.  7.  1.  3.  4. 40.  2. 13.  1.  4. 18.  4.  2.  1.  2.
  4.  3.  0.  5.  7.  5. 13.  8.  6.  2.  6.  2. 15.  9.  3. 20.  2.  5.]
Visit Times in Epoch 100
[ 7. 11.  2.  8.  1.  1.  1.  1.  3.  4.  9.  4. 22. 15.  3.  5.  3.  5.
  5.  7. 31.  3.  3. 13.  8. 13.  2.  1.  2.  4.  9.  4.  5.  9.  2.  1.
  2.  2. 11.  3. 18.  1.  3.  8. 21.  8.  6.  2.  5. 16.  3.  5.  3.  3.
  2. 11. 13.  3.  5.  7.  2.  6. 12.  5.  4.  6.  4. 11.  4.  6.  2.  4.]
r_sum_mean_array
[36.73952798638055, 72.78156055959613, 174.22541549604517, 173.99677939131612, 254.85083166721864, 222.57503121624225, 324.4506550712615, 332.0053103797909, 390.8845398570591, 366.6325607244437, 513.3034681834586, 510.67841257354587, 549.3564502643949, 659.690161897964, 669.5170926749478, 763.3311261859455, 699.0637255414847, 853.5998601987491, 839.0610011200795, 815.6021526430579, 1002.3796586595383, 1026.8279634883518, 1016.2211033357306, 1195.9995552208593, 1149.5725175160842, 1114.8064146101422, 1141.8982360629216, 1353.8849733893242, 1096.983833159546, 1306.2512868189517, 1099.6007504528786, 1109.4673120605337, 1292.3742036839328, 1329.4074550687512, 1320.8013470333078, 1584.4721531324483, 1455.778435692976, 1812.7254449501338, 1567.9144722000449, 1661.8613136550898, 1626.063494438065, 1694.1183291651357, 1829.653684727522, 1695.0198866084404, 1687.4614661080009, 1811.8173588014474, 1816.3865929923427, 2170.596544073815, 1896.1193059417624, 2033.8842859552315, 1896.2953230021046, 1952.4824328517448, 2028.145497136287, 2140.849694948427, 2191.747540970787, 2190.0180664488234, 2222.3567091843715, 2221.98545457667, 2298.20468424004, 2274.6765004769964, 2505.8178235924674, 2325.1701866092367, 2601.713961689423, 2242.166428208895, 2112.573740663104, 2652.411309267081, 2416.8956707614884, 2559.8960423100707, 2342.0677138747064, 2559.3980231676815, 2865.3623862230525, 2595.1260403410133, 2638.3935494770412, 2639.4786098496697, 2587.1094926290157, 2629.155312798679, 3188.797850326969, 2326.1888223856367, 2839.7255444099246, 2848.187364751083, 3075.8076045007674, 2638.9630586771473, 2949.452559349968, 2891.0832891573396, 3004.978365695567, 2973.2675937738013, 3017.921453569308, 3068.749165795152, 3307.736770182677, 3121.862764507308, 2937.5193113244536, 3008.5240207127563, 3381.2511857052027, 3165.151739320813, 3299.987502176457, 3300.3201388323246, 3053.3088202584404, 3573.749043637982, 3285.8052413561654, 3700.8466565398835]s_r_sum_mean_array
[51.95753875352526, 102.9286700340596, 246.39194550459467, 246.06860522443867, 360.4135025258432, 323.6568188419714, 458.84251672261297, 470.072880226808, 552.7942175878197, 522.6894753942003, 729.5057194613884, 723.0280383343999, 817.7142822476198, 934.9803731030711, 931.795660757058, 1054.14094061851, 1008.0464008344098, 1162.5034872798835, 1226.5201334944206, 1214.44398659161, 1340.2001208186402, 1401.932783697343, 1493.0665552967607, 1586.6127254926491, 1566.9510734812516, 1546.2419057606603, 1661.6707032977804, 1844.2889826732837, 1677.5411852970983, 1733.6775699261152, 1558.2174677192584, 1765.7502867578557, 1875.421715174067, 1902.7386226597848, 1862.6968303977328, 2167.6780894846133, 1909.4310963895196, 2420.0288320691816, 2114.79539932663, 2301.8530405920183, 2294.4960709155926, 2405.5544289377085, 2587.339902189594, 2461.5040955619893, 2519.469079306913, 2609.800125702281, 2734.8073257588508, 3087.1779642095785, 2662.6884857696828, 2812.861234157769, 2839.162508814228, 2948.7120079780702, 3052.9294815131866, 3092.272150939225, 3148.6927909359906, 3258.8030652610832, 3276.566989037325, 3215.3180972832047, 3335.976488570094, 3302.553401228642, 3552.454350429798, 3501.83667403193, 3635.773099552198, 3384.7653640803014, 3493.3916704873645, 3647.8549518225363, 3640.3788674584553, 3711.1840258363327, 3839.1329640265985, 3926.109145885711, 4038.958478435093, 3943.2976511791167, 4215.032843972281, 4038.7245719909683, 3833.6826859221496, 4110.108851987841, 4530.833221516024, 4326.32884822266, 4435.670243534147, 4260.211977806251, 4421.045649176792, 4600.993202081438, 4714.144849169908, 4711.263738353475, 4570.497287374492, 4627.632211061065, 4672.159840119306, 4846.9497799040955, 4921.761824298829, 4994.904739189517, 4752.08808623329, 5009.676300792168, 5414.572158844726, 5346.3057576152605, 5245.707482179732, 5248.400525922869, 4984.3526163333045, 5118.094659287767, 4992.053354481945, 5382.122948673392]Visit Times in Epoch 101
[ 5.  9.  1.  3.  4.  4.  4.  3.  2.  6.  1.  5.  0. 13.  4.  1.  3.  4.
  3.  2.  2.  6.  4. 14.  3. 10.  6.  1. 10. 50. 22.  1.  3.  1.  5.  4.
  3.  2. 12.  6.  2.  2.  1.  4.  5. 27.  4.  1. 18.  1.  5. 39.  6.  1.
  4.  3. 22.  3.  6. 10.  2.  4.  6.  6. 23.  4.  0.  7.  2.  6.  8.  0.]
Visit Times in Epoch 102
[ 1.  4.  3.  2.  3.  4. 16.  5.  0.  5.  3.  2.  3.  3.  2.  3.  4. 11.
  3.  0. 19.  4.  4. 14.  4. 11. 26.  9.  4. 15.  5.  2.  1.  8.  8.  6.
  3.  3. 12.  2.  8.  4.  4.  4.  1. 22. 13.  2.  2.  1.  2. 11.  3.  7.
  7. 14. 37.  2.  1. 24.  3.  7.  3.  6.  7.  2.  3.  2.  4. 13. 25.  2.]
Visit Times in Epoch 103
[ 3.  5.  4.  2.  3.  0. 43.  3.  3. 41. 22.  0. 20. 18.  7.  3.  1.  1.
  2. 14.  7.  2.  7.  1.  4.  8.  2.  3.  2. 14. 12.  1.  6.  2.  4.  2.
  3.  4.  2.  1.  1.  6.  2.  2.  1.  3.  7.  4.  3. 23.  3.  6.  6.  2.
  6.  9.  4.  2.  6.  5. 12.  6. 10.  3.  5. 15.  8.  3.  4.  7.  3.  6.]
Visit Times in Epoch 104
[16. 14.  7.  5.  3.  4.  8.  3.  3.  1.  4.  4.  3. 23.  5.  8.  4.  4.
  2.  5. 12. 26.  6. 14.  4.  1.  4.  2.  7.  2.  9.  6.  7.  4.  2.  3.
  5.  3.  2.  4. 15.  6.  2.  3.  8.  1. 22.  2.  4. 17.  7.  1.  6.  1.
 28. 13.  2.  3.  5.  4. 12.  4.  3.  8. 24.  3. 13.  1.  3. 32.  5.  4.]
Visit Times in Epoch 105
[ 3. 17.  9. 10.  4.  5. 14.  3.  2.  1.  5.  4.  3.  2.  1.  4.  3.  7.
  2.  2.  8.  6.  6. 42.  4. 10.  2.  3.  1.  4. 41.  3.  2. 11.  7.  1.
  2.  2. 10.  2.  3.  3.  3.  7. 74.  2.  2.  2.  3.  3. 13. 14.  5.  4.
 12.  2.  1.  7.  3. 14.  0.  3.  3.  6. 28. 11.  1.  6.  8.  3.  1.  3.]
Visit Times in Epoch 106
[ 2.  5.  2.  4.  4.  3.  7.  7.  3.  1.  3.  1.  3.  3.  6.  3.  4.  8.
 18.  4. 41. 11.  9.  9.  2.  6.  6.  3.  6.  1.  3.  2.  4.  6.  5.  8.
  4.  3. 29.  4. 22.  8.  2.  5. 44.  7.  3. 22. 14.  5.  2. 11.  5.  3.
  5.  9. 10.  0.  4. 32.  2.  8.  2.  7.  5.  9.  1.  1.  6.  8.  9.  4.]
Visit Times in Epoch 107
[ 4.  4.  2.  1.  3.  0.  3.  4.  5.  2.  7.  4.  7.  4.  9.  8.  4.  1.
  4.  5. 23.  3.  5.  5.  6.  3.  9.  4.  3.  4.  1. 14.  2.  4.  3.  7.
  2.  2.  3.  4. 60.  4.  2.  4. 16. 19. 15.  1.  5.  4.  8.  2.  6.  3.
  1. 39. 16.  6.  4. 36. 11.  2. 25.  6.  6.  1.  8.  1.  7. 26. 15.  5.]
Visit Times in Epoch 108
[ 5.  1. 10.  3.  4.  1. 17.  4.  3. 41. 22.  4.  7.  3.  9. 17.  1.  4.
  8.  3. 13.  4.  4.  5.  3.  6.  6.  4.  3.  2.  7.  5.  4.  5.  5.  7.
  6.  4.  4. 18.  4.  5.  3.  1. 20.  4.  3. 18.  3.  0.  3. 13.  8.  5.
  1.  9.  4.  7.  3.  9.  7. 12.  9.  2.  7. 37.  2.  4. 10.  8.  2.  9.]
Visit Times in Epoch 109
[ 7.  1.  5.  7.  5.  4. 18.  0.  2.  5.  4.  3.  0.  3. 10.  7.  3.  2.
  2.  4.  4. 20.  6.  4. 12.  3.  9.  4.  3. 58.  7.  5.  7.  1.  4.  2.
  3.  2. 43.  1.  5. 15.  0.  1.  2. 13. 12.  0. 23.  5.  3.  4.  2.  3.
 32.  3.  3.  0.  7.  1.  4.  2.  9.  7. 13.  6.  4.  5.  3.  0.  6.  6.]
Visit Times in Epoch 110
[ 1. 15.  3.  6.  6.  5. 13.  5.  4. 14.  2.  2.  4.  3.  4.  3.  1.  5.
  3. 12.  3.  5.  3. 14.  5.  8. 11.  3.  2. 55. 23. 17.  1.  5.  3.  5.
  5.  3.  7.  0.  5.  4.  2.  3. 30. 18.  2.  4.  0.  5.  6. 51. 16.  2.
  3.  2. 18.  5.  2. 28.  6.  4.  3.  6.  9.  4.  2.  4.  4.  3. 14.  5.]
Visit Times in Epoch 111
[ 4.  1.  5.  9.  4.  6.  1.  3.  3.  3.  2.  1.  2.  3.  1.  2.  0.  3.
  4.  6. 19.  4.  5.  4.  7.  5.  3. 18.  2. 13. 72.  2.  2.  5.  3.  6.
  6.  3. 37.  0.  6.  1.  2.  3.  6.  8.  2.  4.  7.  2. 15. 59.  3.  3.
  2.  5. 41.  0.  5. 12.  4.  5.  2.  1. 15.  5.  3.  4.  4.  3. 28.  3.]
Visit Times in Epoch 112
[ 1.  5. 11.  6.  2.  4. 30.  1.  4. 38. 32.  5. 14. 18.  4.  9.  5.  5.
  8. 15.  4.  4.  5.  6.  5.  3.  3.  2.  3. 22. 16. 16.  4.  0.  2.  1.
  6.  5.  4.  6.  2.  4.  7.  1. 11.  4.  9.  4.  3.  4.  2. 10. 12.  2.
  3. 14.  3.  5.  1.  4. 11.  7. 10.  1. 10. 18. 10.  2.  4.  6.  1.  5.]
Visit Times in Epoch 113
[ 9.  5.  1.  5.  2.  3.  7.  5.  5.  2.  3.  7.  4.  4.  4. 10.  4.  2.
  8.  1. 17.  7.  3.  4.  4.  7.  3.  3.  1.  9.  1.  9. 13.  2.  4.  4.
  2.  4. 15.  6. 30.  8.  1.  3. 26.  8. 22.  3. 13. 25.  3.  2.  4.  3.
 10. 15. 18.  4.  4. 19.  1. 11. 15.  3.  2.  1. 12.  8.  5. 17. 30.  4.]
Visit Times in Epoch 114
[10.  6.  4.  6.  3.  4.  4.  7.  5.  4.  7.  3.  1.  9.  8.  9.  4.  4.
 13. 15. 46. 12.  1.  3.  3.  1. 21.  1.  4.  3.  3. 12.  7.  4.  4.  6.
  4.  2.  2.  6. 16.  4.  2.  3.  7.  1.  3. 12. 12. 15.  6.  3.  3.  3.
  8. 42.  1.  2. 12.  5. 21. 10. 11.  7.  6.  2. 10.  4.  2. 39.  6.  3.]
Visit Times in Epoch 115
[ 5.  5.  5.  3.  3.  4.  7.  9.  3. 23.  3.  1.  3.  4. 12.  5.  5.  2.
  2.  6. 56. 19. 12.  3.  2.  3.  5.  2.  7. 17.  1.  2. 29.  6.  6. 12.
  7.  2.  4.  3. 10.  6.  3.  3.  4.  6. 11.  6.  9. 12.  6.  1.  2.  7.
 29.  4.  8.  3.  2.  6.  5.  7. 21.  8.  4.  4.  5.  5.  5. 36. 33.  2.]
Visit Times in Epoch 116
[ 6. 12.  5.  1.  2.  4. 11. 13.  7. 17.  2.  2.  4.  2.  3. 11.  3.  4.
  2.  2. 13.  4.  7. 17.  1.  1.  9.  4.  2. 57. 10.  9.  2.  6.  3.  6.
  2.  6.  2.  2.  3.  7.  3.  1. 30.  2.  5.  3.  7.  1. 10.  8.  1.  4.
 16.  1. 22.  5.  8. 20.  3. 11.  4.  6.  8.  9.  2.  8. 19. 13. 12.  4.]
Visit Times in Epoch 117
[ 3.  6.  6.  4.  3.  3. 15.  3.  5. 23. 15.  4.  3. 12.  1. 16.  5. 10.
 10.  2. 25. 10.  6. 14.  1.  7.  1.  1.  1. 15. 39. 26.  4.  4.  7.  1.
  2.  4.  3.  1.  2.  4.  5.  6. 38.  5.  1.  1.  4.  3.  3. 21.  2.  3.
 18.  3.  4.  6.  3. 18.  3.  3.  4.  6. 17. 16.  2. 11.  7.  5.  3.  4.]
Visit Times in Epoch 118
[ 7.  1.  7.  1.  2.  1. 41.  5.  3.  3. 29.  3.  4.  9.  6.  9.  3.  6.
 11.  7. 10.  4.  1.  3.  4.  7. 26.  1.  3.  2.  2. 10.  1.  4.  5.  3.
  2.  6.  3.  2.  6.  3.  0.  4. 28.  2.  3. 24.  2.  2.  3.  1.  2.  5.
  2. 13.  2.  2.  5. 12. 12. 17. 30.  8.  8. 40. 11.  5.  4.  6.  5.  6.]
Visit Times in Epoch 119
[14.  1.  9.  2.  3.  8.  2.  1.  6.  5. 11.  4. 11.  3.  8.  2.  2.  2.
  8.  6.  1. 22.  4.  4.  5.  6.  3.  7.  1. 31.  5.  5. 14.  3.  3.  3.
  1. 10. 19.  6.  6.  2.  5.  4.  1. 20. 12.  3.  1. 12.  4. 17. 11.  1.
 22.  9. 37.  2.  3.  0. 20.  4.  5.  3. 14.  4.  5.  5.  0.  1.  9.  7.]
Visit Times in Epoch 120
[ 4.  4.  7.  5.  7.  5. 10.  7.  4. 54.  9.  4. 12.  2.  4. 12.  3.  5.
  2.  6. 27.  1.  1.  5.  1.  5.  5.  8.  4. 26. 18. 13.  8.  6.  5.  5.
  4.  5.  2.  3. 10. 20.  2.  2. 17.  6.  3.  9.  3. 27.  4.  7. 10.  9.
  2.  5. 18.  2.  3. 21.  8. 11.  9.  5.  2. 27.  4.  2.  5.  4.  5.  4.]
Visit Times in Epoch 121
[ 1.  2.  3.  4.  3.  8. 10.  1.  3. 31. 13.  9. 12.  3. 11.  5.  2.  3.
  8.  5. 18.  3.  8.  6.  6.  8.  5. 10.  3.  1.  1.  7.  4.  6.  8.  3.
  8.  2. 16. 11. 27. 11.  1.  6. 27. 16.  6. 19. 16.  3.  9. 24.  8.  5.
  4.  9. 52.  3.  6. 16.  7.  4.  5.  3.  4. 22.  5.  2.  6.  4.  2.  3.]
Visit Times in Epoch 122
[ 7.  4.  4.  8.  3. 10.  7.  5.  2. 18.  6.  2.  3. 13.  1.  7.  5.  4.
  7. 10. 11. 30.  2.  5.  3.  4.  5.  4.  5. 64.  5.  4. 12.  6.  6.  7.
  8.  4.  3.  3.  4.  3.  1.  2.  4.  1.  8.  3.  3. 12.  1.  2.  4.  3.
 58.  5.  5.  7. 10. 10.  5.  4. 29.  2. 37.  6.  4.  4.  2. 22.  7.  4.]
Visit Times in Epoch 123
[ 7.  4.  1.  2.  3.  3. 26.  6. 10. 12.  2. 12.  6.  2.  4. 21.  2.  6.
  7.  2.  9.  6.  5.  7.  5.  3. 26.  1.  3. 30.  6. 26.  9.  4.  8.  4.
  4.  6.  3.  4. 12.  6.  1.  1. 14. 13.  7.  3.  4.  5.  7.  8.  3.  6.
  8. 13. 17.  3.  3. 18.  8.  5.  7.  6.  6.  6.  4.  5. 11.  9. 20.  5.]
Visit Times in Epoch 124
[ 5.  4.  3.  3.  5.  6.  9.  2.  5.  5.  0.  3.  3.  2.  4.  9.  4.  7.
  5.  7.  3.  2.  2. 26. 12.  3. 10.  8.  2.  7. 53.  0.  6.  9.  6.  6.
  1.  5.  6.  3.  8.  5.  3.  5. 42. 12.  3.  4.  4.  2. 12. 59.  8.  2.
  1.  3. 22.  7.  9. 27.  7.  2.  3.  2.  5.  3.  2.  5. 10.  3. 42.  2.]
Visit Times in Epoch 125
[15.  6.  3.  2.  5.  8. 10.  8.  3. 28. 11.  6. 12.  4. 10.  9.  4.  4.
 12.  8. 67. 12.  4.  3.  2.  7.  1.  3.  1. 38.  3.  3.  8. 10. 11.  7.
  5.  3.  3.  6. 10.  6.  2.  4.  5. 11.  9.  5. 14. 11.  3.  4.  2.  4.
  5.  0. 16.  4.  6.  4.  3.  6. 20.  8.  3. 12.  3.  7.  4.  9. 14.  3.]
Visit Times in Epoch 126
[ 7.  1. 18.  4.  6.  9. 28.  2.  2.  2.  4.  3.  4.  1.  5.  7.  1.  4.
  5.  3. 45.  9.  5.  2.  7.  2.  1.  4.  2.  2. 30.  2.  4.  3.  4.  4.
  8.  2. 26.  3.  3.  6.  5.  3.  3.  8.  8.  5. 22.  2.  2. 13. 26.  3.
 61.  4. 12.  3.  7.  4.  0.  4.  8.  2. 25.  8.  2.  4. 11.  3.  4.  5.]
Visit Times in Epoch 127
[ 1.  1.  4.  2.  3.  3. 16.  5.  6. 17.  3.  6.  9.  2. 20. 27.  2.  9.
  4.  2. 30.  7.  8.  3. 12.  9.  2.  8.  2.  2. 10.  1.  2.  8.  8.  3.
  1.  0.  4.  1. 10.  7.  3.  3. 31. 25.  6.  9.  6.  7.  9. 28.  2.  5.
  1. 15. 30.  1.  6. 17. 33.  4. 16.  7.  9.  6.  4.  4.  4.  9. 30.  3.]
Visit Times in Epoch 128
[ 7.  4.  2.  7.  4. 24.  4. 18. 11.  2.  0.  2.  3.  3.  4.  1.  3.  8.
  5.  5. 62.  8.  2. 27.  2.  1.  3.  4.  6.  5.  3. 12.  8.  9.  6.  9.
  5.  5.  6.  3. 44.  6.  2.  6. 16.  8.  9.  9.  6.  3. 13.  4.  4. 12.
 10.  7. 11. 25.  6. 26.  4. 13.  2. 12.  5.  3.  3.  5.  8. 15. 46.  3.]
Visit Times in Epoch 129
[ 3.  5.  7.  2.  5.  1.  4.  3.  4.  4.  1.  5.  3.  2.  5.  2.  2. 11.
  9.  9.  9. 10. 11.  6.  2.  2.  5.  2.  5.  6.  6.  2.  1.  6.  8.  4.
  4.  8. 61.  8. 22.  5.  5.  7. 53. 28.  9. 22. 13. 14.  6. 54.  8.  0.
  4.  3. 24.  3.  2. 22. 18.  1.  1.  9.  4.  8.  6.  5.  5.  5.  9.  4.]
Visit Times in Epoch 130
[ 6.  1.  4. 10.  1.  9.  2.  1.  4.  1.  6.  6.  4.  1.  9.  2.  4.  1.
  5. 15.  9.  2.  6. 11.  8.  6. 17. 16.  7.  6.  3.  2.  5.  7.  8.  2.
  4.  1. 24.  4. 13.  9.  3.  8. 31. 20. 11.  7.  7. 12. 10. 13.  7.  5.
  7.  6. 53.  6.  2. 11. 13.  3.  3.  5.  5.  6.  6.  4.  4.  1. 14.  1.]
Visit Times in Epoch 131
[ 3.  4.  3.  9.  2.  0. 23.  4.  2.  4. 10.  3.  3.  3.  7.  5.  3. 13.
  7.  5. 44.  5.  4. 20.  4.  6.  9.  6.  0.  4. 30. 18.  5. 14.  1.  2.
  3.  4.  8.  1. 13.  3.  5.  4. 54.  1.  3. 40.  4.  8.  4. 27.  2.  8.
  2.  5.  8.  7.  3. 31.  4. 16.  2.  6.  3. 26.  3.  2. 23.  2.  5.  7.]
Visit Times in Epoch 132
[ 5.  9.  6.  7.  4.  2.  9.  6.  4.  2.  8.  1.  7. 33.  3.  8.  1.  8.
  3.  6.  2.  6.  4. 12.  8.  2. 33.  2.  8.  1. 52. 25.  9.  5.  4.  2.
  7.  3.  1.  7.  4.  3.  3.  3. 28.  6. 14.  5.  4. 14. 13.  7.  1.  2.
  7. 28.  2.  9. 11. 10. 29.  1. 18.  5. 25.  3.  4. 26.  1.  7.  1.  5.]
Visit Times in Epoch 133
[ 2.  4.  1.  1.  6.  6. 25. 11.  3.  2.  6.  6.  3.  2.  7. 18.  2.  5.
  7.  9. 74.  6.  4.  5.  6.  3.  8.  2.  5. 52. 32.  7. 10.  7.  2.  5.
  8.  4.  2.  3. 10.  6.  4.  4. 17. 21.  8.  1.  1.  1.  5.  8.  5.  5.
 13.  3.  7. 12.  7. 19.  5.  3. 16. 10.  4. 16.  4.  3. 25.  6. 22.  5.]
Visit Times in Epoch 134
[ 7.  4.  3.  9.  1.  3. 32.  4.  6.  5.  3.  3.  5. 27.  2. 10.  2.  1.
  9.  5.  4.  6.  6. 19.  9. 12. 11.  1.  6. 17. 76.  7.  7.  5.  3.  3.
  5.  3.  7.  3.  3.  6.  2.  5. 33.  6.  8.  4.  4. 15. 12. 49.  2.  0.
 30. 16.  8.  1. 10. 12.  9.  5.  2.  9. 12.  6.  6. 20.  9.  2.  2.  1.]
Visit Times in Epoch 135
[ 6.  1.  6.  2.  8.  7.  6.  3.  4.  9.  4.  6.  6.  4.  6.  4.  4.  4.
  3. 32. 31.  8.  3.  4.  9. 18. 10.  6.  2.  5.  4.  9.  3.  4.  9.  3.
  3.  6.  3.  8. 36. 11.  3.  8. 45. 11.  9.  6.  3.  3.  9. 10.  9.  4.
  5.  8. 52.  5.  4.  9. 14. 16.  7.  3.  5.  3.  4.  4. 16. 15.  9.  3.]
Visit Times in Epoch 136
[ 1.  6.  6.  7.  2. 15. 23.  9.  5.  3.  8.  6.  0.  7.  3. 22.  5. 10.
 14.  2.  4.  3.  7.  9.  4.  3.  4.  8.  2.  2. 80. 11.  3.  4.  1. 11.
  5.  2. 18.  2. 28.  8.  6.  7. 33.  4.  7.  8.  7.  4. 27. 32.  3.  4.
  2.  6.  6.  1. 10.  5.  3.  9.  3. 11.  3. 34.  2. 21.  8.  9. 27.  5.]
Visit Times in Epoch 137
[ 7.  7.  1.  3.  1.  6. 30.  3.  4.  3. 11.  4.  4. 19.  4. 11.  0.  6.
 15.  8. 25. 13.  1.  4.  7.  4.  5.  5.  6.  4. 17.  5. 13.  1.  5.  2.
  4.  3.  4.  1. 50.  3.  4.  6. 40.  3. 29.  1.  3. 38. 11.  4.  1.  7.
 27. 19.  2.  5.  5. 15.  7.  5.  5. 10. 13.  3. 16. 10.  5. 24.  4.  7.]
Visit Times in Epoch 138
[ 5.  4. 13.  4.  3.  2. 16.  7.  2.  5.  1.  7. 17. 13.  5. 15.  4.  2.
  7.  6. 78.  5.  4.  6.  6.  2.  3.  3.  7. 53.  5.  4.  5. 11.  3. 24.
  3.  6.  4. 12.  5.  7.  4. 11.  5.  5.  1. 13.  3.  3.  3.  1.  7.  3.
  9.  9.  2.  3.  2.  7.  3.  9. 54.  2.  4. 36.  9.  2. 13. 20.  8. 10.]
Visit Times in Epoch 139
[11.  5.  9.  8.  1. 11.  6.  7.  5.  2. 31.  1.  8. 13.  3.  5.  2.  4.
  5.  7. 31.  6.  6.  2.  1.  4.  1.  3.  4. 99. 21.  4.  6.  4.  7.  4.
  4.  7. 10.  3.  6. 12.  3.  4.  4.  5. 10.  5.  8. 13.  2.  9.  9.  2.
 60.  4.  7.  4.  6.  3.  4.  3. 30.  9. 13. 37. 16.  2. 12.  7.  2.  8.]
Visit Times in Epoch 140
[ 7.  4.  9.  0.  3. 10. 21.  4.  5. 21. 23.  3.  6.  9.  9. 32.  2.  3.
  4.  3.  3.  5. 13.  4.  5.  8. 12. 15.  3. 29.  3.  7.  8.  4. 13.  1.
  2.  3. 18.  5. 25. 11.  1.  4.  5. 41. 12. 13.  3.  4.  2. 25.  4.  4.
  8. 13. 10.  1.  4.  2.  1.  1. 13.  1.  6.  6.  6.  1.  7.  5.  7.  5.]
Visit Times in Epoch 141
[ 6.  7.  2.  6.  5.  5. 16.  6.  8.  3. 21.  7.  8. 11.  9. 32.  3.  7.
  5. 20. 21.  3.  3. 10.  8.  9.  8.  4.  7.  3.  7.  9.  8.  5.  4.  4.
  3. 13. 14.  2. 21.  4.  1. 10. 29.  9. 24.  4.  6.  6.  5.  8.  5.  8.
 14. 25. 12.  2. 12. 16.  7.  3. 12.  7.  6.  6.  5.  9.  9. 15.  8.  5.]
Visit Times in Epoch 142
[22.  7.  4.  5.  3.  5. 24.  6.  6.  5.  8.  4.  4. 10. 16.  9.  4.  9.
  2.  9.  3.  8.  6.  6. 14.  2.  7.  7.  6. 24. 24. 12. 16.  2.  7.  2.
  2.  5. 13. 21. 10.  9.  5.  6.  5. 37. 11.  4.  5.  3.  2. 33. 15.  4.
  8. 22. 32.  3.  7.  2. 40.  3.  3.  3. 26.  4.  4.  6.  4.  3.  4.  2.]
Visit Times in Epoch 143
[24.  5. 10.  1.  2.  4.  1.  4.  6.  3. 11.  4.  3. 14. 12. 11.  7.  9.
 11.  7.  7. 41.  2. 15.  6. 11.  6.  3.  7.  6.  3. 11. 31.  2.  2.  7.
  6.  2.  7.  2.  9.  5.  4.  6.  2.  5. 30.  3.  7. 36. 13.  9.  3.  2.
 66. 14.  5.  5.  4.  5. 21.  4.  5.  5. 42.  3.  5. 15.  4. 20.  8.  5.]
Visit Times in Epoch 144
[13.  5.  9.  5.  1.  6.  3.  7.  5. 18.  4. 11.  3. 37.  3.  5.  7.  3.
  4.  4. 38. 14.  3.  9.  6.  3.  6.  5.  1.  3.  7. 14.  9.  2.  3.  8.
  5.  6.  6.  5.  2.  3.  6.  7. 14.  0. 33.  6.  0.  7.  2.  2.  2.  3.
 17. 33.  4.  4. 17. 12.  7.  9. 31.  7. 15. 22.  7.  8.  6. 58.  2.  7.]
Visit Times in Epoch 145
[11.  4.  9.  3.  4.  7. 26.  6.  4.  3. 10.  5. 18.  6.  4. 15.  3.  4.
  7.  8. 50. 17.  3.  2.  3.  2.  2.  7.  2.  4. 10.  4. 15.  5.  5.  8.
 11.  2. 20.  5.  3.  6.  2.  3.  4.  5.  5.  2. 10. 10.  6.  9. 15.  5.
 41.  2.  6.  1.  7.  5.  1.  5. 39.  8. 11. 16.  7.  9. 12. 28.  8.  2.]
Visit Times in Epoch 146
[ 3.  3. 19.  4.  2.  4.  6.  6.  2.  7.  5.  3. 13. 23. 11.  5.  7.  1.
 13.  5. 20.  3.  2.  2.  7.  3.  2.  3.  4. 48.  4.  1. 12.  4.  5.  7.
  7.  2.  6.  5.  3.  5.  4.  2.  2.  4.  3. 19.  3. 10.  3.  5. 23. 11.
 19. 11.  4.  9.  1.  7. 17. 16. 48.  3.  7. 74. 13.  2. 14. 26.  5. 10.]
Visit Times in Epoch 147
[ 9. 11. 15.  9.  5. 12.  3.  6.  4.  3.  3.  5.  3.  8. 13.  3.  3.  6.
  4. 10.  1.  8. 11.  7. 17.  6. 28. 17.  7.  3. 13.  3.  6. 10. 13.  2.
  5.  4. 15.  4.  9.  6.  6.  5. 30. 44.  6. 14. 19.  8. 11. 50.  9.  5.
  5.  6. 34. 12.  6.  9. 20.  5.  3.  5. 18.  8.  5.  1.  3.  6. 14.  2.]
Visit Times in Epoch 148
[ 5.  6.  4.  7.  7.  2. 24.  6.  6.  4.  4.  1.  6.  4.  6. 12.  2. 10.
  0.  1. 13.  3. 10. 10. 11.  1.  3.  3.  5. 62. 42.  6.  2.  5.  6.  7.
  6.  1. 14.  2. 21. 18.  8.  5. 48. 15. 12.  6.  3.  5.  8. 21.  4.  2.
  6.  5.  5.  5.  5. 20. 12.  7.  5. 12.  7.  6.  3.  7.  3.  4. 67.  4.]
Visit Times in Epoch 149
[ 6.  7.  9.  6.  3.  9.  6.  7.  5.  5.  6.  6.  2. 13.  5.  7.  3.  7.
  5.  3. 20. 21.  6. 18.  3.  3.  6.  4.  4. 27. 57.  8.  6. 19.  0.  4.
  7.  4. 23.  3.  3.  2.  4.  7. 14.  3.  5.  4.  7.  2.  8.  6.  3.  5.
 55.  6.  4.  3. 10. 16.  2. 11.  4. 16. 59.  5.  5. 13. 12.  7.  5.  6.]
Visit Times in Epoch 150
[ 6.  5.  7.  6.  2.  9. 10.  5.  6. 39. 25.  3. 10. 22.  6.  6.  2.  5.
  5.  5. 17.  3.  9.  6.  6.  5.  4.  3.  5.  9. 29. 26.  5.  7.  6.  4.
  7.  5.  8.  8. 12.  8.  5.  4. 20.  7. 15.  7.  2. 34.  6. 28. 13.  5.
 13. 20. 13.  5.  5. 13.  8. 11. 19.  5. 11. 29.  4. 10.  8.  5.  3.  5.]
Visit Times in Epoch 151
[11.  2.  2.  2.  6.  5.  3. 11.  7.  7.  6. 12.  2.  3. 20. 10. 10.  7.
 16. 10. 44.  8. 11.  6.  7.  3.  5.  9.  6.  4.  3. 10. 12. 23.  9.  7.
  4.  4.  6.  5.  4. 15.  2.  4. 10. 37. 25. 13. 17.  4.  8.  4.  6.  5.
  8. 18. 27.  4.  2.  9. 20.  8. 41.  7.  3.  3. 11. 12.  4. 22. 56.  4.]
Visit Times in Epoch 152
[ 7.  5.  6.  3.  7. 10. 15.  9.  2.  8. 13.  2.  5.  7.  5. 26.  5.  4.
 15.  7.  5.  4.  7.  6.  4.  4.  7.  5.  2. 57.  3.  8.  4.  6.  3. 17.
  4.  4.  7.  7. 37.  4.  3. 15. 22.  5. 20. 19.  9. 18.  3.  1.  9.  3.
  1. 12. 20.  3. 17.  4.  5.  9. 47. 12.  3. 37.  3.  4. 33.  6. 51.  1.]
Visit Times in Epoch 153
[14.  7.  5.  3.  5.  8. 41.  6.  2.  6.  7.  0.  9. 25.  6. 10.  1.  6.
  1.  5.  3. 16.  4.  6. 11.  6.  4.  5.  6. 38. 32. 15. 33.  4.  3.  0.
  3.  7. 11.  1. 24.  7.  6.  5.  5.  6.  5.  7.  4. 21.  1. 10.  6.  5.
 61. 15.  5.  3. 20.  2.  4.  4.  9.  5. 26.  2.  6.  2.  4.  3.  8.  7.]
Visit Times in Epoch 154
[19.  6. 19.  2.  6.  6.  3.  6.  4. 51. 33.  3. 17.  6. 21. 15.  2.  2.
  5.  1.  5. 19.  3.  5.  7.  1.  2.  5.  5. 26.  6.  4. 26.  3.  4.  9.
  6.  5.  2.  6.  6.  5.  6.  5.  3. 10.  8. 33.  3. 13.  3. 15. 13.  2.
 22.  2.  4. 13.  1.  6. 10.  9. 17.  2. 23. 27.  9.  3.  8. 21.  5.  6.]
Visit Times in Epoch 155
[ 9.  2.  5.  2.  8.  4.  5. 11.  3.  4.  7. 11. 13.  3.  9. 12.  2.  1.
  0.  2.  3.  4. 14.  1.  4.  5.  4. 13.  7.  2.  6.  2.  5.  8.  9. 23.
  8.  5. 21.  8. 10.  5.  5.  9.  5. 11.  3.  5.  8.  4. 11.  4. 13. 10.
 27.  3. 20. 16.  3. 38.  1. 21. 50.  7.  8. 36.  5.  2. 40. 49. 45.  5.]
Visit Times in Epoch 156
[ 2.  6.  5.  4.  9.  9. 40.  6.  5. 24.  7.  8.  2.  4.  4. 10.  2.  3.
  2. 12. 30.  3.  1.  5. 13. 10. 12.  4.  3. 20. 19.  6.  5.  8. 15.  3.
  4.  6. 18.  5.  9.  4.  4.  3. 53. 31.  5.  3.  5.  4.  5. 31.  7.  5.
  6.  1. 11.  1.  9. 15. 14.  9.  8.  5.  5. 11.  3.  4.  7.  6. 67.  5.]
Visit Times in Epoch 157
[18.  5.  3.  1.  4.  8. 14.  7.  3.  2. 11.  4. 20. 13.  3. 20.  4.  4.
 12. 10. 19. 34.  2. 18.  8.  7. 12.  4.  5.  3. 37.  9. 10.  5.  4.  6.
  3.  2.  5.  4. 23.  2.  3.  8. 31.  8. 23.  5.  2. 36. 10.  3.  5.  6.
 36. 14. 10.  4. 12. 16.  5.  4. 11. 18. 37.  2.  9.  1.  6.  9.  5.  4.]
Visit Times in Epoch 158
[32.  5.  5.  6.  4.  5.  5.  2.  3.  8.  3.  3.  5. 18.  2. 15.  6.  9.
  4.  4.  2.  7.  9.  5. 20.  6.  5.  3.  6. 33. 10.  9. 14.  1.  3.  3.
  4.  6. 62. 11. 12. 16.  7.  3.  3.  6.  4.  3.  6.  9.  2. 38.  7.  2.
 18. 26.  5.  3. 10.  2.  7.  1. 12.  5. 53.  6.  6.  5.  2.  5.  3.  2.]
Visit Times in Epoch 159
[ 5.  4.  8.  4.  7. 15. 16. 14.  3. 20. 10.  4.  1.  2.  8. 11.  3.  2.
 11.  2. 35.  4.  5.  5.  8.  4.  8. 11.  3.  5.  5.  3.  3.  4.  8.  9.
  9.  7. 16.  7. 27.  4.  4.  6. 18. 14. 14. 30.  9. 13. 10. 11. 11.  5.
  2.  6. 39.  9. 14. 22.  7. 12. 23. 15.  2. 25.  3.  4. 18. 45. 68.  5.]
Visit Times in Epoch 160
[ 6.  3.  5.  4.  4. 12. 12. 10.  5. 27.  9. 10.  5.  7. 16.  7.  6.  3.
 11. 16. 16.  4. 15.  1.  7.  2. 26.  2.  5. 20.  5.  6. 14.  2. 11. 11.
  3.  8.  7.  9.  2.  7.  4.  5. 27. 30. 35. 17.  6.  3.  8.  7. 14.  6.
  3. 12. 18. 14. 10. 14. 10.  5. 35.  8.  4. 19.  7. 10. 15. 13. 74.  3.]
Visit Times in Epoch 161
[41.  4. 16.  6. 13.  9.  6.  9. 12.  7.  6.  1.  9.  2. 13.  5.  3.  7.
  4.  6. 17. 15.  4.  4.  5.  4.  9.  8.  5. 75.  3.  3.  3.  3. 12.  9.
  6.  8. 11. 10.  6.  2.  1.  7.  1. 14.  4. 11.  5.  7.  3.  7.  4.  4.
 84.  7. 13.  5.  5.  4.  4.  9. 33.  3. 42.  6. 12.  8.  4. 10. 21.  6.]
Visit Times in Epoch 162
[ 5.  6.  2.  6.  8.  5.  6.  5.  7. 29.  5.  5.  6.  2.  7.  6.  3.  6.
  6.  7.  4.  5.  5.  7.  3.  1. 11.  6.  1.  5.  5. 21.  7.  7.  7. 15.
  2.  4.  6.  3. 15. 12.  5.  6. 70. 11. 12. 29. 11.  4.  8.  4.  3.  6.
  4.  7. 22.  8.  9. 51.  5. 14. 14.  9.  1. 54.  9. 10. 28. 18. 69.  4.]
Visit Times in Epoch 163
[10.  1.  4.  7.  5. 16.  7.  8.  5.  7.  5.  8.  5.  5.  4.  3.  9.  5.
  7.  7. 49. 12. 16.  8. 11. 10.  7.  7.  5. 31.  6.  8. 11. 14. 10.  9.
  7.  4. 20.  7. 27.  8.  4.  6. 15. 29.  8.  7. 16. 12. 14. 10. 14.  4.
 12. 15. 24.  6. 11. 13. 22.  9. 14.  6.  8.  7.  6.  7.  6.  9. 38.  2.]
Visit Times in Epoch 164
[13.  6. 23.  9.  5.  7. 60.  4.  4. 22. 31.  4. 12. 16.  6. 17.  1.  4.
 22. 10.  3. 20.  5.  7.  5.  6.  7.  6.  5.  8. 24.  7.  8.  5.  8.  7.
  8.  8.  4. 16. 10.  2.  3.  1. 19.  6.  9. 13.  8. 33.  2. 25. 14.  3.
 27. 15.  6.  5.  3.  1. 11.  5. 15.  1. 20. 42.  7. 10.  6. 14.  3.  5.]
Visit Times in Epoch 165
[29.  6. 19.  2.  6.  5. 17.  2. 15.  9.  3.  3.  7.  3. 13.  4.  5.  9.
  5.  5.  6. 21. 14.  4. 13.  4.  6. 14.  6. 16. 12. 11. 16.  4. 17.  8.
  2.  4.  5.  4. 57. 12.  5.  4. 16. 53. 21. 34.  8. 12.  5. 40. 12.  7.
 17. 25.  4.  5. 19.  6.  5.  2. 13.  7. 15. 12.  9.  2.  5.  4. 46.  6.]
Visit Times in Epoch 166
[16.  7. 10.  6.  1.  8.  3. 10.  5. 20.  9. 16.  3.  5.  9. 11.  3.  5.
 14.  9. 53. 25.  8.  6.  8.  3.  5.  9.  7. 33.  8.  3. 11. 12.  7. 12.
  5.  7. 11.  5.  6.  4.  9. 10.  9.  5.  6.  6. 12. 42. 13.  5.  5.  5.
 37.  9.  6.  4.  4. 18.  5. 10. 23.  9. 25.  9. 10.  9. 11. 42. 28.  5.]
Visit Times in Epoch 167
[ 7.  9.  8.  7.  4.  3. 49.  3.  7.  3. 24.  6. 17. 37.  7. 14.  4.  5.
  9.  9.  3.  4.  1. 10. 12. 15.  7.  8.  4.  5. 41.  4.  5.  4.  4.  4.
  2.  6.  4.  7. 14.  3.  5.  8. 53.  8. 23.  8.  2. 22.  5. 19. 11.  6.
  3. 37. 18.  7.  6.  5. 32.  5. 26.  4. 13. 16.  3.  1.  4.  4.  4.  2.]
Visit Times in Epoch 168
[ 3.  4. 17.  6.  7.  6.  8. 16.  4. 44. 17. 20.  5.  1.  9. 14.  1.  4.
 12.  4. 73. 10. 13.  6.  4.  5.  5.  5.  5.  6.  5.  0.  7. 21.  4.  8.
  9.  6.  9.  4.  4. 16.  2. 11. 21. 11.  5. 38.  8.  5. 11. 15. 13. 10.
  2.  6.  4. 22.  3. 22.  3. 21.  9.  5. 10. 58.  9.  4. 24. 11.  8.  5.]
Visit Times in Epoch 169
[15.  9.  8.  3.  4.  3. 34.  4.  7.  5.  1.  9.  4. 28.  6.  7.  8.  5.
  4.  8.  7. 13.  4. 17.  8.  3. 16.  5.  5.  1. 16. 14. 30.  5.  3.  4.
  2.  3.  2. 11. 27.  3.  9.  9. 44.  5. 23. 17.  1. 19.  5.  3.  2.  2.
  8. 16.  3.  3. 13. 12. 20.  6. 10.  3. 49. 11. 18. 18.  2. 25.  5. 10.]
Visit Times in Epoch 170
[ 3. 12.  5. 10.  5.  6. 32. 17.  5. 17.  8.  4.  0. 16.  4. 19.  7. 11.
  6.  3.  2.  4.  7. 20.  3.  5.  5.  6.  7. 23. 69. 11.  2.  5.  1.  7.
  7.  3.  6.  5. 21.  7.  4.  7. 64.  3.  3.  8. 11.  4.  9. 26.  6.  8.
  3. 13.  3. 12. 17. 17.  4. 18.  2. 11.  4. 44.  3.  3. 24. 11. 20.  3.]
Visit Times in Epoch 171
[55.  5. 18.  9.  5.  5.  4.  8.  6.  6.  7.  1. 11.  7.  8.  4.  2.  5.
  6.  9.  2. 54.  7.  6.  8.  8. 10.  8.  5. 33.  3.  4.  7.  6. 16.  5.
  6.  4. 29.  7. 16.  5.  5.  4.  2. 45. 22. 12.  8.  6.  4.  6.  2.  5.
 30. 12. 11.  5.  3.  7. 19.  3.  7.  6. 62.  4. 12.  4.  5. 32.  9.  5.]
Visit Times in Epoch 172
[19. 11. 23.  6.  6. 12.  2.  9. 10.  2.  4.  3.  2.  6.  5.  3.  1. 16.
  6.  9.  4. 37.  2. 21. 10. 19.  8. 16.  3. 23. 17.  5. 14.  5. 15.  5.
  5.  5. 30.  4.  9.  5.  5.  7. 27. 19.  6. 19. 11. 28.  3. 62.  4.  4.
 34.  3. 27. 13.  9. 20.  9.  4.  3.  7. 47.  2.  3.  5.  7.  6. 14.  4.]
Visit Times in Epoch 173
[20.  7.  5.  5.  7.  9.  7.  9.  9.  2.  7.  6. 15. 22.  8. 11.  3.  6.
 23. 14. 17. 14.  5. 16. 11.  5. 21.  6.  4.  4. 13. 18. 20.  6.  5.  3.
  8.  8. 12.  4. 44.  5.  3.  6. 28. 11. 25.  2. 11. 19.  9.  6.  4.  7.
  7. 27. 12. 12.  8.  9. 33.  8. 10. 13. 16.  3. 10.  3.  2. 23.  4.  2.]
Visit Times in Epoch 174
[22.  6.  5.  5.  9.  3. 17.  6.  1.  4. 16.  1.  2.  4.  7. 18.  3.  6.
  3. 10. 18.  4. 12.  3. 11.  7. 22.  5. 10.  4.  6. 11.  6.  5. 10.  2.
  3.  3.  2.  9. 14.  7.  6.  6. 46. 30.  7. 31. 20. 45.  9. 16.  4.  6.
 10. 58. 75.  8.  6. 12.  2.  7. 13. 10.  4. 14. 13. 11.  6. 18. 27.  3.]
Visit Times in Epoch 175
[25.  7. 10. 10.  5.  6.  6.  0. 11.  6.  8.  0. 16. 18. 10.  3.  6. 10.
  6. 11.  5. 20.  5. 16.  8.  4. 30.  4.  3.  7.  4. 14. 16.  4. 10.  5.
  4.  7. 12.  6. 45.  7.  5.  4. 17. 12.  3. 17. 13. 35.  4.  5.  6.  3.
 23. 57.  4.  3. 18. 10. 35.  2. 12.  7. 29.  6. 27. 12.  5. 25.  2.  4.]
Visit Times in Epoch 176
[11.  2.  6.  3. 22.  0.  7.  8.  8. 15.  6.  6. 10.  5.  7.  5.  4.  5.
  8. 21. 32. 10.  2.  3.  6.  4. 11.  5.  7. 36.  7. 10. 15. 12.  4. 18.
  8.  2. 14.  6. 56. 14.  3.  9.  2. 13. 25.  3. 12.  9. 12.  5.  7.  6.
 19.  8. 36.  8.  6. 17.  8.  9. 16.  9. 17.  7. 12. 12. 10. 22. 53.  7.]
Visit Times in Epoch 177
[ 4.  8.  3.  6.  1.  3.  8. 11.  7.  4.  7.  7.  6. 18.  3.  8.  2.  8.
  3.  5. 28.  5.  5. 23.  6.  8. 12.  4.  6.  7. 17.  5.  8.  5.  4. 11.
  2.  4.  5. 11. 23.  4.  7.  3. 63.  5. 17.  5.  8. 16.  2.  0.  3.  6.
  6. 57.  5.  3. 10. 74.  8. 19. 21.  5.  5. 13. 11. 22. 15. 28. 11.  7.]
Visit Times in Epoch 178
[ 5.  9.  6.  5.  4. 14. 35.  5. 10. 19.  5.  3.  6.  4.  6.  2.  7.  3.
  4. 42. 18.  5. 14. 14. 12. 13. 16.  4.  9. 58. 43.  9.  4. 15. 18.  4.
  4.  8.  9.  3.  6.  6.  4.  8. 15. 22.  4.  5. 18.  4.  3. 54. 20.  5.
  7.  6. 88. 11.  8. 11.  8.  7.  4.  9. 17.  6.  3.  3.  9.  4. 24.  7.]
Visit Times in Epoch 179
[24.  1.  7.  5.  3.  2.  8.  3. 12. 52. 38.  3.  5. 32. 15.  4.  5.  5.
  8. 10. 30.  9.  4.  8.  6.  4. 10.  3.  5.  9. 14.  9.  7.  6.  3.  3.
  4.  4.  5. 11.  2.  6.  3.  8. 41.  6. 13. 13.  4.  8. 11.  8. 11.  4.
  1. 23.  4. 24. 13. 16. 14.  7. 33.  5. 20. 31.  9.  7. 11. 24.  5.  6.]
Visit Times in Epoch 180
[28.  3. 29.  2.  3.  9. 81.  3.  8. 16. 22.  6. 11. 15. 12. 37.  2.  6.
 15. 10.  6. 28.  3.  5.  8.  3. 13.  5.  5.  5.  7.  5. 16.  6.  3.  4.
  2.  4.  4.  2.  1.  6.  9.  2.  4.  5. 21. 19.  5. 10.  1.  8.  7.  5.
 13. 29.  3.  4.  6.  0. 43.  9. 33.  4. 59. 21. 14. 11.  4. 17.  7.  8.]
Visit Times in Epoch 181
[11. 15. 10.  9.  6. 15. 37.  4. 11.  5.  2.  3.  3. 17.  6.  3.  5.  6.
  3. 13.  4. 16. 14. 22. 13.  5.  9. 11.  5. 16. 76.  6. 12.  2.  4.  7.
  5. 10. 12.  4.  4.  6.  5.  3. 13. 58.  9.  6. 12.  8.  1. 17. 14.  5.
 68. 10.  4.  5.  9.  3. 17.  2.  4. 14. 62.  5.  8.  5.  2.  3. 10.  7.]
Visit Times in Epoch 182
[17.  7. 12.  7.  9. 13.  6. 11.  6. 24.  9.  5.  8.  9.  4.  7.  5.  7.
 10. 15. 85. 21.  6.  6. 10.  8.  9.  3.  5. 23. 26.  9. 15. 14.  9. 11.
  6.  6. 25.  7. 19. 10.  4.  7. 13.  8. 11.  7.  8. 13. 17. 21.  8.  6.
 35. 13. 10.  8.  7. 20. 12. 11.  8.  5. 23. 12.  9. 11.  7. 20. 21.  4.]
Visit Times in Epoch 183
[ 12.   2.  11.   6.   5.   6.  10.   5.   7.  19.  18.   5.   9.  18.
  14.   6.   2.   4.   6.   7.   9.  34.  10.   4.  14.   6.  29.   9.
   5. 118.   9.  10.  36.   5.   9.   3.  14.   6.   9.   5.   5.   8.
   8.   4.   2.   9.   8.   3.   3.  21.   1.  10.   3.   4.  30.  37.
  22.   4.  13.   2.   6.   5.  77.   3.  17.   3.  12.  11.   0.  14.
   8.  12.]
Visit Times in Epoch 184
[ 5.  7.  2.  4.  4.  6.  9.  8.  5. 36.  9.  3. 29. 12.  4.  2.  4.  4.
 10. 10. 36.  2. 16.  4.  5. 15.  6.  8.  7. 35. 59. 24.  5.  4. 10.  6.
  7.  7. 12. 16. 13. 12.  5.  8.  9. 13.  9.  6. 25. 14.  4. 15. 13.  5.
 31.  9. 37.  8.  9.  5.  7.  4. 30. 20.  6. 24.  8.  7.  9. 10.  5.  7.]
Visit Times in Epoch 185
[ 7.  8.  3.  6.  5. 13. 16.  4.  9.  5.  5.  5.  6. 11.  2.  7.  4.  6.
  3.  8.  6.  5. 11. 42. 14.  3. 21. 14.  6.  6. 93. 22.  4.  9. 15.  5.
  3.  8. 26.  5. 35. 13.  3.  7. 57. 29.  4.  3. 14.  8.  6.  8. 17.  6.
  4. 19. 37.  9.  3. 16. 24.  1.  8. 10. 18.  8.  4.  3.  5.  5. 18.  3.]
Visit Times in Epoch 186
[ 5.  7. 35.  6.  5.  4. 40.  4.  5. 24. 39.  3.  8. 27.  5. 31.  6.  6.
  2.  4. 13. 14.  5.  8.  2. 11.  4.  4.  5. 78. 38.  4. 10.  7.  8.  6.
  6.  7.  6. 10.  1.  7.  9.  3. 12.  8.  5.  5.  6. 10.  1. 44. 13.  5.
 36.  3. 10.  6.  3.  9.  6.  5. 22.  7. 31. 60.  9.  4. 23.  3.  5.  5.]
Visit Times in Epoch 187
[  5.  12.   3.  10.   7.   9.   8.  11.   9.   9.   3.   2.   7.   8.
  15.  10.   4.   9.  14.   7.   2.   7.  18.  11.  11.   7.  19.   9.
   5.   8.   6.  14.   8.   3.  10.  10.   3.   4.  14.   8.   8.  16.
   5.  13.  46.  39.   9.  19.  28.   7.   4.   6.   5.   6.   6.  10.
  33.  15.  17.  80.   6.  15.   9.   9.   5.   6.   8.  15.  14.  34.
 106.   4.]
Visit Times in Epoch 188
[ 4. 18.  5. 12.  3.  5. 12.  8.  7. 34. 14.  2.  4. 31.  5.  8.  3.  5.
  9.  4. 28.  5.  1. 24.  5.  5.  7.  3.  4.  5. 63. 10.  6.  9.  6. 11.
  5.  6.  4. 14.  5.  2.  6. 13. 84.  5.  6.  7.  1. 23. 25. 12.  8.  8.
 10. 24.  4.  9. 20. 18.  4. 27. 32. 22.  7. 64.  9.  6. 15. 22.  4.  8.]
Visit Times in Epoch 189
[ 8.  3.  3.  2.  8.  4.  9.  5.  4.  7. 32.  3.  4. 48. 10. 12. 12.  6.
  8. 24.  4.  9.  4. 13. 11. 14.  4.  9.  7.  5. 54. 12.  8.  7.  6.  1.
  6.  5. 12.  3. 10.  9.  9.  6. 75. 11. 10.  7.  2. 40.  6. 43.  6.  4.
  4. 50.  5. 14. 13. 37. 19. 11. 11. 21. 15. 25.  7.  5. 10.  7.  6.  4.]
Visit Times in Epoch 190
[ 3. 10.  3. 12.  9.  7. 17. 12.  6. 10.  5. 14.  3.  9.  3. 15.  4.  4.
 13.  2. 11.  7.  5. 14.  3.  4.  5.  2.  4. 75. 20. 27.  4. 11.  4. 15.
 15.  4.  2.  9.  8.  4.  3. 27. 13.  9.  3.  4.  5.  5. 36. 45.  5.  9.
 80. 11.  5.  2.  7. 42.  5. 20. 10.  9. 34. 27.  4.  8. 18. 12.  6.  5.]
Visit Times in Epoch 191
[13. 12. 15.  6.  4.  5.  3. 10.  5.  6.  4.  5.  5.  9.  5.  5.  2.  7.
 12.  2. 47. 30.  3. 14.  6.  4.  6.  7.  8. 30. 21.  8. 13.  7.  6. 10.
  7.  2. 34.  5.  5.  4.  5.  5. 33.  7.  7. 13. 10.  6. 13.  9.  5.  6.
 66.  7.  6.  7.  5. 34.  8. 10.  3. 13. 45.  7.  3. 18.  9. 22. 32.  5.]
Visit Times in Epoch 192
[ 5.  7.  5.  5.  7.  5. 18.  5.  5. 17. 13.  9.  3.  6.  7.  4. 10. 10.
 11.  6. 47.  6.  6.  6. 14. 14.  7. 14.  6.  8. 12.  5.  7.  8. 12.  1.
  6.  9. 44. 14. 63. 10.  2.  7. 45. 41.  9. 16.  6. 44. 10. 19.  3.  8.
  7. 19. 36.  9.  6. 24.  7.  8. 20.  8.  4. 38.  4.  6.  9. 11. 16.  2.]
Visit Times in Epoch 193
[30.  4. 20.  7.  5. 15.  0.  6. 18.  7.  6.  4.  4. 11. 19.  2.  6.  9.
  7. 12.  3. 32.  4. 13. 11. 32. 11. 11.  4.  8.  7.  9. 47.  6. 13.  7.
  4.  2. 12.  6.  6.  5.  5.  5.  6. 53. 26. 21. 23. 21.  4. 22.  6.  5.
 19. 18. 74.  6.  5.  3. 14.  4. 11.  0. 37.  6. 10.  8.  5. 15. 11.  6.]
Visit Times in Epoch 194
[20. 10. 10.  4.  8.  5.  8. 10.  9. 22. 14.  6. 17.  6. 15. 25.  5.  8.
  6. 20. 18. 10.  5.  9.  5.  9.  1.  8.  6. 36.  8.  8. 20.  5.  8.  8.
 16.  8. 31.  3.  8. 17.  7.  9.  8. 21. 27.  7. 37. 18.  5.  5. 17.  4.
 32. 11. 39.  2.  5.  8. 10.  8. 50.  7. 12.  7.  4.  5.  7. 47. 11.  7.]
Visit Times in Epoch 195
[ 6. 10.  5.  6.  6.  7. 35.  6.  5.  8. 16.  9.  9.  7.  8. 34.  3. 12.
 16.  7. 54.  5.  6. 11.  6.  3. 14.  6.  2.  2. 10.  8.  7. 10.  5. 16.
  6. 13. 17. 15. 17.  5.  3. 10. 45. 11. 13. 18. 18. 29. 11.  2. 10. 10.
  4. 25.  6.  7.  8. 13.  7. 17. 28. 22.  5. 25. 12. 16. 13. 50. 21.  7.]
Visit Times in Epoch 196
[14. 12. 26. 10.  4. 26.  6.  5.  4. 10.  4.  8.  3.  6.  4.  2.  6. 10.
  3.  1.  8. 34.  4. 14.  7. 18.  5.  8.  2. 34. 22.  6.  8.  6. 21.  5.
  6.  3. 21.  4.  5.  6.  4.  6. 27. 39.  3. 15. 25.  2.  9. 78. 12.  7.
 43.  9. 33. 11. 11. 22.  3.  5.  7.  9. 45. 10.  5. 16. 12.  4. 19.  4.]
Visit Times in Epoch 197
[ 6.  9. 10.  5.  9.  7. 56.  2.  6. 18.  5.  8.  6.  4. 12.  8.  0. 13.
  6. 14. 12.  6. 14.  5. 17. 10.  8.  6.  5.  8. 22. 26.  4. 10. 18.  7.
  3.  4. 16.  7. 16. 26.  7.  4. 45. 25. 11. 21. 13. 31. 18. 70. 15.  9.
  7. 11. 85. 11.  3. 14. 22.  7.  5.  7. 10. 18.  4.  5. 13.  3.  6.  6.]
Visit Times in Epoch 198
[ 8. 14. 17. 11.  8.  1. 55.  2.  4.  6. 24.  8.  5. 20.  5. 13.  6.  9.
 14. 16. 28. 10.  4. 22.  6.  4. 16.  4.  7. 11. 43. 10. 13. 10.  5.  9.
  4. 10.  4.  9.  6.  5.  8. 13. 67.  9.  5. 12.  4. 34. 21. 61.  8. 10.
 17. 15. 19.  6.  9. 25. 13. 10. 12.  5. 23. 13. 10.  7. 12. 19.  8.  7.]
Visit Times in Epoch 199
[32.  6. 18.  6.  4. 12. 11.  6.  8. 60.  7.  2.  0.  3. 31.  6.  5.  7.
  3.  9.  1. 14. 11.  3. 11. 17. 10. 12.  5. 77.  9.  3. 22.  4. 13.  6.
  7.  7.  6.  8.  5. 13.  6.  2.  9. 57.  4. 19. 11.  6.  7. 66. 22.  4.
 19.  5. 33.  8.  1.  3. 21.  4. 14.  5. 28. 14. 10.  4.  4.  9. 14.  8.]
Visit Times in Epoch 200
[ 7.  5. 14.  4.  4. 11.  4. 10.  4.  8.  6.  9. 10.  5. 22.  8.  8.  6.
  3.  3. 79.  8. 11.  8.  5.  7.  9. 12.  6.  2.  4.  5.  7. 27. 13.  7.
  5.  5. 47. 11. 26. 12.  4. 10. 31. 30.  5. 30.  4. 21. 23. 14.  6.  9.
  7. 12. 37. 10. 15. 13.  9. 19. 10.  8.  8. 26.  7.  6. 14. 41. 60.  8.]
r_sum_mean_array
[36.73952798638055, 72.78156055959613, 174.22541549604517, 173.99677939131612, 254.85083166721864, 222.57503121624225, 324.4506550712615, 332.0053103797909, 390.8845398570591, 366.6325607244437, 513.3034681834586, 510.67841257354587, 549.3564502643949, 659.690161897964, 669.5170926749478, 763.3311261859455, 699.0637255414847, 853.5998601987491, 839.0610011200795, 815.6021526430579, 1002.3796586595383, 1026.8279634883518, 1016.2211033357306, 1195.9995552208593, 1149.5725175160842, 1114.8064146101422, 1141.8982360629216, 1353.8849733893242, 1096.983833159546, 1306.2512868189517, 1099.6007504528786, 1109.4673120605337, 1292.3742036839328, 1329.4074550687512, 1320.8013470333078, 1584.4721531324483, 1455.778435692976, 1812.7254449501338, 1567.9144722000449, 1661.8613136550898, 1626.063494438065, 1694.1183291651357, 1829.653684727522, 1695.0198866084404, 1687.4614661080009, 1811.8173588014474, 1816.3865929923427, 2170.596544073815, 1896.1193059417624, 2033.8842859552315, 1896.2953230021046, 1952.4824328517448, 2028.145497136287, 2140.849694948427, 2191.747540970787, 2190.0180664488234, 2222.3567091843715, 2221.98545457667, 2298.20468424004, 2274.6765004769964, 2505.8178235924674, 2325.1701866092367, 2601.713961689423, 2242.166428208895, 2112.573740663104, 2652.411309267081, 2416.8956707614884, 2559.8960423100707, 2342.0677138747064, 2559.3980231676815, 2865.3623862230525, 2595.1260403410133, 2638.3935494770412, 2639.4786098496697, 2587.1094926290157, 2629.155312798679, 3188.797850326969, 2326.1888223856367, 2839.7255444099246, 2848.187364751083, 3075.8076045007674, 2638.9630586771473, 2949.452559349968, 2891.0832891573396, 3004.978365695567, 2973.2675937738013, 3017.921453569308, 3068.749165795152, 3307.736770182677, 3121.862764507308, 2937.5193113244536, 3008.5240207127563, 3381.2511857052027, 3165.151739320813, 3299.987502176457, 3300.3201388323246, 3053.3088202584404, 3573.749043637982, 3285.8052413561654, 3700.8466565398835, 3707.7440368285334, 3697.6301821578813, 3531.640793591904, 3698.22851526859, 3544.724246709389, 3685.4018109909834, 4009.744807654909, 3328.5299041108956, 3708.6141114058114, 3879.1734917023805, 4022.0039461294673, 3774.753641434054, 3928.879949150069, 4074.6918440687978, 4181.129151568648, 3831.226272161093, 3812.219735342834, 3629.521709928727, 3750.2507318462517, 4188.162727942496, 4432.540089525356, 4069.947346104094, 4300.290799695112, 4251.955119865529, 4404.670354510774, 3972.2173867680367, 4483.092262505975, 4648.6178367283865, 4559.613666327498, 4197.120463533436, 4195.550940780347, 4312.269550657116, 4557.5876596826065, 4867.721389637894, 4642.021731187894, 4570.988019734488, 4849.5490582378625, 4210.602609149216, 5007.666828218448, 4322.63106804745, 4784.479177629793, 4618.159801716134, 4725.55422249752, 4817.6397421435295, 4584.13628587333, 4491.2866015760565, 4555.789513054876, 4841.501420737613, 4738.0385347676065, 4973.249610921065, 5359.60585905264, 5445.402962256878, 5048.50558783147, 3960.899141608296, 4938.0373207628045, 5266.064053353976, 5196.756624982671, 4993.696937256217, 5668.292636540529, 5605.226017450507, 5223.243282757855, 5181.527030873853, 5300.933443521003, 4883.404815130059, 5176.346358319895, 5469.06196414661, 5381.690234278791, 5263.825391927435, 5065.528397385349, 5261.715344418848, 5159.011909938784, 5080.347051828841, 5597.446155399171, 6085.689789774641, 5798.20715363796, 6240.024893636247, 5633.179538826075, 6334.815789282068, 5323.633753993623, 5505.589390875559, 5956.010789025402, 5507.994552666838, 6357.590245573679, 6336.543270049542, 5692.431407815549, 5801.298518802117, 6176.316744635744, 5904.544671140741, 6117.162398546651, 6183.167051744493, 5685.868793982287, 6482.824744736591, 5916.655663022238, 6464.155494995489, 6237.430510527025, 5625.948124461359, 6693.630257527083, 6343.171819449961, 6145.991483300558, 6294.348947279664]s_r_sum_mean_array
[51.95753875352526, 102.9286700340596, 246.39194550459467, 246.06860522443867, 360.4135025258432, 323.6568188419714, 458.84251672261297, 470.072880226808, 552.7942175878197, 522.6894753942003, 729.5057194613884, 723.0280383343999, 817.7142822476198, 934.9803731030711, 931.795660757058, 1054.14094061851, 1008.0464008344098, 1162.5034872798835, 1226.5201334944206, 1214.44398659161, 1340.2001208186402, 1401.932783697343, 1493.0665552967607, 1586.6127254926491, 1566.9510734812516, 1546.2419057606603, 1661.6707032977804, 1844.2889826732837, 1677.5411852970983, 1733.6775699261152, 1558.2174677192584, 1765.7502867578557, 1875.421715174067, 1902.7386226597848, 1862.6968303977328, 2167.6780894846133, 1909.4310963895196, 2420.0288320691816, 2114.79539932663, 2301.8530405920183, 2294.4960709155926, 2405.5544289377085, 2587.339902189594, 2461.5040955619893, 2519.469079306913, 2609.800125702281, 2734.8073257588508, 3087.1779642095785, 2662.6884857696828, 2812.861234157769, 2839.162508814228, 2948.7120079780702, 3052.9294815131866, 3092.272150939225, 3148.6927909359906, 3258.8030652610832, 3276.566989037325, 3215.3180972832047, 3335.976488570094, 3302.553401228642, 3552.454350429798, 3501.83667403193, 3635.773099552198, 3384.7653640803014, 3493.3916704873645, 3647.8549518225363, 3640.3788674584553, 3711.1840258363327, 3839.1329640265985, 3926.109145885711, 4038.958478435093, 3943.2976511791167, 4215.032843972281, 4038.7245719909683, 3833.6826859221496, 4110.108851987841, 4530.833221516024, 4326.32884822266, 4435.670243534147, 4260.211977806251, 4421.045649176792, 4600.993202081438, 4714.144849169908, 4711.263738353475, 4570.497287374492, 4627.632211061065, 4672.159840119306, 4846.9497799040955, 4921.761824298829, 4994.904739189517, 4752.08808623329, 5009.676300792168, 5414.572158844726, 5346.3057576152605, 5245.707482179732, 5248.400525922869, 4984.3526163333045, 5118.094659287767, 4992.053354481945, 5382.122948673392, 5456.910679596031, 5471.181214846637, 5405.552828557157, 5668.6859240789445, 5822.536360112715, 5932.887059790585, 6124.9757693910715, 5778.864221274291, 5666.136362500565, 6242.911150394226, 6246.70452720675, 5923.230769760178, 6090.844772732685, 6207.716793787721, 6503.175811698113, 6156.923371858766, 6307.531604952677, 5967.825104725974, 5838.522412032326, 6597.37511041328, 6800.638427909749, 6666.761772543978, 6419.42448281577, 6689.9674895819335, 6689.308424637493, 6463.515751061949, 6945.856572672498, 7347.414642156659, 7098.359437272884, 6401.658915053965, 7062.439063124884, 7118.759792412998, 7395.731102744851, 7558.479150407122, 7222.203146677583, 7580.575413888163, 7597.427636715852, 7411.584209151497, 7865.14582897945, 6763.687971675418, 7544.470106030422, 7526.668871942284, 7799.33675547224, 7438.229367236086, 7342.66964221977, 7637.809986998151, 7966.194228801282, 7819.273714884408, 7902.712226505205, 8180.55224881661, 8363.49479085459, 8547.781655512255, 7723.573567029311, 7826.204702804141, 8228.238953403814, 8177.025035974678, 8332.41942935072, 7502.276475206861, 9056.031724831846, 8952.501780196995, 8542.311820271338, 8886.168891568544, 8674.064082877614, 8943.450168460937, 9330.835038788344, 9186.544065626455, 8676.684689438687, 9104.99249026943, 8431.052631030821, 8814.782331199587, 8948.327839777321, 9399.27377878848, 8979.946870771142, 9618.478469673042, 9305.704879874324, 9422.064215004704, 9042.4626714864, 9982.566514677614, 8979.789061554862, 9609.220082729758, 9296.971032754962, 9942.995976692808, 9912.121640333036, 9941.370717255346, 9705.145558904522, 10245.70594616269, 10563.804846134637, 10409.731971182786, 10487.06056221521, 10086.639622613739, 9587.850718604177, 10361.06164867586, 10013.123491976334, 10492.471986120343, 10657.265343449537, 10362.713224895064, 11004.920479489669, 11077.560518760098, 10254.760259241504, 10877.901590184541]Visit Times in Epoch 201
[13.  5. 25.  5.  5.  9.  8. 12.  2. 15. 27.  1.  5. 11. 17. 13.  6.  6.
 23.  3. 91. 25.  7.  9.  2.  3.  5.  6.  8.  6. 15.  8. 15. 11.  5. 18.
 11. 11.  7. 17. 14.  4. 10.  7. 24.  7.  8. 46.  5.  6. 17.  8.  5.  7.
 15. 17.  4. 18. 12. 21.  5. 19. 16.  4. 18. 41. 24.  7. 15. 65. 12. 11.]
